# JRE version: OpenJDK Runtime Environment (8.0_112-b06) (build 1.8.0_112-release-b06)
# Java VM: OpenJDK 64-Bit Server VM (25.112-b06 mixed mode linux-amd64 compressed oops)
Heap:
 PSYoungGen      total 681984K, used 86350K [0x000000076ab00000, 0x00000007a2380000, 0x00000007c0000000)
  eden space 558080K, 0% used [0x000000076ab00000,0x000000076ab00000,0x000000078cc00000)
  from space 123904K, 69% used [0x000000078cc00000,0x0000000792053b90,0x0000000794500000)
  to   space 90112K, 0% used [0x0000000794500000,0x0000000794500000,0x0000000799d00000)
 ParOldGen       total 278016K, used 238223K [0x00000006c0000000, 0x00000006d0f80000, 0x000000076ab00000)
  object space 278016K, 85% used [0x00000006c0000000,0x00000006ce8a3f20,0x00000006d0f80000)
 Metaspace       used 6370K, capacity 7280K, committed 7552K, reserved 1056768K
  class space    used 582K, capacity 616K, committed 640K, reserved 1048576K
GC Heap History (10 events):
Event: 3.897 GC heap after
Heap after GC invocations=8 (full 0):
 PSYoungGen      total 528896K, used 50152K [0x000000076ab00000, 0x0000000791500000, 0x00000007c0000000)
  eden space 478720K, 0% used [0x000000076ab00000,0x000000076ab00000,0x0000000787e80000)
  from space 50176K, 99% used [0x000000078c100000,0x000000078f1fa0f8,0x000000078f200000)
  to   space 68096K, 0% used [0x0000000787e80000,0x0000000787e80000,0x000000078c100000)
 ParOldGen       total 84992K, used 73427K [0x00000006c0000000, 0x00000006c5300000, 0x000000076ab00000)
  object space 84992K, 86% used [0x00000006c0000000,0x00000006c47b4c30,0x00000006c5300000)
 Metaspace       used 6318K, capacity 7216K, committed 7296K, reserved 1056768K
  class space    used 581K, capacity 616K, committed 640K, reserved 1048576K
}
Event: 3.897 GC heap before
{Heap before GC invocations=9 (full 1):
 PSYoungGen      total 528896K, used 50152K [0x000000076ab00000, 0x0000000791500000, 0x00000007c0000000)
  eden space 478720K, 0% used [0x000000076ab00000,0x000000076ab00000,0x0000000787e80000)
  from space 50176K, 99% used [0x000000078c100000,0x000000078f1fa0f8,0x000000078f200000)
  to   space 68096K, 0% used [0x0000000787e80000,0x0000000787e80000,0x000000078c100000)
 ParOldGen       total 84992K, used 73427K [0x00000006c0000000, 0x00000006c5300000, 0x000000076ab00000)
  object space 84992K, 86% used [0x00000006c0000000,0x00000006c47b4c30,0x00000006c5300000)
 Metaspace       used 6318K, capacity 7216K, committed 7296K, reserved 1056768K
  class space    used 581K, capacity 616K, committed 640K, reserved 1048576K
Event: 4.507 GC heap after
Heap after GC invocations=9 (full 1):
 PSYoungGen      total 528896K, used 34414K [0x000000076ab00000, 0x0000000791500000, 0x00000007c0000000)
  eden space 478720K, 0% used [0x000000076ab00000,0x000000076ab00000,0x0000000787e80000)
  from space 50176K, 68% used [0x000000078c100000,0x000000078e29bbf0,0x000000078f200000)
  to   space 68096K, 0% used [0x0000000787e80000,0x0000000787e80000,0x000000078c100000)
 ParOldGen       total 164352K, used 84605K [0x00000006c0000000, 0x00000006ca080000, 0x000000076ab00000)
  object space 164352K, 51% used [0x00000006c0000000,0x00000006c529f578,0x00000006ca080000)
 Metaspace       used 6318K, capacity 7216K, committed 7296K, reserved 1056768K
  class space    used 581K, capacity 616K, committed 640K, reserved 1048576K
}
Event: 5.573 GC heap before
{Heap before GC invocations=10 (full 1):
 PSYoungGen      total 528896K, used 513134K [0x000000076ab00000, 0x0000000791500000, 0x00000007c0000000)
  eden space 478720K, 100% used [0x000000076ab00000,0x0000000787e80000,0x0000000787e80000)
  from space 50176K, 68% used [0x000000078c100000,0x000000078e29bbf0,0x000000078f200000)
  to   space 68096K, 0% used [0x0000000787e80000,0x0000000787e80000,0x000000078c100000)
 ParOldGen       total 164352K, used 84605K [0x00000006c0000000, 0x00000006ca080000, 0x000000076ab00000)
  object space 164352K, 51% used [0x00000006c0000000,0x00000006c529f578,0x00000006ca080000)
 Metaspace       used 6343K, capacity 7280K, committed 7552K, reserved 1056768K
  class space    used 581K, capacity 616K, committed 640K, reserved 1048576K
Event: 5.741 GC heap after
Heap after GC invocations=10 (full 1):
 PSYoungGen      total 546816K, used 68078K [0x000000076ab00000, 0x0000000799d00000, 0x00000007c0000000)
  eden space 478720K, 0% used [0x000000076ab00000,0x000000076ab00000,0x0000000787e80000)
  from space 68096K, 99% used [0x0000000787e80000,0x000000078c0fbb48,0x000000078c100000)
  to   space 90112K, 0% used [0x0000000794500000,0x0000000794500000,0x0000000799d00000)
 ParOldGen       total 164352K, used 108158K [0x00000006c0000000, 0x00000006ca080000, 0x000000076ab00000)
  object space 164352K, 65% used [0x00000006c0000000,0x00000006c699fb68,0x00000006ca080000)
 Metaspace       used 6343K, capacity 7280K, committed 7552K, reserved 1056768K
  class space    used 581K, capacity 616K, committed 640K, reserved 1048576K
}
Event: 7.026 GC heap before
{Heap before GC invocations=11 (full 1):
 PSYoungGen      total 546816K, used 546798K [0x000000076ab00000, 0x0000000799d00000, 0x00000007c0000000)
  eden space 478720K, 100% used [0x000000076ab00000,0x0000000787e80000,0x0000000787e80000)
  from space 68096K, 99% used [0x0000000787e80000,0x000000078c0fbb48,0x000000078c100000)
  to   space 90112K, 0% used [0x0000000794500000,0x0000000794500000,0x0000000799d00000)
 ParOldGen       total 164352K, used 108158K [0x00000006c0000000, 0x00000006ca080000, 0x000000076ab00000)
  object space 164352K, 65% used [0x00000006c0000000,0x00000006c699fb68,0x00000006ca080000)
 Metaspace       used 6360K, capacity 7280K, committed 7552K, reserved 1056768K
  class space    used 581K, capacity 616K, committed 640K, reserved 1048576K
Event: 9.812 GC heap after
Heap after GC invocations=11 (full 1):
 PSYoungGen      total 648192K, used 90106K [0x000000076ab00000, 0x00000007a2380000, 0x00000007c0000000)
  eden space 558080K, 0% used [0x000000076ab00000,0x000000076ab00000,0x000000078cc00000)
  from space 90112K, 99% used [0x0000000794500000,0x0000000799cfeb20,0x0000000799d00000)
  to   space 123904K, 0% used [0x000000078cc00000,0x000000078cc00000,0x0000000794500000)
 ParOldGen       total 164352K, used 156287K [0x00000006c0000000, 0x00000006ca080000, 0x000000076ab00000)
  object space 164352K, 95% used [0x00000006c0000000,0x00000006c989fce8,0x00000006ca080000)
 Metaspace       used 6360K, capacity 7280K, committed 7552K, reserved 1056768K
  class space    used 581K, capacity 616K, committed 640K, reserved 1048576K
}
Event: 9.812 GC heap before
{Heap before GC invocations=12 (full 2):
 PSYoungGen      total 648192K, used 90106K [0x000000076ab00000, 0x00000007a2380000, 0x00000007c0000000)
  eden space 558080K, 0% used [0x000000076ab00000,0x000000076ab00000,0x000000078cc00000)
  from space 90112K, 99% used [0x0000000794500000,0x0000000799cfeb20,0x0000000799d00000)
  to   space 123904K, 0% used [0x000000078cc00000,0x000000078cc00000,0x0000000794500000)
 ParOldGen       total 164352K, used 156287K [0x00000006c0000000, 0x00000006ca080000, 0x000000076ab00000)
  object space 164352K, 95% used [0x00000006c0000000,0x00000006c989fce8,0x00000006ca080000)
 Metaspace       used 6360K, capacity 7280K, committed 7552K, reserved 1056768K
  class space    used 581K, capacity 616K, committed 640K, reserved 1048576K
Event: 10.668 GC heap after
Heap after GC invocations=12 (full 2):
 PSYoungGen      total 648192K, used 74937K [0x000000076ab00000, 0x00000007a2380000, 0x00000007c0000000)
  eden space 558080K, 0% used [0x000000076ab00000,0x000000076ab00000,0x000000078cc00000)
  from space 90112K, 83% used [0x0000000794500000,0x0000000798e2e660,0x0000000799d00000)
  to   space 123904K, 0% used [0x000000078cc00000,0x000000078cc00000,0x0000000794500000)
 ParOldGen       total 278016K, used 163974K [0x00000006c0000000, 0x00000006d0f80000, 0x000000076ab00000)
  object space 278016K, 58% used [0x00000006c0000000,0x00000006ca021bd0,0x00000006d0f80000)
 Metaspace       used 6360K, capacity 7280K, committed 7552K, reserved 1056768K
  class space    used 581K, capacity 616K, committed 640K, reserved 1048576K
}
Event: 12.135 GC heap before
{Heap before GC invocations=13 (full 2):
 PSYoungGen      total 648192K, used 633017K [0x000000076ab00000, 0x00000007a2380000, 0x00000007c0000000)
  eden space 558080K, 100% used [0x000000076ab00000,0x000000078cc00000,0x000000078cc00000)
  from space 90112K, 83% used [0x0000000794500000,0x0000000798e2e660,0x0000000799d00000)
  to   space 123904K, 0% used [0x000000078cc00000,0x000000078cc00000,0x0000000794500000)
 ParOldGen       total 278016K, used 163974K [0x00000006c0000000, 0x00000006d0f80000, 0x000000076ab00000)
  object space 278016K, 58% used [0x00000006c0000000,0x00000006ca021bd0,0x00000006d0f80000)
 Metaspace       used 6370K, capacity 7280K, committed 7552K, reserved 1056768K
  class space    used 582K, capacity 616K, committed 640K, reserved 1048576K

