# JRE version: OpenJDK Runtime Environment (8.0_112-b06) (build 1.8.0_112-release-b06)
# Java VM: OpenJDK 64-Bit Server VM (25.112-b06 mixed mode linux-amd64 compressed oops)
Heap:
 PSYoungGen      total 986112K, used 139583K [0x000000076ab00000, 0x00000007b6d80000, 0x00000007c0000000)
  eden space 790016K, 0% used [0x000000076ab00000,0x000000076ab00000,0x000000079ae80000)
  from space 196096K, 71% used [0x00000007a7f80000,0x00000007b07cfe60,0x00000007b3f00000)
  to   space 214016K, 0% used [0x000000079ae80000,0x000000079ae80000,0x00000007a7f80000)
 ParOldGen       total 454144K, used 453996K [0x00000006c0000000, 0x00000006dbb80000, 0x000000076ab00000)
  object space 454144K, 99% used [0x00000006c0000000,0x00000006dbb5b070,0x00000006dbb80000)
 Metaspace       used 6405K, capacity 7280K, committed 7552K, reserved 1056768K
  class space    used 582K, capacity 616K, committed 640K, reserved 1048576K
GC Heap History (10 events):
Event: 10.052 GC heap after
Heap after GC invocations=13 (full 2):
 PSYoungGen      total 694272K, used 87992K [0x000000076ab00000, 0x00000007a5580000, 0x00000007c0000000)
  eden space 576000K, 0% used [0x000000076ab00000,0x000000076ab00000,0x000000078dd80000)
  from space 118272K, 74% used [0x000000078dd80000,0x000000079336e360,0x0000000795100000)
  to   space 128000K, 0% used [0x000000079d880000,0x000000079d880000,0x00000007a5580000)
 ParOldGen       total 282624K, used 230635K [0x00000006c0000000, 0x00000006d1400000, 0x000000076ab00000)
  object space 282624K, 81% used [0x00000006c0000000,0x00000006ce13ad58,0x00000006d1400000)
 Metaspace       used 6395K, capacity 7280K, committed 7552K, reserved 1056768K
  class space    used 581K, capacity 616K, committed 640K, reserved 1048576K
}
Event: 10.052 GC heap before
{Heap before GC invocations=14 (full 3):
 PSYoungGen      total 694272K, used 87992K [0x000000076ab00000, 0x00000007a5580000, 0x00000007c0000000)
  eden space 576000K, 0% used [0x000000076ab00000,0x000000076ab00000,0x000000078dd80000)
  from space 118272K, 74% used [0x000000078dd80000,0x000000079336e360,0x0000000795100000)
  to   space 128000K, 0% used [0x000000079d880000,0x000000079d880000,0x00000007a5580000)
 ParOldGen       total 282624K, used 230635K [0x00000006c0000000, 0x00000006d1400000, 0x000000076ab00000)
  object space 282624K, 81% used [0x00000006c0000000,0x00000006ce13ad58,0x00000006d1400000)
 Metaspace       used 6395K, capacity 7280K, committed 7552K, reserved 1056768K
  class space    used 581K, capacity 616K, committed 640K, reserved 1048576K
Event: 11.145 GC heap after
Heap after GC invocations=14 (full 3):
 PSYoungGen      total 694272K, used 33974K [0x000000076ab00000, 0x00000007a5580000, 0x00000007c0000000)
  eden space 576000K, 0% used [0x000000076ab00000,0x000000076ab00000,0x000000078dd80000)
  from space 118272K, 28% used [0x000000078dd80000,0x000000078feadbe0,0x0000000795100000)
  to   space 128000K, 0% used [0x000000079d880000,0x000000079d880000,0x00000007a5580000)
 ParOldGen       total 454144K, used 281635K [0x00000006c0000000, 0x00000006dbb80000, 0x000000076ab00000)
  object space 454144K, 62% used [0x00000006c0000000,0x00000006d1308fd8,0x00000006dbb80000)
 Metaspace       used 6395K, capacity 7280K, committed 7552K, reserved 1056768K
  class space    used 581K, capacity 616K, committed 640K, reserved 1048576K
}
Event: 12.556 GC heap before
{Heap before GC invocations=15 (full 3):
 PSYoungGen      total 694272K, used 609974K [0x000000076ab00000, 0x00000007a5580000, 0x00000007c0000000)
  eden space 576000K, 100% used [0x000000076ab00000,0x000000078dd80000,0x000000078dd80000)
  from space 118272K, 28% used [0x000000078dd80000,0x000000078feadbe0,0x0000000795100000)
  to   space 128000K, 0% used [0x000000079d880000,0x000000079d880000,0x00000007a5580000)
 ParOldGen       total 454144K, used 281635K [0x00000006c0000000, 0x00000006dbb80000, 0x000000076ab00000)
  object space 454144K, 62% used [0x00000006c0000000,0x00000006d1308fd8,0x00000006dbb80000)
 Metaspace       used 6399K, capacity 7280K, committed 7552K, reserved 1056768K
  class space    used 581K, capacity 616K, committed 640K, reserved 1048576K
Event: 12.802 GC heap after
Heap after GC invocations=15 (full 3):
 PSYoungGen      total 806400K, used 121349K [0x000000076ab00000, 0x00000007a6280000, 0x00000007c0000000)
  eden space 678400K, 0% used [0x000000076ab00000,0x000000076ab00000,0x0000000794180000)
  from space 128000K, 94% used [0x000000079d880000,0x00000007a4f015e8,0x00000007a5580000)
  to   space 147968K, 0% used [0x0000000794180000,0x0000000794180000,0x000000079d200000)
 ParOldGen       total 454144K, used 281635K [0x00000006c0000000, 0x00000006dbb80000, 0x000000076ab00000)
  object space 454144K, 62% used [0x00000006c0000000,0x00000006d1308fd8,0x00000006dbb80000)
 Metaspace       used 6399K, capacity 7280K, committed 7552K, reserved 1056768K
  class space    used 581K, capacity 616K, committed 640K, reserved 1048576K
}
Event: 14.190 GC heap before
{Heap before GC invocations=16 (full 3):
 PSYoungGen      total 806400K, used 799749K [0x000000076ab00000, 0x00000007a6280000, 0x00000007c0000000)
  eden space 678400K, 100% used [0x000000076ab00000,0x0000000794180000,0x0000000794180000)
  from space 128000K, 94% used [0x000000079d880000,0x00000007a4f015e8,0x00000007a5580000)
  to   space 147968K, 0% used [0x0000000794180000,0x0000000794180000,0x000000079d200000)
 ParOldGen       total 454144K, used 281635K [0x00000006c0000000, 0x00000006dbb80000, 0x000000076ab00000)
  object space 454144K, 62% used [0x00000006c0000000,0x00000006d1308fd8,0x00000006dbb80000)
 Metaspace       used 6405K, capacity 7280K, committed 7552K, reserved 1056768K
  class space    used 582K, capacity 616K, committed 640K, reserved 1048576K
Event: 14.433 GC heap after
Heap after GC invocations=16 (full 3):
 PSYoungGen      total 826368K, used 147941K [0x000000076ab00000, 0x00000007b3f00000, 0x00000007c0000000)
  eden space 678400K, 0% used [0x000000076ab00000,0x000000076ab00000,0x0000000794180000)
  from space 147968K, 99% used [0x0000000794180000,0x000000079d1f9670,0x000000079d200000)
  to   space 196096K, 0% used [0x00000007a7f80000,0x00000007a7f80000,0x00000007b3f00000)
 ParOldGen       total 454144K, used 342823K [0x00000006c0000000, 0x00000006dbb80000, 0x000000076ab00000)
  object space 454144K, 75% used [0x00000006c0000000,0x00000006d4ec9c58,0x00000006dbb80000)
 Metaspace       used 6405K, capacity 7280K, committed 7552K, reserved 1056768K
  class space    used 582K, capacity 616K, committed 640K, reserved 1048576K
}
Event: 15.849 GC heap before
{Heap before GC invocations=17 (full 3):
 PSYoungGen      total 826368K, used 826341K [0x000000076ab00000, 0x00000007b3f00000, 0x00000007c0000000)
  eden space 678400K, 100% used [0x000000076ab00000,0x0000000794180000,0x0000000794180000)
  from space 147968K, 99% used [0x0000000794180000,0x000000079d1f9670,0x000000079d200000)
  to   space 196096K, 0% used [0x00000007a7f80000,0x00000007a7f80000,0x00000007b3f00000)
 ParOldGen       total 454144K, used 342823K [0x00000006c0000000, 0x00000006dbb80000, 0x000000076ab00000)
  object space 454144K, 75% used [0x00000006c0000000,0x00000006d4ec9c58,0x00000006dbb80000)
 Metaspace       used 6405K, capacity 7280K, committed 7552K, reserved 1056768K
  class space    used 582K, capacity 616K, committed 640K, reserved 1048576K
Event: 16.159 GC heap after
Heap after GC invocations=17 (full 3):
 PSYoungGen      total 986112K, used 151581K [0x000000076ab00000, 0x00000007b6d80000, 0x00000007c0000000)
  eden space 790016K, 0% used [0x000000076ab00000,0x000000076ab00000,0x000000079ae80000)
  from space 196096K, 77% used [0x00000007a7f80000,0x00000007b13876f0,0x00000007b3f00000)
  to   space 214016K, 0% used [0x000000079ae80000,0x000000079ae80000,0x00000007a7f80000)
 ParOldGen       total 454144K, used 449034K [0x00000006c0000000, 0x00000006dbb80000, 0x000000076ab00000)
  object space 454144K, 98% used [0x00000006c0000000,0x00000006db682b48,0x00000006dbb80000)
 Metaspace       used 6405K, capacity 7280K, committed 7552K, reserved 1056768K
  class space    used 582K, capacity 616K, committed 640K, reserved 1048576K
}
Event: 16.159 GC heap before
{Heap before GC invocations=18 (full 4):
 PSYoungGen      total 986112K, used 151581K [0x000000076ab00000, 0x00000007b6d80000, 0x00000007c0000000)
  eden space 790016K, 0% used [0x000000076ab00000,0x000000076ab00000,0x000000079ae80000)
  from space 196096K, 77% used [0x00000007a7f80000,0x00000007b13876f0,0x00000007b3f00000)
  to   space 214016K, 0% used [0x000000079ae80000,0x000000079ae80000,0x00000007a7f80000)
 ParOldGen       total 454144K, used 449034K [0x00000006c0000000, 0x00000006dbb80000, 0x000000076ab00000)
  object space 454144K, 98% used [0x00000006c0000000,0x00000006db682b48,0x00000006dbb80000)
 Metaspace       used 6405K, capacity 7280K, committed 7552K, reserved 1056768K
  class space    used 582K, capacity 616K, committed 640K, reserved 1048576K

