# JRE version: OpenJDK Runtime Environment (8.0_112-b06) (build 1.8.0_112-release-b06)
# Java VM: OpenJDK 64-Bit Server VM (25.112-b06 mixed mode linux-amd64 compressed oops)
Heap:
 PSYoungGen      total 694784K, used 33824K [0x000000076ab00000, 0x00000007a5600000, 0x00000007c0000000)
  eden space 572928K, 0% used [0x000000076ab00000,0x000000076ab00000,0x000000078da80000)
  from space 121856K, 27% used [0x000000078da80000,0x000000078fb88130,0x0000000795180000)
  to   space 131072K, 0% used [0x000000079d600000,0x000000079d600000,0x00000007a5600000)
 ParOldGen       total 286720K, used 286241K [0x00000006c0000000, 0x00000006d1800000, 0x000000076ab00000)
  object space 286720K, 99% used [0x00000006c0000000,0x00000006d17886e0,0x00000006d1800000)
 Metaspace       used 6370K, capacity 7280K, committed 7552K, reserved 1056768K
  class space    used 582K, capacity 616K, committed 640K, reserved 1048576K
GC Heap History (10 events):
Event: 4.758 GC heap after
Heap after GC invocations=9 (full 1):
 PSYoungGen      total 529920K, used 32101K [0x000000076ab00000, 0x0000000791300000, 0x00000007c0000000)
  eden space 479744K, 0% used [0x000000076ab00000,0x000000076ab00000,0x0000000787f80000)
  from space 50176K, 63% used [0x000000078c100000,0x000000078e059698,0x000000078f200000)
  to   space 67072K, 0% used [0x0000000787f80000,0x0000000787f80000,0x000000078c100000)
 ParOldGen       total 162304K, used 84519K [0x00000006c0000000, 0x00000006c9e80000, 0x000000076ab00000)
  object space 162304K, 52% used [0x00000006c0000000,0x00000006c5289cb8,0x00000006c9e80000)
 Metaspace       used 6317K, capacity 7280K, committed 7552K, reserved 1056768K
  class space    used 581K, capacity 616K, committed 640K, reserved 1048576K
}
Event: 5.900 GC heap before
{Heap before GC invocations=10 (full 1):
 PSYoungGen      total 529920K, used 511845K [0x000000076ab00000, 0x0000000791300000, 0x00000007c0000000)
  eden space 479744K, 100% used [0x000000076ab00000,0x0000000787f80000,0x0000000787f80000)
  from space 50176K, 63% used [0x000000078c100000,0x000000078e059698,0x000000078f200000)
  to   space 67072K, 0% used [0x0000000787f80000,0x0000000787f80000,0x000000078c100000)
 ParOldGen       total 162304K, used 84519K [0x00000006c0000000, 0x00000006c9e80000, 0x000000076ab00000)
  object space 162304K, 52% used [0x00000006c0000000,0x00000006c5289cb8,0x00000006c9e80000)
 Metaspace       used 6340K, capacity 7280K, committed 7552K, reserved 1056768K
  class space    used 581K, capacity 616K, committed 640K, reserved 1048576K
Event: 6.094 GC heap after
Heap after GC invocations=10 (full 1):
 PSYoungGen      total 546816K, used 67043K [0x000000076ab00000, 0x000000079a880000, 0x00000007c0000000)
  eden space 479744K, 0% used [0x000000076ab00000,0x000000076ab00000,0x0000000787f80000)
  from space 67072K, 99% used [0x0000000787f80000,0x000000078c0f8e08,0x000000078c100000)
  to   space 89088K, 0% used [0x0000000795180000,0x0000000795180000,0x000000079a880000)
 ParOldGen       total 162304K, used 107681K [0x00000006c0000000, 0x00000006c9e80000, 0x000000076ab00000)
  object space 162304K, 66% used [0x00000006c0000000,0x00000006c69285c8,0x00000006c9e80000)
 Metaspace       used 6340K, capacity 7280K, committed 7552K, reserved 1056768K
  class space    used 581K, capacity 616K, committed 640K, reserved 1048576K
}
Event: 7.345 GC heap before
{Heap before GC invocations=11 (full 1):
 PSYoungGen      total 546816K, used 546787K [0x000000076ab00000, 0x000000079a880000, 0x00000007c0000000)
  eden space 479744K, 100% used [0x000000076ab00000,0x0000000787f80000,0x0000000787f80000)
  from space 67072K, 99% used [0x0000000787f80000,0x000000078c0f8e08,0x000000078c100000)
  to   space 89088K, 0% used [0x0000000795180000,0x0000000795180000,0x000000079a880000)
 ParOldGen       total 162304K, used 107681K [0x00000006c0000000, 0x00000006c9e80000, 0x000000076ab00000)
  object space 162304K, 66% used [0x00000006c0000000,0x00000006c69285c8,0x00000006c9e80000)
 Metaspace       used 6361K, capacity 7280K, committed 7552K, reserved 1056768K
  class space    used 581K, capacity 616K, committed 640K, reserved 1048576K
Event: 7.547 GC heap after
Heap after GC invocations=11 (full 1):
 PSYoungGen      total 662016K, used 89085K [0x000000076ab00000, 0x000000079f000000, 0x00000007c0000000)
  eden space 572928K, 0% used [0x000000076ab00000,0x000000076ab00000,0x000000078da80000)
  from space 89088K, 99% used [0x0000000795180000,0x000000079a87f6e0,0x000000079a880000)
  to   space 121856K, 0% used [0x000000078da80000,0x000000078da80000,0x0000000795180000)
 ParOldGen       total 162304K, used 154495K [0x00000006c0000000, 0x00000006c9e80000, 0x000000076ab00000)
  object space 162304K, 95% used [0x00000006c0000000,0x00000006c96dffa8,0x00000006c9e80000)
 Metaspace       used 6361K, capacity 7280K, committed 7552K, reserved 1056768K
  class space    used 581K, capacity 616K, committed 640K, reserved 1048576K
}
Event: 7.547 GC heap before
{Heap before GC invocations=12 (full 2):
 PSYoungGen      total 662016K, used 89085K [0x000000076ab00000, 0x000000079f000000, 0x00000007c0000000)
  eden space 572928K, 0% used [0x000000076ab00000,0x000000076ab00000,0x000000078da80000)
  from space 89088K, 99% used [0x0000000795180000,0x000000079a87f6e0,0x000000079a880000)
  to   space 121856K, 0% used [0x000000078da80000,0x000000078da80000,0x0000000795180000)
 ParOldGen       total 162304K, used 154495K [0x00000006c0000000, 0x00000006c9e80000, 0x000000076ab00000)
  object space 162304K, 95% used [0x00000006c0000000,0x00000006c96dffa8,0x00000006c9e80000)
 Metaspace       used 6361K, capacity 7280K, committed 7552K, reserved 1056768K
  class space    used 581K, capacity 616K, committed 640K, reserved 1048576K
Event: 8.390 GC heap after
Heap after GC invocations=12 (full 2):
 PSYoungGen      total 662016K, used 73987K [0x000000076ab00000, 0x000000079f000000, 0x00000007c0000000)
  eden space 572928K, 0% used [0x000000076ab00000,0x000000076ab00000,0x000000078da80000)
  from space 89088K, 83% used [0x0000000795180000,0x00000007999c0fd0,0x000000079a880000)
  to   space 121856K, 0% used [0x000000078da80000,0x000000078da80000,0x0000000795180000)
 ParOldGen       total 286720K, used 162071K [0x00000006c0000000, 0x00000006d1800000, 0x000000076ab00000)
  object space 286720K, 56% used [0x00000006c0000000,0x00000006c9e45d50,0x00000006d1800000)
 Metaspace       used 6361K, capacity 7280K, committed 7552K, reserved 1056768K
  class space    used 581K, capacity 616K, committed 640K, reserved 1048576K
}
Event: 9.927 GC heap before
{Heap before GC invocations=13 (full 2):
 PSYoungGen      total 662016K, used 646915K [0x000000076ab00000, 0x000000079f000000, 0x00000007c0000000)
  eden space 572928K, 100% used [0x000000076ab00000,0x000000078da80000,0x000000078da80000)
  from space 89088K, 83% used [0x0000000795180000,0x00000007999c0fd0,0x000000079a880000)
  to   space 121856K, 0% used [0x000000078da80000,0x000000078da80000,0x0000000795180000)
 ParOldGen       total 286720K, used 162071K [0x00000006c0000000, 0x00000006d1800000, 0x000000076ab00000)
  object space 286720K, 56% used [0x00000006c0000000,0x00000006c9e45d50,0x00000006d1800000)
 Metaspace       used 6370K, capacity 7280K, committed 7552K, reserved 1056768K
  class space    used 582K, capacity 616K, committed 640K, reserved 1048576K
Event: 10.173 GC heap after
Heap after GC invocations=13 (full 2):
 PSYoungGen      total 694784K, used 88470K [0x000000076ab00000, 0x00000007a5600000, 0x00000007c0000000)
  eden space 572928K, 0% used [0x000000076ab00000,0x000000076ab00000,0x000000078da80000)
  from space 121856K, 72% used [0x000000078da80000,0x00000007930e5bb0,0x0000000795180000)
  to   space 131072K, 0% used [0x000000079d600000,0x000000079d600000,0x00000007a5600000)
 ParOldGen       total 286720K, used 235594K [0x00000006c0000000, 0x00000006d1800000, 0x000000076ab00000)
  object space 286720K, 82% used [0x00000006c0000000,0x00000006ce6129a8,0x00000006d1800000)
 Metaspace       used 6370K, capacity 7280K, committed 7552K, reserved 1056768K
  class space    used 582K, capacity 616K, committed 640K, reserved 1048576K
}
Event: 10.173 GC heap before
{Heap before GC invocations=14 (full 3):
 PSYoungGen      total 694784K, used 88470K [0x000000076ab00000, 0x00000007a5600000, 0x00000007c0000000)
  eden space 572928K, 0% used [0x000000076ab00000,0x000000076ab00000,0x000000078da80000)
  from space 121856K, 72% used [0x000000078da80000,0x00000007930e5bb0,0x0000000795180000)
  to   space 131072K, 0% used [0x000000079d600000,0x000000079d600000,0x00000007a5600000)
 ParOldGen       total 286720K, used 235594K [0x00000006c0000000, 0x00000006d1800000, 0x000000076ab00000)
  object space 286720K, 82% used [0x00000006c0000000,0x00000006ce6129a8,0x00000006d1800000)
 Metaspace       used 6370K, capacity 7280K, committed 7552K, reserved 1056768K
  class space    used 582K, capacity 616K, committed 640K, reserved 1048576K

