# JRE version: OpenJDK Runtime Environment (8.0_112-b06) (build 1.8.0_112-release-b06)
# Java VM: OpenJDK 64-Bit Server VM (25.112-b06 mixed mode linux-amd64 compressed oops)
Heap:
 PSYoungGen      total 546816K, used 67045K [0x000000076ab00000, 0x0000000791300000, 0x00000007c0000000)
  eden space 479744K, 0% used [0x000000076ab00000,0x000000076ab00000,0x0000000787f80000)
  from space 67072K, 99% used [0x0000000787f80000,0x000000078c0f9560,0x000000078c100000)
  to   space 50176K, 0% used [0x000000078c100000,0x000000078c100000,0x000000078f200000)
 ParOldGen       total 163328K, used 109992K [0x00000006c0000000, 0x00000006c9f80000, 0x000000076ab00000)
  object space 163328K, 67% used [0x00000006c0000000,0x00000006c6b6a2c0,0x00000006c9f80000)
 Metaspace       used 6329K, capacity 7280K, committed 7552K, reserved 1056768K
  class space    used 581K, capacity 616K, committed 640K, reserved 1048576K
GC Heap History (10 events):
Event: 3.274 GC heap after
Heap after GC invocations=5 (full 0):
 PSYoungGen      total 132096K, used 5089K [0x000000076ab00000, 0x000000077d300000, 0x00000007c0000000)
  eden space 126976K, 0% used [0x000000076ab00000,0x000000076ab00000,0x0000000772700000)
  from space 5120K, 99% used [0x0000000772700000,0x0000000772bf8610,0x0000000772c00000)
  to   space 24576K, 0% used [0x000000077bb00000,0x000000077bb00000,0x000000077d300000)
 ParOldGen       total 84992K, used 28998K [0x00000006c0000000, 0x00000006c5300000, 0x000000076ab00000)
  object space 84992K, 34% used [0x00000006c0000000,0x00000006c1c51bf8,0x00000006c5300000)
 Metaspace       used 5978K, capacity 7024K, committed 7296K, reserved 1056768K
  class space    used 580K, capacity 616K, committed 640K, reserved 1048576K
}
Event: 3.756 GC heap before
{Heap before GC invocations=6 (full 0):
 PSYoungGen      total 132096K, used 132065K [0x000000076ab00000, 0x000000077d300000, 0x00000007c0000000)
  eden space 126976K, 100% used [0x000000076ab00000,0x0000000772700000,0x0000000772700000)
  from space 5120K, 99% used [0x0000000772700000,0x0000000772bf8610,0x0000000772c00000)
  to   space 24576K, 0% used [0x000000077bb00000,0x000000077bb00000,0x000000077d300000)
 ParOldGen       total 84992K, used 28998K [0x00000006c0000000, 0x00000006c5300000, 0x000000076ab00000)
  object space 84992K, 34% used [0x00000006c0000000,0x00000006c1c51bf8,0x00000006c5300000)
 Metaspace       used 6141K, capacity 7152K, committed 7296K, reserved 1056768K
  class space    used 580K, capacity 616K, committed 640K, reserved 1048576K
Event: 3.821 GC heap after
Heap after GC invocations=6 (full 0):
 PSYoungGen      total 272896K, used 24464K [0x000000076ab00000, 0x000000077de00000, 0x00000007c0000000)
  eden space 248320K, 0% used [0x000000076ab00000,0x000000076ab00000,0x0000000779d80000)
  from space 24576K, 99% used [0x000000077bb00000,0x000000077d2e43e8,0x000000077d300000)
  to   space 30208K, 0% used [0x0000000779d80000,0x0000000779d80000,0x000000077bb00000)
 ParOldGen       total 84992K, used 29006K [0x00000006c0000000, 0x00000006c5300000, 0x000000076ab00000)
  object space 84992K, 34% used [0x00000006c0000000,0x00000006c1c53bf8,0x00000006c5300000)
 Metaspace       used 6141K, capacity 7152K, committed 7296K, reserved 1056768K
  class space    used 580K, capacity 616K, committed 640K, reserved 1048576K
}
Event: 5.429 GC heap before
{Heap before GC invocations=7 (full 0):
 PSYoungGen      total 272896K, used 272784K [0x000000076ab00000, 0x000000077de00000, 0x00000007c0000000)
  eden space 248320K, 100% used [0x000000076ab00000,0x0000000779d80000,0x0000000779d80000)
  from space 24576K, 99% used [0x000000077bb00000,0x000000077d2e43e8,0x000000077d300000)
  to   space 30208K, 0% used [0x0000000779d80000,0x0000000779d80000,0x000000077bb00000)
 ParOldGen       total 84992K, used 29006K [0x00000006c0000000, 0x00000006c5300000, 0x000000076ab00000)
  object space 84992K, 34% used [0x00000006c0000000,0x00000006c1c53bf8,0x00000006c5300000)
 Metaspace       used 6253K, capacity 7216K, committed 7296K, reserved 1056768K
  class space    used 580K, capacity 616K, committed 640K, reserved 1048576K
Event: 5.517 GC heap after
Heap after GC invocations=7 (full 0):
 PSYoungGen      total 278528K, used 30204K [0x000000076ab00000, 0x000000078f200000, 0x00000007c0000000)
  eden space 248320K, 0% used [0x000000076ab00000,0x000000076ab00000,0x0000000779d80000)
  from space 30208K, 99% used [0x0000000779d80000,0x000000077baff180,0x000000077bb00000)
  to   space 50176K, 0% used [0x000000078c100000,0x000000078c100000,0x000000078f200000)
 ParOldGen       total 84992K, used 55655K [0x00000006c0000000, 0x00000006c5300000, 0x000000076ab00000)
  object space 84992K, 65% used [0x00000006c0000000,0x00000006c3659cb0,0x00000006c5300000)
 Metaspace       used 6253K, capacity 7216K, committed 7296K, reserved 1056768K
  class space    used 580K, capacity 616K, committed 640K, reserved 1048576K
}
Event: 6.301 GC heap before
{Heap before GC invocations=8 (full 0):
 PSYoungGen      total 278528K, used 278524K [0x000000076ab00000, 0x000000078f200000, 0x00000007c0000000)
  eden space 248320K, 100% used [0x000000076ab00000,0x0000000779d80000,0x0000000779d80000)
  from space 30208K, 99% used [0x0000000779d80000,0x000000077baff180,0x000000077bb00000)
  to   space 50176K, 0% used [0x000000078c100000,0x000000078c100000,0x000000078f200000)
 ParOldGen       total 84992K, used 55655K [0x00000006c0000000, 0x00000006c5300000, 0x000000076ab00000)
  object space 84992K, 65% used [0x00000006c0000000,0x00000006c3659cb0,0x00000006c5300000)
 Metaspace       used 6299K, capacity 7216K, committed 7296K, reserved 1056768K
  class space    used 580K, capacity 616K, committed 640K, reserved 1048576K
Event: 6.419 GC heap after
Heap after GC invocations=8 (full 0):
 PSYoungGen      total 529920K, used 50170K [0x000000076ab00000, 0x0000000791300000, 0x00000007c0000000)
  eden space 479744K, 0% used [0x000000076ab00000,0x000000076ab00000,0x0000000787f80000)
  from space 50176K, 99% used [0x000000078c100000,0x000000078f1fe958,0x000000078f200000)
  to   space 67072K, 0% used [0x0000000787f80000,0x0000000787f80000,0x000000078c100000)
 ParOldGen       total 84992K, used 71413K [0x00000006c0000000, 0x00000006c5300000, 0x000000076ab00000)
  object space 84992K, 84% used [0x00000006c0000000,0x00000006c45bd450,0x00000006c5300000)
 Metaspace       used 6299K, capacity 7216K, committed 7296K, reserved 1056768K
  class space    used 580K, capacity 616K, committed 640K, reserved 1048576K
}
Event: 6.419 GC heap before
{Heap before GC invocations=9 (full 1):
 PSYoungGen      total 529920K, used 50170K [0x000000076ab00000, 0x0000000791300000, 0x00000007c0000000)
  eden space 479744K, 0% used [0x000000076ab00000,0x000000076ab00000,0x0000000787f80000)
  from space 50176K, 99% used [0x000000078c100000,0x000000078f1fe958,0x000000078f200000)
  to   space 67072K, 0% used [0x0000000787f80000,0x0000000787f80000,0x000000078c100000)
 ParOldGen       total 84992K, used 71413K [0x00000006c0000000, 0x00000006c5300000, 0x000000076ab00000)
  object space 84992K, 84% used [0x00000006c0000000,0x00000006c45bd450,0x00000006c5300000)
 Metaspace       used 6299K, capacity 7216K, committed 7296K, reserved 1056768K
  class space    used 580K, capacity 616K, committed 640K, reserved 1048576K
Event: 7.489 GC heap after
Heap after GC invocations=9 (full 1):
 PSYoungGen      total 529920K, used 33180K [0x000000076ab00000, 0x0000000791300000, 0x00000007c0000000)
  eden space 479744K, 0% used [0x000000076ab00000,0x000000076ab00000,0x0000000787f80000)
  from space 50176K, 66% used [0x000000078c100000,0x000000078e167158,0x000000078f200000)
  to   space 67072K, 0% used [0x0000000787f80000,0x0000000787f80000,0x000000078c100000)
 ParOldGen       total 163328K, used 84948K [0x00000006c0000000, 0x00000006c9f80000, 0x000000076ab00000)
  object space 163328K, 52% used [0x00000006c0000000,0x00000006c52f5300,0x00000006c9f80000)
 Metaspace       used 6299K, capacity 7216K, committed 7296K, reserved 1056768K
  class space    used 580K, capacity 616K, committed 640K, reserved 1048576K
}
Event: 163.503 GC heap before
{Heap before GC invocations=10 (full 1):
 PSYoungGen      total 529920K, used 512924K [0x000000076ab00000, 0x0000000791300000, 0x00000007c0000000)
  eden space 479744K, 100% used [0x000000076ab00000,0x0000000787f80000,0x0000000787f80000)
  from space 50176K, 66% used [0x000000078c100000,0x000000078e167158,0x000000078f200000)
  to   space 67072K, 0% used [0x0000000787f80000,0x0000000787f80000,0x000000078c100000)
 ParOldGen       total 163328K, used 84948K [0x00000006c0000000, 0x00000006c9f80000, 0x000000076ab00000)
  object space 163328K, 52% used [0x00000006c0000000,0x00000006c52f5300,0x00000006c9f80000)
 Metaspace       used 6329K, capacity 7280K, committed 7552K, reserved 1056768K
  class space    used 581K, capacity 616K, committed 640K, reserved 1048576K

