# JRE version: OpenJDK Runtime Environment (8.0_112-b06) (build 1.8.0_112-release-b06)
# Java VM: OpenJDK 64-Bit Server VM (25.112-b06 mixed mode linux-amd64 compressed oops)
Heap:
 PSYoungGen      total 795136K, used 148479K [0x000000076ab00000, 0x00000007a4480000, 0x00000007c0000000)
  eden space 646656K, 0% used [0x000000076ab00000,0x000000076ab00000,0x0000000792280000)
  from space 148480K, 99% used [0x0000000792280000,0x000000079b37ff50,0x000000079b380000)
  to   space 124928K, 0% used [0x000000079ca80000,0x000000079ca80000,0x00000007a4480000)
 ParOldGen       total 476160K, used 343646K [0x00000006c0000000, 0x00000006dd100000, 0x000000076ab00000)
  object space 476160K, 72% used [0x00000006c0000000,0x00000006d4f97808,0x00000006dd100000)
 Metaspace       used 6392K, capacity 7280K, committed 7552K, reserved 1056768K
  class space    used 582K, capacity 616K, committed 640K, reserved 1048576K
GC Heap History (10 events):
Event: 9.776 GC heap after
Heap after GC invocations=11 (full 1):
 PSYoungGen      total 652288K, used 90105K [0x000000076ab00000, 0x000000079f600000, 0x00000007c0000000)
  eden space 562176K, 0% used [0x000000076ab00000,0x000000076ab00000,0x000000078d000000)
  from space 90112K, 99% used [0x0000000794900000,0x000000079a0fe618,0x000000079a100000)
  to   space 123904K, 0% used [0x000000078d000000,0x000000078d000000,0x0000000794900000)
 ParOldGen       total 162816K, used 159716K [0x00000006c0000000, 0x00000006c9f00000, 0x000000076ab00000)
  object space 162816K, 98% used [0x00000006c0000000,0x00000006c9bf93b0,0x00000006c9f00000)
 Metaspace       used 6369K, capacity 7280K, committed 7552K, reserved 1056768K
  class space    used 581K, capacity 616K, committed 640K, reserved 1048576K
}
Event: 9.776 GC heap before
{Heap before GC invocations=12 (full 2):
 PSYoungGen      total 652288K, used 90105K [0x000000076ab00000, 0x000000079f600000, 0x00000007c0000000)
  eden space 562176K, 0% used [0x000000076ab00000,0x000000076ab00000,0x000000078d000000)
  from space 90112K, 99% used [0x0000000794900000,0x000000079a0fe618,0x000000079a100000)
  to   space 123904K, 0% used [0x000000078d000000,0x000000078d000000,0x0000000794900000)
 ParOldGen       total 162816K, used 159716K [0x00000006c0000000, 0x00000006c9f00000, 0x000000076ab00000)
  object space 162816K, 98% used [0x00000006c0000000,0x00000006c9bf93b0,0x00000006c9f00000)
 Metaspace       used 6369K, capacity 7280K, committed 7552K, reserved 1056768K
  class space    used 581K, capacity 616K, committed 640K, reserved 1048576K
Event: 11.170 GC heap after
Heap after GC invocations=12 (full 2):
 PSYoungGen      total 652288K, used 79105K [0x000000076ab00000, 0x000000079f600000, 0x00000007c0000000)
  eden space 562176K, 0% used [0x000000076ab00000,0x000000076ab00000,0x000000078d000000)
  from space 90112K, 87% used [0x0000000794900000,0x0000000799640700,0x000000079a100000)
  to   space 123904K, 0% used [0x000000078d000000,0x000000078d000000,0x0000000794900000)
 ParOldGen       total 290816K, used 162759K [0x00000006c0000000, 0x00000006d1c00000, 0x000000076ab00000)
  object space 290816K, 55% used [0x00000006c0000000,0x00000006c9ef1fe8,0x00000006d1c00000)
 Metaspace       used 6369K, capacity 7280K, committed 7552K, reserved 1056768K
  class space    used 581K, capacity 616K, committed 640K, reserved 1048576K
}
Event: 13.580 GC heap before
{Heap before GC invocations=13 (full 2):
 PSYoungGen      total 652288K, used 641281K [0x000000076ab00000, 0x000000079f600000, 0x00000007c0000000)
  eden space 562176K, 100% used [0x000000076ab00000,0x000000078d000000,0x000000078d000000)
  from space 90112K, 87% used [0x0000000794900000,0x0000000799640700,0x000000079a100000)
  to   space 123904K, 0% used [0x000000078d000000,0x000000078d000000,0x0000000794900000)
 ParOldGen       total 290816K, used 162759K [0x00000006c0000000, 0x00000006d1c00000, 0x000000076ab00000)
  object space 290816K, 55% used [0x00000006c0000000,0x00000006c9ef1fe8,0x00000006d1c00000)
 Metaspace       used 6385K, capacity 7280K, committed 7552K, reserved 1056768K
  class space    used 582K, capacity 616K, committed 640K, reserved 1048576K
Event: 14.162 GC heap after
Heap after GC invocations=13 (full 2):
 PSYoungGen      total 686080K, used 86645K [0x000000076ab00000, 0x00000007a4b80000, 0x00000007c0000000)
  eden space 562176K, 0% used [0x000000076ab00000,0x000000076ab00000,0x000000078d000000)
  from space 123904K, 69% used [0x000000078d000000,0x000000079249d540,0x0000000794900000)
  to   space 132096K, 0% used [0x000000079ca80000,0x000000079ca80000,0x00000007a4b80000)
 ParOldGen       total 290816K, used 241319K [0x00000006c0000000, 0x00000006d1c00000, 0x000000076ab00000)
  object space 290816K, 82% used [0x00000006c0000000,0x00000006ceba9e00,0x00000006d1c00000)
 Metaspace       used 6385K, capacity 7280K, committed 7552K, reserved 1056768K
  class space    used 582K, capacity 616K, committed 640K, reserved 1048576K
}
Event: 14.162 GC heap before
{Heap before GC invocations=14 (full 3):
 PSYoungGen      total 686080K, used 86645K [0x000000076ab00000, 0x00000007a4b80000, 0x00000007c0000000)
  eden space 562176K, 0% used [0x000000076ab00000,0x000000076ab00000,0x000000078d000000)
  from space 123904K, 69% used [0x000000078d000000,0x000000079249d540,0x0000000794900000)
  to   space 132096K, 0% used [0x000000079ca80000,0x000000079ca80000,0x00000007a4b80000)
 ParOldGen       total 290816K, used 241319K [0x00000006c0000000, 0x00000006d1c00000, 0x000000076ab00000)
  object space 290816K, 82% used [0x00000006c0000000,0x00000006ceba9e00,0x00000006d1c00000)
 Metaspace       used 6385K, capacity 7280K, committed 7552K, reserved 1056768K
  class space    used 582K, capacity 616K, committed 640K, reserved 1048576K
Event: 17.533 GC heap after
Heap after GC invocations=14 (full 3):
 PSYoungGen      total 686080K, used 32474K [0x000000076ab00000, 0x00000007a4b80000, 0x00000007c0000000)
  eden space 562176K, 0% used [0x000000076ab00000,0x000000076ab00000,0x000000078d000000)
  from space 123904K, 26% used [0x000000078d000000,0x000000078efb6bf8,0x0000000794900000)
  to   space 132096K, 0% used [0x000000079ca80000,0x000000079ca80000,0x00000007a4b80000)
 ParOldGen       total 476160K, used 290695K [0x00000006c0000000, 0x00000006dd100000, 0x000000076ab00000)
  object space 476160K, 61% used [0x00000006c0000000,0x00000006d1be1df8,0x00000006dd100000)
 Metaspace       used 6385K, capacity 7280K, committed 7552K, reserved 1056768K
  class space    used 582K, capacity 616K, committed 640K, reserved 1048576K
}
Event: 20.682 GC heap before
{Heap before GC invocations=15 (full 3):
 PSYoungGen      total 686080K, used 594650K [0x000000076ab00000, 0x00000007a4b80000, 0x00000007c0000000)
  eden space 562176K, 100% used [0x000000076ab00000,0x000000078d000000,0x000000078d000000)
  from space 123904K, 26% used [0x000000078d000000,0x000000078efb6bf8,0x0000000794900000)
  to   space 132096K, 0% used [0x000000079ca80000,0x000000079ca80000,0x00000007a4b80000)
 ParOldGen       total 476160K, used 290695K [0x00000006c0000000, 0x00000006dd100000, 0x000000076ab00000)
  object space 476160K, 61% used [0x00000006c0000000,0x00000006d1be1df8,0x00000006dd100000)
 Metaspace       used 6388K, capacity 7280K, committed 7552K, reserved 1056768K
  class space    used 582K, capacity 616K, committed 640K, reserved 1048576K
Event: 21.123 GC heap after
Heap after GC invocations=15 (full 3):
 PSYoungGen      total 771584K, used 113025K [0x000000076ab00000, 0x00000007a4480000, 0x00000007c0000000)
  eden space 646656K, 0% used [0x000000076ab00000,0x000000076ab00000,0x0000000792280000)
  from space 124928K, 90% used [0x000000079ca80000,0x00000007a38e0528,0x00000007a4480000)
  to   space 148480K, 0% used [0x0000000792280000,0x0000000792280000,0x000000079b380000)
 ParOldGen       total 476160K, used 290695K [0x00000006c0000000, 0x00000006dd100000, 0x000000076ab00000)
  object space 476160K, 61% used [0x00000006c0000000,0x00000006d1be1df8,0x00000006dd100000)
 Metaspace       used 6388K, capacity 7280K, committed 7552K, reserved 1056768K
  class space    used 582K, capacity 616K, committed 640K, reserved 1048576K
}
Event: 24.554 GC heap before
{Heap before GC invocations=16 (full 3):
 PSYoungGen      total 771584K, used 759681K [0x000000076ab00000, 0x00000007a4480000, 0x00000007c0000000)
  eden space 646656K, 100% used [0x000000076ab00000,0x0000000792280000,0x0000000792280000)
  from space 124928K, 90% used [0x000000079ca80000,0x00000007a38e0528,0x00000007a4480000)
  to   space 148480K, 0% used [0x0000000792280000,0x0000000792280000,0x000000079b380000)
 ParOldGen       total 476160K, used 290695K [0x00000006c0000000, 0x00000006dd100000, 0x000000076ab00000)
  object space 476160K, 61% used [0x00000006c0000000,0x00000006d1be1df8,0x00000006dd100000)
 Metaspace       used 6392K, capacity 7280K, committed 7552K, reserved 1056768K
  class space    used 582K, capacity 616K, committed 640K, reserved 1048576K

