# JRE version: OpenJDK Runtime Environment (8.0_112-b06) (build 1.8.0_112-release-b06)
# Java VM: OpenJDK 64-Bit Server VM (25.112-b06 mixed mode linux-amd64 compressed oops)
Heap:
 PSYoungGen      total 852480K, used 80075K [0x000000076ab00000, 0x00000007aef00000, 0x00000007c0000000)
  eden space 686080K, 0% used [0x000000076ab00000,0x000000076ab00000,0x0000000794900000)
  from space 166400K, 48% used [0x00000007a0980000,0x00000007a57b2d10,0x00000007aac00000)
  to   space 197120K, 0% used [0x0000000794900000,0x0000000794900000,0x00000007a0980000)
 ParOldGen       total 483328K, used 483072K [0x00000006c0000000, 0x00000006dd800000, 0x000000076ab00000)
  object space 483328K, 99% used [0x00000006c0000000,0x00000006dd7c0308,0x00000006dd800000)
 Metaspace       used 6383K, capacity 7280K, committed 7552K, reserved 1056768K
  class space    used 582K, capacity 616K, committed 640K, reserved 1048576K
GC Heap History (10 events):
Event: 9.428 GC heap after
Heap after GC invocations=13 (full 2):
 PSYoungGen      total 666112K, used 84149K [0x000000076ab00000, 0x00000007a1980000, 0x00000007c0000000)
  eden space 544256K, 0% used [0x000000076ab00000,0x000000076ab00000,0x000000078be80000)
  from space 121856K, 69% used [0x000000078be80000,0x00000007910ad510,0x0000000793580000)
  to   space 129536K, 0% used [0x0000000799b00000,0x0000000799b00000,0x00000007a1980000)
 ParOldGen       total 295424K, used 233081K [0x00000006c0000000, 0x00000006d2080000, 0x000000076ab00000)
  object space 295424K, 78% used [0x00000006c0000000,0x00000006ce39e408,0x00000006d2080000)
 Metaspace       used 6373K, capacity 7280K, committed 7552K, reserved 1056768K
  class space    used 582K, capacity 616K, committed 640K, reserved 1048576K
}
Event: 10.760 GC heap before
{Heap before GC invocations=14 (full 2):
 PSYoungGen      total 666112K, used 628405K [0x000000076ab00000, 0x00000007a1980000, 0x00000007c0000000)
  eden space 544256K, 100% used [0x000000076ab00000,0x000000078be80000,0x000000078be80000)
  from space 121856K, 69% used [0x000000078be80000,0x00000007910ad510,0x0000000793580000)
  to   space 129536K, 0% used [0x0000000799b00000,0x0000000799b00000,0x00000007a1980000)
 ParOldGen       total 295424K, used 233081K [0x00000006c0000000, 0x00000006d2080000, 0x000000076ab00000)
  object space 295424K, 78% used [0x00000006c0000000,0x00000006ce39e408,0x00000006d2080000)
 Metaspace       used 6376K, capacity 7280K, committed 7552K, reserved 1056768K
  class space    used 582K, capacity 616K, committed 640K, reserved 1048576K
Event: 10.989 GC heap after
Heap after GC invocations=14 (full 2):
 PSYoungGen      total 734208K, used 129508K [0x000000076ab00000, 0x00000007a6b80000, 0x00000007c0000000)
  eden space 604672K, 0% used [0x000000076ab00000,0x000000076ab00000,0x000000078f980000)
  from space 129536K, 99% used [0x0000000799b00000,0x00000007a1979338,0x00000007a1980000)
  to   space 165376K, 0% used [0x000000078f980000,0x000000078f980000,0x0000000799b00000)
 ParOldGen       total 295424K, used 268999K [0x00000006c0000000, 0x00000006d2080000, 0x000000076ab00000)
  object space 295424K, 91% used [0x00000006c0000000,0x00000006d06b1c48,0x00000006d2080000)
 Metaspace       used 6376K, capacity 7280K, committed 7552K, reserved 1056768K
  class space    used 582K, capacity 616K, committed 640K, reserved 1048576K
}
Event: 10.989 GC heap before
{Heap before GC invocations=15 (full 3):
 PSYoungGen      total 734208K, used 129508K [0x000000076ab00000, 0x00000007a6b80000, 0x00000007c0000000)
  eden space 604672K, 0% used [0x000000076ab00000,0x000000076ab00000,0x000000078f980000)
  from space 129536K, 99% used [0x0000000799b00000,0x00000007a1979338,0x00000007a1980000)
  to   space 165376K, 0% used [0x000000078f980000,0x000000078f980000,0x0000000799b00000)
 ParOldGen       total 295424K, used 268999K [0x00000006c0000000, 0x00000006d2080000, 0x000000076ab00000)
  object space 295424K, 91% used [0x00000006c0000000,0x00000006d06b1c48,0x00000006d2080000)
 Metaspace       used 6376K, capacity 7280K, committed 7552K, reserved 1056768K
  class space    used 582K, capacity 616K, committed 640K, reserved 1048576K
Event: 12.386 GC heap after
Heap after GC invocations=15 (full 3):
 PSYoungGen      total 734208K, used 99563K [0x000000076ab00000, 0x00000007a6b80000, 0x00000007c0000000)
  eden space 604672K, 0% used [0x000000076ab00000,0x000000076ab00000,0x000000078f980000)
  from space 129536K, 76% used [0x0000000799b00000,0x000000079fc3af88,0x00000007a1980000)
  to   space 165376K, 0% used [0x000000078f980000,0x000000078f980000,0x0000000799b00000)
 ParOldGen       total 483328K, used 295247K [0x00000006c0000000, 0x00000006dd800000, 0x000000076ab00000)
  object space 483328K, 61% used [0x00000006c0000000,0x00000006d2053e40,0x00000006dd800000)
 Metaspace       used 6376K, capacity 7280K, committed 7552K, reserved 1056768K
  class space    used 582K, capacity 616K, committed 640K, reserved 1048576K
}
Event: 13.765 GC heap before
{Heap before GC invocations=16 (full 3):
 PSYoungGen      total 734208K, used 704235K [0x000000076ab00000, 0x00000007a6b80000, 0x00000007c0000000)
  eden space 604672K, 100% used [0x000000076ab00000,0x000000078f980000,0x000000078f980000)
  from space 129536K, 76% used [0x0000000799b00000,0x000000079fc3af88,0x00000007a1980000)
  to   space 165376K, 0% used [0x000000078f980000,0x000000078f980000,0x0000000799b00000)
 ParOldGen       total 483328K, used 295247K [0x00000006c0000000, 0x00000006dd800000, 0x000000076ab00000)
  object space 483328K, 61% used [0x00000006c0000000,0x00000006d2053e40,0x00000006dd800000)
 Metaspace       used 6381K, capacity 7280K, committed 7552K, reserved 1056768K
  class space    used 582K, capacity 616K, committed 640K, reserved 1048576K
Event: 14.138 GC heap after
Heap after GC invocations=16 (full 3):
 PSYoungGen      total 770048K, used 89535K [0x000000076ab00000, 0x00000007aac00000, 0x00000007c0000000)
  eden space 604672K, 0% used [0x000000076ab00000,0x000000076ab00000,0x000000078f980000)
  from space 165376K, 54% used [0x000000078f980000,0x00000007950eff70,0x0000000799b00000)
  to   space 166400K, 0% used [0x00000007a0980000,0x00000007a0980000,0x00000007aac00000)
 ParOldGen       total 483328K, used 395616K [0x00000006c0000000, 0x00000006dd800000, 0x000000076ab00000)
  object space 483328K, 81% used [0x00000006c0000000,0x00000006d82581c8,0x00000006dd800000)
 Metaspace       used 6381K, capacity 7280K, committed 7552K, reserved 1056768K
  class space    used 582K, capacity 616K, committed 640K, reserved 1048576K
}
Event: 15.377 GC heap before
{Heap before GC invocations=17 (full 3):
 PSYoungGen      total 770048K, used 694207K [0x000000076ab00000, 0x00000007aac00000, 0x00000007c0000000)
  eden space 604672K, 100% used [0x000000076ab00000,0x000000078f980000,0x000000078f980000)
  from space 165376K, 54% used [0x000000078f980000,0x00000007950eff70,0x0000000799b00000)
  to   space 166400K, 0% used [0x00000007a0980000,0x00000007a0980000,0x00000007aac00000)
 ParOldGen       total 483328K, used 395616K [0x00000006c0000000, 0x00000006dd800000, 0x000000076ab00000)
  object space 483328K, 81% used [0x00000006c0000000,0x00000006d82581c8,0x00000006dd800000)
 Metaspace       used 6383K, capacity 7280K, committed 7552K, reserved 1056768K
  class space    used 582K, capacity 616K, committed 640K, reserved 1048576K
Event: 15.587 GC heap after
Heap after GC invocations=17 (full 3):
 PSYoungGen      total 852480K, used 166368K [0x000000076ab00000, 0x00000007aef00000, 0x00000007c0000000)
  eden space 686080K, 0% used [0x000000076ab00000,0x000000076ab00000,0x0000000794900000)
  from space 166400K, 99% used [0x00000007a0980000,0x00000007aabf80b8,0x00000007aac00000)
  to   space 197120K, 0% used [0x0000000794900000,0x0000000794900000,0x00000007a0980000)
 ParOldGen       total 483328K, used 402794K [0x00000006c0000000, 0x00000006dd800000, 0x000000076ab00000)
  object space 483328K, 83% used [0x00000006c0000000,0x00000006d895a840,0x00000006dd800000)
 Metaspace       used 6383K, capacity 7280K, committed 7552K, reserved 1056768K
  class space    used 582K, capacity 616K, committed 640K, reserved 1048576K
}
Event: 15.587 GC heap before
{Heap before GC invocations=18 (full 4):
 PSYoungGen      total 852480K, used 166368K [0x000000076ab00000, 0x00000007aef00000, 0x00000007c0000000)
  eden space 686080K, 0% used [0x000000076ab00000,0x000000076ab00000,0x0000000794900000)
  from space 166400K, 99% used [0x00000007a0980000,0x00000007aabf80b8,0x00000007aac00000)
  to   space 197120K, 0% used [0x0000000794900000,0x0000000794900000,0x00000007a0980000)
 ParOldGen       total 483328K, used 402794K [0x00000006c0000000, 0x00000006dd800000, 0x000000076ab00000)
  object space 483328K, 83% used [0x00000006c0000000,0x00000006d895a840,0x00000006dd800000)
 Metaspace       used 6383K, capacity 7280K, committed 7552K, reserved 1056768K
  class space    used 582K, capacity 616K, committed 640K, reserved 1048576K

