# JRE version: OpenJDK Runtime Environment (8.0_112-b06) (build 1.8.0_112-release-b06)
# Java VM: OpenJDK 64-Bit Server VM (25.112-b06 mixed mode linux-amd64 compressed oops)
Heap:
 PSYoungGen      total 910848K, used 184825K [0x000000076ab00000, 0x00000007ad900000, 0x00000007c0000000)
  eden space 726016K, 0% used [0x000000076ab00000,0x000000076ab00000,0x0000000797000000)
  from space 184832K, 99% used [0x0000000797000000,0x00000007a247e618,0x00000007a2480000)
  to   space 165888K, 0% used [0x00000007a3700000,0x00000007a3700000,0x00000007ad900000)
 ParOldGen       total 740352K, used 490830K [0x00000006c0000000, 0x00000006ed300000, 0x000000076ab00000)
  object space 740352K, 66% used [0x00000006c0000000,0x00000006ddf53988,0x00000006ed300000)
 Metaspace       used 6407K, capacity 7280K, committed 7552K, reserved 1056768K
  class space    used 583K, capacity 616K, committed 640K, reserved 1048576K
GC Heap History (10 events):
Event: 11.893 GC heap after
Heap after GC invocations=14 (full 2):
 PSYoungGen      total 775680K, used 144894K [0x000000076ab00000, 0x00000007ac300000, 0x00000007c0000000)
  eden space 630784K, 0% used [0x000000076ab00000,0x000000076ab00000,0x0000000791300000)
  from space 144896K, 99% used [0x000000079cd00000,0x00000007a5a7fb00,0x00000007a5a80000)
  to   space 190464K, 0% used [0x0000000791300000,0x0000000791300000,0x000000079cd00000)
 ParOldGen       total 291840K, used 261323K [0x00000006c0000000, 0x00000006d1d00000, 0x000000076ab00000)
  object space 291840K, 89% used [0x00000006c0000000,0x00000006cff32e60,0x00000006d1d00000)
 Metaspace       used 6387K, capacity 7280K, committed 7552K, reserved 1056768K
  class space    used 582K, capacity 616K, committed 640K, reserved 1048576K
}
Event: 11.893 GC heap before
{Heap before GC invocations=15 (full 3):
 PSYoungGen      total 775680K, used 144894K [0x000000076ab00000, 0x00000007ac300000, 0x00000007c0000000)
  eden space 630784K, 0% used [0x000000076ab00000,0x000000076ab00000,0x0000000791300000)
  from space 144896K, 99% used [0x000000079cd00000,0x00000007a5a7fb00,0x00000007a5a80000)
  to   space 190464K, 0% used [0x0000000791300000,0x0000000791300000,0x000000079cd00000)
 ParOldGen       total 291840K, used 261323K [0x00000006c0000000, 0x00000006d1d00000, 0x000000076ab00000)
  object space 291840K, 89% used [0x00000006c0000000,0x00000006cff32e60,0x00000006d1d00000)
 Metaspace       used 6387K, capacity 7280K, committed 7552K, reserved 1056768K
  class space    used 582K, capacity 616K, committed 640K, reserved 1048576K
Event: 13.847 GC heap after
Heap after GC invocations=15 (full 3):
 PSYoungGen      total 775680K, used 108653K [0x000000076ab00000, 0x00000007ac300000, 0x00000007c0000000)
  eden space 630784K, 0% used [0x000000076ab00000,0x000000076ab00000,0x0000000791300000)
  from space 144896K, 74% used [0x000000079cd00000,0x00000007a371b708,0x00000007a5a80000)
  to   space 190464K, 0% used [0x0000000791300000,0x0000000791300000,0x000000079cd00000)
 ParOldGen       total 474112K, used 291824K [0x00000006c0000000, 0x00000006dcf00000, 0x000000076ab00000)
  object space 474112K, 61% used [0x00000006c0000000,0x00000006d1cfc0a0,0x00000006dcf00000)
 Metaspace       used 6387K, capacity 7280K, committed 7552K, reserved 1056768K
  class space    used 582K, capacity 616K, committed 640K, reserved 1048576K
}
Event: 15.344 GC heap before
{Heap before GC invocations=16 (full 3):
 PSYoungGen      total 775680K, used 739437K [0x000000076ab00000, 0x00000007ac300000, 0x00000007c0000000)
  eden space 630784K, 100% used [0x000000076ab00000,0x0000000791300000,0x0000000791300000)
  from space 144896K, 74% used [0x000000079cd00000,0x00000007a371b708,0x00000007a5a80000)
  to   space 190464K, 0% used [0x0000000791300000,0x0000000791300000,0x000000079cd00000)
 ParOldGen       total 474112K, used 291824K [0x00000006c0000000, 0x00000006dcf00000, 0x000000076ab00000)
  object space 474112K, 61% used [0x00000006c0000000,0x00000006d1cfc0a0,0x00000006dcf00000)
 Metaspace       used 6393K, capacity 7280K, committed 7552K, reserved 1056768K
  class space    used 582K, capacity 616K, committed 640K, reserved 1048576K
Event: 15.652 GC heap after
Heap after GC invocations=16 (full 3):
 PSYoungGen      total 821248K, used 86157K [0x000000076ab00000, 0x00000007aec80000, 0x00000007c0000000)
  eden space 630784K, 0% used [0x000000076ab00000,0x000000076ab00000,0x0000000791300000)
  from space 190464K, 45% used [0x0000000791300000,0x0000000796723590,0x000000079cd00000)
  to   space 185856K, 0% used [0x00000007a3700000,0x00000007a3700000,0x00000007aec80000)
 ParOldGen       total 474112K, used 401542K [0x00000006c0000000, 0x00000006dcf00000, 0x000000076ab00000)
  object space 474112K, 84% used [0x00000006c0000000,0x00000006d8821888,0x00000006dcf00000)
 Metaspace       used 6393K, capacity 7280K, committed 7552K, reserved 1056768K
  class space    used 582K, capacity 616K, committed 640K, reserved 1048576K
}
Event: 15.652 GC heap before
{Heap before GC invocations=17 (full 4):
 PSYoungGen      total 821248K, used 86157K [0x000000076ab00000, 0x00000007aec80000, 0x00000007c0000000)
  eden space 630784K, 0% used [0x000000076ab00000,0x000000076ab00000,0x0000000791300000)
  from space 190464K, 45% used [0x0000000791300000,0x0000000796723590,0x000000079cd00000)
  to   space 185856K, 0% used [0x00000007a3700000,0x00000007a3700000,0x00000007aec80000)
 ParOldGen       total 474112K, used 401542K [0x00000006c0000000, 0x00000006dcf00000, 0x000000076ab00000)
  object space 474112K, 84% used [0x00000006c0000000,0x00000006d8821888,0x00000006dcf00000)
 Metaspace       used 6393K, capacity 7280K, committed 7552K, reserved 1056768K
  class space    used 582K, capacity 616K, committed 640K, reserved 1048576K
Event: 17.191 GC heap after
Heap after GC invocations=17 (full 4):
 PSYoungGen      total 821248K, used 6976K [0x000000076ab00000, 0x00000007aec80000, 0x00000007c0000000)
  eden space 630784K, 0% used [0x000000076ab00000,0x000000076ab00000,0x0000000791300000)
  from space 190464K, 3% used [0x0000000791300000,0x00000007919d01a8,0x000000079cd00000)
  to   space 185856K, 0% used [0x00000007a3700000,0x00000007a3700000,0x00000007aec80000)
 ParOldGen       total 740352K, used 473925K [0x00000006c0000000, 0x00000006ed300000, 0x000000076ab00000)
  object space 740352K, 64% used [0x00000006c0000000,0x00000006dced1658,0x00000006ed300000)
 Metaspace       used 6393K, capacity 7280K, committed 7552K, reserved 1056768K
  class space    used 582K, capacity 616K, committed 640K, reserved 1048576K
}
Event: 18.543 GC heap before
{Heap before GC invocations=18 (full 4):
 PSYoungGen      total 821248K, used 637760K [0x000000076ab00000, 0x00000007aec80000, 0x00000007c0000000)
  eden space 630784K, 100% used [0x000000076ab00000,0x0000000791300000,0x0000000791300000)
  from space 190464K, 3% used [0x0000000791300000,0x00000007919d01a8,0x000000079cd00000)
  to   space 185856K, 0% used [0x00000007a3700000,0x00000007a3700000,0x00000007aec80000)
 ParOldGen       total 740352K, used 473925K [0x00000006c0000000, 0x00000006ed300000, 0x000000076ab00000)
  object space 740352K, 64% used [0x00000006c0000000,0x00000006dced1658,0x00000006ed300000)
 Metaspace       used 6395K, capacity 7280K, committed 7552K, reserved 1056768K
  class space    used 582K, capacity 616K, committed 640K, reserved 1048576K
Event: 18.805 GC heap after
Heap after GC invocations=18 (full 4):
 PSYoungGen      total 891904K, used 95578K [0x000000076ab00000, 0x00000007ad900000, 0x00000007c0000000)
  eden space 726016K, 0% used [0x000000076ab00000,0x000000076ab00000,0x0000000797000000)
  from space 165888K, 57% used [0x00000007a3700000,0x00000007a9456a60,0x00000007ad900000)
  to   space 184832K, 0% used [0x0000000797000000,0x0000000797000000,0x00000007a2480000)
 ParOldGen       total 740352K, used 473925K [0x00000006c0000000, 0x00000006ed300000, 0x000000076ab00000)
  object space 740352K, 64% used [0x00000006c0000000,0x00000006dced1658,0x00000006ed300000)
 Metaspace       used 6395K, capacity 7280K, committed 7552K, reserved 1056768K
  class space    used 582K, capacity 616K, committed 640K, reserved 1048576K
}
Event: 21.377 GC heap before
{Heap before GC invocations=19 (full 4):
 PSYoungGen      total 891904K, used 821594K [0x000000076ab00000, 0x00000007ad900000, 0x00000007c0000000)
  eden space 726016K, 100% used [0x000000076ab00000,0x0000000797000000,0x0000000797000000)
  from space 165888K, 57% used [0x00000007a3700000,0x00000007a9456a60,0x00000007ad900000)
  to   space 184832K, 0% used [0x0000000797000000,0x0000000797000000,0x00000007a2480000)
 ParOldGen       total 740352K, used 473925K [0x00000006c0000000, 0x00000006ed300000, 0x000000076ab00000)
  object space 740352K, 64% used [0x00000006c0000000,0x00000006dced1658,0x00000006ed300000)
 Metaspace       used 6407K, capacity 7280K, committed 7552K, reserved 1056768K
  class space    used 583K, capacity 616K, committed 640K, reserved 1048576K

