# JRE version: OpenJDK Runtime Environment (8.0_112-b06) (build 1.8.0_112-release-b06)
# Java VM: OpenJDK 64-Bit Server VM (25.112-b06 mixed mode linux-amd64 compressed oops)
Heap:
 PSYoungGen      total 884224K, used 31393K [0x000000076ab00000, 0x00000007b0880000, 0x00000007c0000000)
  eden space 653824K, 0% used [0x000000076ab00000,0x000000076ab00000,0x0000000792980000)
  from space 230400K, 13% used [0x00000007a1280000,0x00000007a3128540,0x00000007af380000)
  to   space 238592K, 0% used [0x0000000792980000,0x0000000792980000,0x00000007a1280000)
 ParOldGen       total 736256K, used 735934K [0x00000006c0000000, 0x00000006ecf00000, 0x000000076ab00000)
  object space 736256K, 99% used [0x00000006c0000000,0x00000006eceafa78,0x00000006ecf00000)
 Metaspace       used 6759K, capacity 7536K, committed 7808K, reserved 1056768K
  class space    used 601K, capacity 616K, committed 640K, reserved 1048576K
GC Heap History (10 events):
Event: 17.533 GC heap after
Heap after GC invocations=20 (full 3):
 PSYoungGen      total 715264K, used 75434K [0x000000076ab00000, 0x00000007a3d00000, 0x00000007c0000000)
  eden space 557056K, 0% used [0x000000076ab00000,0x000000076ab00000,0x000000078cb00000)
  from space 158208K, 47% used [0x000000078cb00000,0x00000007914aa8b0,0x0000000796580000)
  to   space 154624K, 0% used [0x000000079a600000,0x000000079a600000,0x00000007a3d00000)
 ParOldGen       total 473600K, used 473307K [0x00000006c0000000, 0x00000006dce80000, 0x000000076ab00000)
  object space 473600K, 99% used [0x00000006c0000000,0x00000006dce36c18,0x00000006dce80000)
 Metaspace       used 6407K, capacity 7280K, committed 7552K, reserved 1056768K
  class space    used 581K, capacity 616K, committed 640K, reserved 1048576K
}
Event: 17.533 GC heap before
{Heap before GC invocations=21 (full 4):
 PSYoungGen      total 715264K, used 75434K [0x000000076ab00000, 0x00000007a3d00000, 0x00000007c0000000)
  eden space 557056K, 0% used [0x000000076ab00000,0x000000076ab00000,0x000000078cb00000)
  from space 158208K, 47% used [0x000000078cb00000,0x00000007914aa8b0,0x0000000796580000)
  to   space 154624K, 0% used [0x000000079a600000,0x000000079a600000,0x00000007a3d00000)
 ParOldGen       total 473600K, used 473307K [0x00000006c0000000, 0x00000006dce80000, 0x000000076ab00000)
  object space 473600K, 99% used [0x00000006c0000000,0x00000006dce36c18,0x00000006dce80000)
 Metaspace       used 6407K, capacity 7280K, committed 7552K, reserved 1056768K
  class space    used 581K, capacity 616K, committed 640K, reserved 1048576K
Event: 20.448 GC heap after
Heap after GC invocations=21 (full 4):
 PSYoungGen      total 715264K, used 66732K [0x000000076ab00000, 0x00000007a3d00000, 0x00000007c0000000)
  eden space 557056K, 0% used [0x000000076ab00000,0x000000076ab00000,0x000000078cb00000)
  from space 158208K, 42% used [0x000000078cb00000,0x0000000790c2b0d0,0x0000000796580000)
  to   space 154624K, 0% used [0x000000079a600000,0x000000079a600000,0x00000007a3d00000)
 ParOldGen       total 736256K, used 473597K [0x00000006c0000000, 0x00000006ecf00000, 0x000000076ab00000)
  object space 736256K, 64% used [0x00000006c0000000,0x00000006dce7f6e8,0x00000006ecf00000)
 Metaspace       used 6407K, capacity 7280K, committed 7552K, reserved 1056768K
  class space    used 581K, capacity 616K, committed 640K, reserved 1048576K
}
Event: 21.802 GC heap before
{Heap before GC invocations=22 (full 4):
 PSYoungGen      total 715264K, used 623788K [0x000000076ab00000, 0x00000007a3d00000, 0x00000007c0000000)
  eden space 557056K, 100% used [0x000000076ab00000,0x000000078cb00000,0x000000078cb00000)
  from space 158208K, 42% used [0x000000078cb00000,0x0000000790c2b0d0,0x0000000796580000)
  to   space 154624K, 0% used [0x000000079a600000,0x000000079a600000,0x00000007a3d00000)
 ParOldGen       total 736256K, used 473597K [0x00000006c0000000, 0x00000006ecf00000, 0x000000076ab00000)
  object space 736256K, 64% used [0x00000006c0000000,0x00000006dce7f6e8,0x00000006ecf00000)
 Metaspace       used 6407K, capacity 7280K, committed 7552K, reserved 1056768K
  class space    used 581K, capacity 616K, committed 640K, reserved 1048576K
Event: 22.069 GC heap after
Heap after GC invocations=22 (full 4):
 PSYoungGen      total 757760K, used 149237K [0x000000076ab00000, 0x00000007a6080000, 0x00000007c0000000)
  eden space 603136K, 0% used [0x000000076ab00000,0x000000076ab00000,0x000000078f800000)
  from space 154624K, 96% used [0x000000079a600000,0x00000007a37bd6c0,0x00000007a3d00000)
  to   space 178176K, 0% used [0x000000078f800000,0x000000078f800000,0x000000079a600000)
 ParOldGen       total 736256K, used 473597K [0x00000006c0000000, 0x00000006ecf00000, 0x000000076ab00000)
  object space 736256K, 64% used [0x00000006c0000000,0x00000006dce7f6e8,0x00000006ecf00000)
 Metaspace       used 6407K, capacity 7280K, committed 7552K, reserved 1056768K
  class space    used 581K, capacity 616K, committed 640K, reserved 1048576K
}
Event: 25.082 GC heap before
{Heap before GC invocations=23 (full 4):
 PSYoungGen      total 757760K, used 752373K [0x000000076ab00000, 0x00000007a6080000, 0x00000007c0000000)
  eden space 603136K, 100% used [0x000000076ab00000,0x000000078f800000,0x000000078f800000)
  from space 154624K, 96% used [0x000000079a600000,0x00000007a37bd6c0,0x00000007a3d00000)
  to   space 178176K, 0% used [0x000000078f800000,0x000000078f800000,0x000000079a600000)
 ParOldGen       total 736256K, used 473597K [0x00000006c0000000, 0x00000006ecf00000, 0x000000076ab00000)
  object space 736256K, 64% used [0x00000006c0000000,0x00000006dce7f6e8,0x00000006ecf00000)
 Metaspace       used 6422K, capacity 7280K, committed 7552K, reserved 1056768K
  class space    used 583K, capacity 616K, committed 640K, reserved 1048576K
Event: 25.290 GC heap after
Heap after GC invocations=23 (full 4):
 PSYoungGen      total 781312K, used 178174K [0x000000076ab00000, 0x00000007af380000, 0x00000007c0000000)
  eden space 603136K, 0% used [0x000000076ab00000,0x000000076ab00000,0x000000078f800000)
  from space 178176K, 99% used [0x000000078f800000,0x000000079a5ffb90,0x000000079a600000)
  to   space 230400K, 0% used [0x00000007a1280000,0x00000007a1280000,0x00000007af380000)
 ParOldGen       total 736256K, used 534779K [0x00000006c0000000, 0x00000006ecf00000, 0x000000076ab00000)
  object space 736256K, 72% used [0x00000006c0000000,0x00000006e0a3ed68,0x00000006ecf00000)
 Metaspace       used 6422K, capacity 7280K, committed 7552K, reserved 1056768K
  class space    used 583K, capacity 616K, committed 640K, reserved 1048576K
}
Event: 27.484 GC heap before
{Heap before GC invocations=24 (full 4):
 PSYoungGen      total 781312K, used 781310K [0x000000076ab00000, 0x00000007af380000, 0x00000007c0000000)
  eden space 603136K, 100% used [0x000000076ab00000,0x000000078f800000,0x000000078f800000)
  from space 178176K, 99% used [0x000000078f800000,0x000000079a5ffb90,0x000000079a600000)
  to   space 230400K, 0% used [0x00000007a1280000,0x00000007a1280000,0x00000007af380000)
 ParOldGen       total 736256K, used 534779K [0x00000006c0000000, 0x00000006ecf00000, 0x000000076ab00000)
  object space 736256K, 72% used [0x00000006c0000000,0x00000006e0a3ed68,0x00000006ecf00000)
 Metaspace       used 6759K, capacity 7536K, committed 7808K, reserved 1056768K
  class space    used 601K, capacity 616K, committed 640K, reserved 1048576K
Event: 27.824 GC heap after
Heap after GC invocations=24 (full 4):
 PSYoungGen      total 884224K, used 146997K [0x000000076ab00000, 0x00000007b0880000, 0x00000007c0000000)
  eden space 653824K, 0% used [0x000000076ab00000,0x000000076ab00000,0x0000000792980000)
  from space 230400K, 63% used [0x00000007a1280000,0x00000007aa20d778,0x00000007af380000)
  to   space 238592K, 0% used [0x0000000792980000,0x0000000792980000,0x00000007a1280000)
 ParOldGen       total 736256K, used 638703K [0x00000006c0000000, 0x00000006ecf00000, 0x000000076ab00000)
  object space 736256K, 86% used [0x00000006c0000000,0x00000006e6fbbe08,0x00000006ecf00000)
 Metaspace       used 6759K, capacity 7536K, committed 7808K, reserved 1056768K
  class space    used 601K, capacity 616K, committed 640K, reserved 1048576K
}
Event: 27.824 GC heap before
{Heap before GC invocations=25 (full 5):
 PSYoungGen      total 884224K, used 146997K [0x000000076ab00000, 0x00000007b0880000, 0x00000007c0000000)
  eden space 653824K, 0% used [0x000000076ab00000,0x000000076ab00000,0x0000000792980000)
  from space 230400K, 63% used [0x00000007a1280000,0x00000007aa20d778,0x00000007af380000)
  to   space 238592K, 0% used [0x0000000792980000,0x0000000792980000,0x00000007a1280000)
 ParOldGen       total 736256K, used 638703K [0x00000006c0000000, 0x00000006ecf00000, 0x000000076ab00000)
  object space 736256K, 86% used [0x00000006c0000000,0x00000006e6fbbe08,0x00000006ecf00000)
 Metaspace       used 6759K, capacity 7536K, committed 7808K, reserved 1056768K
  class space    used 601K, capacity 616K, committed 640K, reserved 1048576K

