# JRE version: OpenJDK Runtime Environment (8.0_112-b06) (build 1.8.0_112-release-b06)
# Java VM: OpenJDK 64-Bit Server VM (25.112-b06 mixed mode linux-amd64 compressed oops)
Heap:
 PSYoungGen      total 768512K, used 142320K [0x000000076ab00000, 0x00000007a2480000, 0x00000007c0000000)
  eden space 626176K, 0% used [0x000000076ab00000,0x000000076ab00000,0x0000000790e80000)
  from space 142336K, 99% used [0x0000000790e80000,0x000000079997c088,0x0000000799980000)
  to   space 123904K, 0% used [0x000000079ab80000,0x000000079ab80000,0x00000007a2480000)
 ParOldGen       total 485888K, used 340306K [0x00000006c0000000, 0x00000006dda80000, 0x000000076ab00000)
  object space 485888K, 70% used [0x00000006c0000000,0x00000006d4c54a08,0x00000006dda80000)
 Metaspace       used 6366K, capacity 7280K, committed 7552K, reserved 1056768K
  class space    used 582K, capacity 616K, committed 640K, reserved 1048576K
GC Heap History (10 events):
Event: 7.102 GC heap after
Heap after GC invocations=11 (full 1):
 PSYoungGen      total 639488K, used 89067K [0x000000076ab00000, 0x000000079e080000, 0x00000007c0000000)
  eden space 550400K, 0% used [0x000000076ab00000,0x000000076ab00000,0x000000078c480000)
  from space 89088K, 99% used [0x0000000793c80000,0x000000079937ac90,0x0000000799380000)
  to   space 122880K, 0% used [0x000000078c480000,0x000000078c480000,0x0000000793c80000)
 ParOldGen       total 164864K, used 155739K [0x00000006c0000000, 0x00000006ca100000, 0x000000076ab00000)
  object space 164864K, 94% used [0x00000006c0000000,0x00000006c9816fb8,0x00000006ca100000)
 Metaspace       used 6344K, capacity 7280K, committed 7552K, reserved 1056768K
  class space    used 581K, capacity 616K, committed 640K, reserved 1048576K
}
Event: 7.102 GC heap before
{Heap before GC invocations=12 (full 2):
 PSYoungGen      total 639488K, used 89067K [0x000000076ab00000, 0x000000079e080000, 0x00000007c0000000)
  eden space 550400K, 0% used [0x000000076ab00000,0x000000076ab00000,0x000000078c480000)
  from space 89088K, 99% used [0x0000000793c80000,0x000000079937ac90,0x0000000799380000)
  to   space 122880K, 0% used [0x000000078c480000,0x000000078c480000,0x0000000793c80000)
 ParOldGen       total 164864K, used 155739K [0x00000006c0000000, 0x00000006ca100000, 0x000000076ab00000)
  object space 164864K, 94% used [0x00000006c0000000,0x00000006c9816fb8,0x00000006ca100000)
 Metaspace       used 6344K, capacity 7280K, committed 7552K, reserved 1056768K
  class space    used 581K, capacity 616K, committed 640K, reserved 1048576K
Event: 7.941 GC heap after
Heap after GC invocations=12 (full 2):
 PSYoungGen      total 639488K, used 72441K [0x000000076ab00000, 0x000000079e080000, 0x00000007c0000000)
  eden space 550400K, 0% used [0x000000076ab00000,0x000000076ab00000,0x000000078c480000)
  from space 89088K, 81% used [0x0000000793c80000,0x000000079833e7e0,0x0000000799380000)
  to   space 122880K, 0% used [0x000000078c480000,0x000000078c480000,0x0000000793c80000)
 ParOldGen       total 295936K, used 164829K [0x00000006c0000000, 0x00000006d2100000, 0x000000076ab00000)
  object space 295936K, 55% used [0x00000006c0000000,0x00000006ca0f74a8,0x00000006d2100000)
 Metaspace       used 6344K, capacity 7280K, committed 7552K, reserved 1056768K
  class space    used 581K, capacity 616K, committed 640K, reserved 1048576K
}
Event: 9.324 GC heap before
{Heap before GC invocations=13 (full 2):
 PSYoungGen      total 639488K, used 622841K [0x000000076ab00000, 0x000000079e080000, 0x00000007c0000000)
  eden space 550400K, 100% used [0x000000076ab00000,0x000000078c480000,0x000000078c480000)
  from space 89088K, 81% used [0x0000000793c80000,0x000000079833e7e0,0x0000000799380000)
  to   space 122880K, 0% used [0x000000078c480000,0x000000078c480000,0x0000000793c80000)
 ParOldGen       total 295936K, used 164829K [0x00000006c0000000, 0x00000006d2100000, 0x000000076ab00000)
  object space 295936K, 55% used [0x00000006c0000000,0x00000006ca0f74a8,0x00000006d2100000)
 Metaspace       used 6354K, capacity 7280K, committed 7552K, reserved 1056768K
  class space    used 581K, capacity 616K, committed 640K, reserved 1048576K
Event: 9.551 GC heap after
Heap after GC invocations=13 (full 2):
 PSYoungGen      total 673280K, used 83660K [0x000000076ab00000, 0x00000007a2a80000, 0x00000007c0000000)
  eden space 550400K, 0% used [0x000000076ab00000,0x000000076ab00000,0x000000078c480000)
  from space 122880K, 68% used [0x000000078c480000,0x0000000791633190,0x0000000793c80000)
  to   space 130048K, 0% used [0x000000079ab80000,0x000000079ab80000,0x00000007a2a80000)
 ParOldGen       total 295936K, used 236459K [0x00000006c0000000, 0x00000006d2100000, 0x000000076ab00000)
  object space 295936K, 79% used [0x00000006c0000000,0x00000006ce6eaee0,0x00000006d2100000)
 Metaspace       used 6354K, capacity 7280K, committed 7552K, reserved 1056768K
  class space    used 581K, capacity 616K, committed 640K, reserved 1048576K
}
Event: 9.551 GC heap before
{Heap before GC invocations=14 (full 3):
 PSYoungGen      total 673280K, used 83660K [0x000000076ab00000, 0x00000007a2a80000, 0x00000007c0000000)
  eden space 550400K, 0% used [0x000000076ab00000,0x000000076ab00000,0x000000078c480000)
  from space 122880K, 68% used [0x000000078c480000,0x0000000791633190,0x0000000793c80000)
  to   space 130048K, 0% used [0x000000079ab80000,0x000000079ab80000,0x00000007a2a80000)
 ParOldGen       total 295936K, used 236459K [0x00000006c0000000, 0x00000006d2100000, 0x000000076ab00000)
  object space 295936K, 79% used [0x00000006c0000000,0x00000006ce6eaee0,0x00000006d2100000)
 Metaspace       used 6354K, capacity 7280K, committed 7552K, reserved 1056768K
  class space    used 581K, capacity 616K, committed 640K, reserved 1048576K
Event: 10.961 GC heap after
Heap after GC invocations=14 (full 3):
 PSYoungGen      total 673280K, used 20395K [0x000000076ab00000, 0x00000007a2a80000, 0x00000007c0000000)
  eden space 550400K, 0% used [0x000000076ab00000,0x000000076ab00000,0x000000078c480000)
  from space 122880K, 16% used [0x000000078c480000,0x000000078d86ae98,0x0000000793c80000)
  to   space 130048K, 0% used [0x000000079ab80000,0x000000079ab80000,0x00000007a2a80000)
 ParOldGen       total 485888K, used 295816K [0x00000006c0000000, 0x00000006dda80000, 0x000000076ab00000)
  object space 485888K, 60% used [0x00000006c0000000,0x00000006d20e22c0,0x00000006dda80000)
 Metaspace       used 6354K, capacity 7280K, committed 7552K, reserved 1056768K
  class space    used 581K, capacity 616K, committed 640K, reserved 1048576K
}
Event: 12.411 GC heap before
{Heap before GC invocations=15 (full 3):
 PSYoungGen      total 673280K, used 570795K [0x000000076ab00000, 0x00000007a2a80000, 0x00000007c0000000)
  eden space 550400K, 100% used [0x000000076ab00000,0x000000078c480000,0x000000078c480000)
  from space 122880K, 16% used [0x000000078c480000,0x000000078d86ae98,0x0000000793c80000)
  to   space 130048K, 0% used [0x000000079ab80000,0x000000079ab80000,0x00000007a2a80000)
 ParOldGen       total 485888K, used 295816K [0x00000006c0000000, 0x00000006dda80000, 0x000000076ab00000)
  object space 485888K, 60% used [0x00000006c0000000,0x00000006d20e22c0,0x00000006dda80000)
 Metaspace       used 6359K, capacity 7280K, committed 7552K, reserved 1056768K
  class space    used 582K, capacity 616K, committed 640K, reserved 1048576K
Event: 12.612 GC heap after
Heap after GC invocations=15 (full 3):
 PSYoungGen      total 750080K, used 102400K [0x000000076ab00000, 0x00000007a2480000, 0x00000007c0000000)
  eden space 626176K, 0% used [0x000000076ab00000,0x000000076ab00000,0x0000000790e80000)
  from space 123904K, 82% used [0x000000079ab80000,0x00000007a0f80160,0x00000007a2480000)
  to   space 142336K, 0% used [0x0000000790e80000,0x0000000790e80000,0x0000000799980000)
 ParOldGen       total 485888K, used 295816K [0x00000006c0000000, 0x00000006dda80000, 0x000000076ab00000)
  object space 485888K, 60% used [0x00000006c0000000,0x00000006d20e22c0,0x00000006dda80000)
 Metaspace       used 6359K, capacity 7280K, committed 7552K, reserved 1056768K
  class space    used 582K, capacity 616K, committed 640K, reserved 1048576K
}
Event: 13.946 GC heap before
{Heap before GC invocations=16 (full 3):
 PSYoungGen      total 750080K, used 728576K [0x000000076ab00000, 0x00000007a2480000, 0x00000007c0000000)
  eden space 626176K, 100% used [0x000000076ab00000,0x0000000790e80000,0x0000000790e80000)
  from space 123904K, 82% used [0x000000079ab80000,0x00000007a0f80160,0x00000007a2480000)
  to   space 142336K, 0% used [0x0000000790e80000,0x0000000790e80000,0x0000000799980000)
 ParOldGen       total 485888K, used 295816K [0x00000006c0000000, 0x00000006dda80000, 0x000000076ab00000)
  object space 485888K, 60% used [0x00000006c0000000,0x00000006d20e22c0,0x00000006dda80000)
 Metaspace       used 6366K, capacity 7280K, committed 7552K, reserved 1056768K
  class space    used 582K, capacity 616K, committed 640K, reserved 1048576K

