# JRE version: OpenJDK Runtime Environment (8.0_112-b06) (build 1.8.0_112-release-b06)
# Java VM: OpenJDK 64-Bit Server VM (25.112-b06 mixed mode linux-amd64 compressed oops)
Heap:
 PSYoungGen      total 836608K, used 5468K [0x000000076ab00000, 0x00000007aee00000, 0x00000007c0000000)
  eden space 647168K, 0% used [0x000000076ab00000,0x000000076ab00000,0x0000000792300000)
  from space 189440K, 2% used [0x0000000792300000,0x00000007928571a8,0x000000079dc00000)
  to   space 189440K, 0% used [0x00000007a3500000,0x00000007a3500000,0x00000007aee00000)
 ParOldGen       total 738304K, used 738147K [0x00000006c0000000, 0x00000006ed100000, 0x000000076ab00000)
  object space 738304K, 99% used [0x00000006c0000000,0x00000006ed0d8ef0,0x00000006ed100000)
 Metaspace       used 6406K, capacity 7280K, committed 7552K, reserved 1056768K
  class space    used 584K, capacity 616K, committed 640K, reserved 1048576K
GC Heap History (10 events):
Event: 15.221 GC heap after
Heap after GC invocations=19 (full 3):
 PSYoungGen      total 716800K, used 133119K [0x000000076ab00000, 0x00000007a3f00000, 0x00000007c0000000)
  eden space 583680K, 0% used [0x000000076ab00000,0x000000076ab00000,0x000000078e500000)
  from space 133120K, 99% used [0x0000000798280000,0x00000007a047fd48,0x00000007a0480000)
  to   space 161280K, 0% used [0x000000078e500000,0x000000078e500000,0x0000000798280000)
 ParOldGen       total 429056K, used 348672K [0x00000006c0000000, 0x00000006da300000, 0x000000076ab00000)
  object space 429056K, 81% used [0x00000006c0000000,0x00000006d54801a8,0x00000006da300000)
 Metaspace       used 6390K, capacity 7280K, committed 7552K, reserved 1056768K
  class space    used 582K, capacity 616K, committed 640K, reserved 1048576K
}
Event: 16.405 GC heap before
{Heap before GC invocations=20 (full 3):
 PSYoungGen      total 716800K, used 716799K [0x000000076ab00000, 0x00000007a3f00000, 0x00000007c0000000)
  eden space 583680K, 100% used [0x000000076ab00000,0x000000078e500000,0x000000078e500000)
  from space 133120K, 99% used [0x0000000798280000,0x00000007a047fd48,0x00000007a0480000)
  to   space 161280K, 0% used [0x000000078e500000,0x000000078e500000,0x0000000798280000)
 ParOldGen       total 429056K, used 348672K [0x00000006c0000000, 0x00000006da300000, 0x000000076ab00000)
  object space 429056K, 81% used [0x00000006c0000000,0x00000006d54801a8,0x00000006da300000)
 Metaspace       used 6391K, capacity 7280K, committed 7552K, reserved 1056768K
  class space    used 582K, capacity 616K, committed 640K, reserved 1048576K
Event: 16.797 GC heap after
Heap after GC invocations=20 (full 3):
 PSYoungGen      total 744960K, used 87061K [0x000000076ab00000, 0x00000007a7980000, 0x00000007c0000000)
  eden space 583680K, 0% used [0x000000076ab00000,0x000000076ab00000,0x000000078e500000)
  from space 161280K, 53% used [0x000000078e500000,0x0000000793a05768,0x0000000798280000)
  to   space 161280K, 0% used [0x000000079dc00000,0x000000079dc00000,0x00000007a7980000)
 ParOldGen       total 483840K, used 482371K [0x00000006c0000000, 0x00000006dd880000, 0x000000076ab00000)
  object space 483840K, 99% used [0x00000006c0000000,0x00000006dd710c60,0x00000006dd880000)
 Metaspace       used 6391K, capacity 7280K, committed 7552K, reserved 1056768K
  class space    used 582K, capacity 616K, committed 640K, reserved 1048576K
}
Event: 16.797 GC heap before
{Heap before GC invocations=21 (full 4):
 PSYoungGen      total 744960K, used 87061K [0x000000076ab00000, 0x00000007a7980000, 0x00000007c0000000)
  eden space 583680K, 0% used [0x000000076ab00000,0x000000076ab00000,0x000000078e500000)
  from space 161280K, 53% used [0x000000078e500000,0x0000000793a05768,0x0000000798280000)
  to   space 161280K, 0% used [0x000000079dc00000,0x000000079dc00000,0x00000007a7980000)
 ParOldGen       total 483840K, used 482371K [0x00000006c0000000, 0x00000006dd880000, 0x000000076ab00000)
  object space 483840K, 99% used [0x00000006c0000000,0x00000006dd710c60,0x00000006dd880000)
 Metaspace       used 6391K, capacity 7280K, committed 7552K, reserved 1056768K
  class space    used 582K, capacity 616K, committed 640K, reserved 1048576K
Event: 20.141 GC heap after
Heap after GC invocations=21 (full 4):
 PSYoungGen      total 744960K, used 77281K [0x000000076ab00000, 0x00000007a7980000, 0x00000007c0000000)
  eden space 583680K, 0% used [0x000000076ab00000,0x000000076ab00000,0x000000078e500000)
  from space 161280K, 47% used [0x000000078e500000,0x0000000793078728,0x0000000798280000)
  to   space 161280K, 0% used [0x000000079dc00000,0x000000079dc00000,0x00000007a7980000)
 ParOldGen       total 738304K, used 483459K [0x00000006c0000000, 0x00000006ed100000, 0x000000076ab00000)
  object space 738304K, 65% used [0x00000006c0000000,0x00000006dd820ef8,0x00000006ed100000)
 Metaspace       used 6391K, capacity 7280K, committed 7552K, reserved 1056768K
  class space    used 582K, capacity 616K, committed 640K, reserved 1048576K
}
Event: 21.343 GC heap before
{Heap before GC invocations=22 (full 4):
 PSYoungGen      total 744960K, used 660961K [0x000000076ab00000, 0x00000007a7980000, 0x00000007c0000000)
  eden space 583680K, 100% used [0x000000076ab00000,0x000000078e500000,0x000000078e500000)
  from space 161280K, 47% used [0x000000078e500000,0x0000000793078728,0x0000000798280000)
  to   space 161280K, 0% used [0x000000079dc00000,0x000000079dc00000,0x00000007a7980000)
 ParOldGen       total 738304K, used 483459K [0x00000006c0000000, 0x00000006ed100000, 0x000000076ab00000)
  object space 738304K, 65% used [0x00000006c0000000,0x00000006dd820ef8,0x00000006ed100000)
 Metaspace       used 6403K, capacity 7280K, committed 7552K, reserved 1056768K
  class space    used 583K, capacity 616K, committed 640K, reserved 1048576K
Event: 22.016 GC heap after
Heap after GC invocations=22 (full 4):
 PSYoungGen      total 808448K, used 161264K [0x000000076ab00000, 0x00000007aa500000, 0x00000007c0000000)
  eden space 647168K, 0% used [0x000000076ab00000,0x000000076ab00000,0x0000000792300000)
  from space 161280K, 99% used [0x000000079dc00000,0x00000007a797c280,0x00000007a7980000)
  to   space 189440K, 0% used [0x0000000792300000,0x0000000792300000,0x000000079dc00000)
 ParOldGen       total 738304K, used 485963K [0x00000006c0000000, 0x00000006ed100000, 0x000000076ab00000)
  object space 738304K, 65% used [0x00000006c0000000,0x00000006dda92fe0,0x00000006ed100000)
 Metaspace       used 6403K, capacity 7280K, committed 7552K, reserved 1056768K
  class space    used 583K, capacity 616K, committed 640K, reserved 1048576K
}
Event: 23.474 GC heap before
{Heap before GC invocations=23 (full 4):
 PSYoungGen      total 808448K, used 808432K [0x000000076ab00000, 0x00000007aa500000, 0x00000007c0000000)
  eden space 647168K, 100% used [0x000000076ab00000,0x0000000792300000,0x0000000792300000)
  from space 161280K, 99% used [0x000000079dc00000,0x00000007a797c280,0x00000007a7980000)
  to   space 189440K, 0% used [0x0000000792300000,0x0000000792300000,0x000000079dc00000)
 ParOldGen       total 738304K, used 485963K [0x00000006c0000000, 0x00000006ed100000, 0x000000076ab00000)
  object space 738304K, 65% used [0x00000006c0000000,0x00000006dda92fe0,0x00000006ed100000)
 Metaspace       used 6406K, capacity 7280K, committed 7552K, reserved 1056768K
  class space    used 584K, capacity 616K, committed 640K, reserved 1048576K
Event: 23.784 GC heap after
Heap after GC invocations=23 (full 4):
 PSYoungGen      total 836608K, used 104602K [0x000000076ab00000, 0x00000007aee00000, 0x00000007c0000000)
  eden space 647168K, 0% used [0x000000076ab00000,0x000000076ab00000,0x0000000792300000)
  from space 189440K, 55% used [0x0000000792300000,0x0000000798926930,0x000000079dc00000)
  to   space 189440K, 0% used [0x00000007a3500000,0x00000007a3500000,0x00000007aee00000)
 ParOldGen       total 738304K, used 646596K [0x00000006c0000000, 0x00000006ed100000, 0x000000076ab00000)
  object space 738304K, 87% used [0x00000006c0000000,0x00000006e7771328,0x00000006ed100000)
 Metaspace       used 6406K, capacity 7280K, committed 7552K, reserved 1056768K
  class space    used 584K, capacity 616K, committed 640K, reserved 1048576K
}
Event: 23.784 GC heap before
{Heap before GC invocations=24 (full 5):
 PSYoungGen      total 836608K, used 104602K [0x000000076ab00000, 0x00000007aee00000, 0x00000007c0000000)
  eden space 647168K, 0% used [0x000000076ab00000,0x000000076ab00000,0x0000000792300000)
  from space 189440K, 55% used [0x0000000792300000,0x0000000798926930,0x000000079dc00000)
  to   space 189440K, 0% used [0x00000007a3500000,0x00000007a3500000,0x00000007aee00000)
 ParOldGen       total 738304K, used 646596K [0x00000006c0000000, 0x00000006ed100000, 0x000000076ab00000)
  object space 738304K, 87% used [0x00000006c0000000,0x00000006e7771328,0x00000006ed100000)
 Metaspace       used 6406K, capacity 7280K, committed 7552K, reserved 1056768K
  class space    used 584K, capacity 616K, committed 640K, reserved 1048576K

