# JRE version: OpenJDK Runtime Environment (8.0_112-b06) (build 1.8.0_112-release-b06)
# Java VM: OpenJDK 64-Bit Server VM (25.112-b06 mixed mode linux-amd64 compressed oops)
Heap:
 PSYoungGen      total 675328K, used 22930K [0x000000076ab00000, 0x00000007a3e00000, 0x00000007c0000000)
  eden space 554496K, 0% used [0x000000076ab00000,0x000000076ab00000,0x000000078c880000)
  from space 120832K, 18% used [0x000000078c880000,0x000000078dee4ac8,0x0000000793e80000)
  to   space 128000K, 0% used [0x000000079c100000,0x000000079c100000,0x00000007a3e00000)
 ParOldGen       total 289792K, used 289447K [0x00000006c0000000, 0x00000006d1b00000, 0x000000076ab00000)
  object space 289792K, 99% used [0x00000006c0000000,0x00000006d1aa9da0,0x00000006d1b00000)
 Metaspace       used 6364K, capacity 7280K, committed 7552K, reserved 1056768K
  class space    used 581K, capacity 616K, committed 640K, reserved 1048576K
GC Heap History (10 events):
Event: 5.840 GC heap after
Heap after GC invocations=9 (full 1):
 PSYoungGen      total 527872K, used 32137K [0x000000076ab00000, 0x0000000791200000, 0x00000007c0000000)
  eden space 478208K, 0% used [0x000000076ab00000,0x000000076ab00000,0x0000000787e00000)
  from space 49664K, 64% used [0x000000078bf80000,0x000000078dee27b0,0x000000078f000000)
  to   space 67072K, 0% used [0x0000000787e00000,0x0000000787e00000,0x000000078bf80000)
 ParOldGen       total 163840K, used 84599K [0x00000006c0000000, 0x00000006ca000000, 0x000000076ab00000)
  object space 163840K, 51% used [0x00000006c0000000,0x00000006c529de00,0x00000006ca000000)
 Metaspace       used 6315K, capacity 7280K, committed 7552K, reserved 1056768K
  class space    used 580K, capacity 616K, committed 640K, reserved 1048576K
}
Event: 7.760 GC heap before
{Heap before GC invocations=10 (full 1):
 PSYoungGen      total 527872K, used 510345K [0x000000076ab00000, 0x0000000791200000, 0x00000007c0000000)
  eden space 478208K, 100% used [0x000000076ab00000,0x0000000787e00000,0x0000000787e00000)
  from space 49664K, 64% used [0x000000078bf80000,0x000000078dee27b0,0x000000078f000000)
  to   space 67072K, 0% used [0x0000000787e00000,0x0000000787e00000,0x000000078bf80000)
 ParOldGen       total 163840K, used 84599K [0x00000006c0000000, 0x00000006ca000000, 0x000000076ab00000)
  object space 163840K, 51% used [0x00000006c0000000,0x00000006c529de00,0x00000006ca000000)
 Metaspace       used 6338K, capacity 7280K, committed 7552K, reserved 1056768K
  class space    used 581K, capacity 616K, committed 640K, reserved 1048576K
Event: 7.966 GC heap after
Heap after GC invocations=10 (full 1):
 PSYoungGen      total 545280K, used 67063K [0x000000076ab00000, 0x0000000799500000, 0x00000007c0000000)
  eden space 478208K, 0% used [0x000000076ab00000,0x000000076ab00000,0x0000000787e00000)
  from space 67072K, 99% used [0x0000000787e00000,0x000000078bf7dfc0,0x000000078bf80000)
  to   space 88576K, 0% used [0x0000000793e80000,0x0000000793e80000,0x0000000799500000)
 ParOldGen       total 163840K, used 106473K [0x00000006c0000000, 0x00000006ca000000, 0x000000076ab00000)
  object space 163840K, 64% used [0x00000006c0000000,0x00000006c67fa518,0x00000006ca000000)
 Metaspace       used 6338K, capacity 7280K, committed 7552K, reserved 1056768K
  class space    used 581K, capacity 616K, committed 640K, reserved 1048576K
}
Event: 9.914 GC heap before
{Heap before GC invocations=11 (full 1):
 PSYoungGen      total 545280K, used 545271K [0x000000076ab00000, 0x0000000799500000, 0x00000007c0000000)
  eden space 478208K, 100% used [0x000000076ab00000,0x0000000787e00000,0x0000000787e00000)
  from space 67072K, 99% used [0x0000000787e00000,0x000000078bf7dfc0,0x000000078bf80000)
  to   space 88576K, 0% used [0x0000000793e80000,0x0000000793e80000,0x0000000799500000)
 ParOldGen       total 163840K, used 106680K [0x00000006c0000000, 0x00000006ca000000, 0x000000076ab00000)
  object space 163840K, 65% used [0x00000006c0000000,0x00000006c682e0a8,0x00000006ca000000)
 Metaspace       used 6358K, capacity 7280K, committed 7552K, reserved 1056768K
  class space    used 581K, capacity 616K, committed 640K, reserved 1048576K
Event: 10.140 GC heap after
Heap after GC invocations=11 (full 1):
 PSYoungGen      total 643072K, used 88550K [0x000000076ab00000, 0x000000079d800000, 0x00000007c0000000)
  eden space 554496K, 0% used [0x000000076ab00000,0x000000076ab00000,0x000000078c880000)
  from space 88576K, 99% used [0x0000000793e80000,0x00000007994f9a50,0x0000000799500000)
  to   space 120832K, 0% used [0x000000078c880000,0x000000078c880000,0x0000000793e80000)
 ParOldGen       total 163840K, used 152828K [0x00000006c0000000, 0x00000006ca000000, 0x000000076ab00000)
  object space 163840K, 93% used [0x00000006c0000000,0x00000006c953f098,0x00000006ca000000)
 Metaspace       used 6358K, capacity 7280K, committed 7552K, reserved 1056768K
  class space    used 581K, capacity 616K, committed 640K, reserved 1048576K
}
Event: 10.140 GC heap before
{Heap before GC invocations=12 (full 2):
 PSYoungGen      total 643072K, used 88550K [0x000000076ab00000, 0x000000079d800000, 0x00000007c0000000)
  eden space 554496K, 0% used [0x000000076ab00000,0x000000076ab00000,0x000000078c880000)
  from space 88576K, 99% used [0x0000000793e80000,0x00000007994f9a50,0x0000000799500000)
  to   space 120832K, 0% used [0x000000078c880000,0x000000078c880000,0x0000000793e80000)
 ParOldGen       total 163840K, used 152828K [0x00000006c0000000, 0x00000006ca000000, 0x000000076ab00000)
  object space 163840K, 93% used [0x00000006c0000000,0x00000006c953f098,0x00000006ca000000)
 Metaspace       used 6358K, capacity 7280K, committed 7552K, reserved 1056768K
  class space    used 581K, capacity 616K, committed 640K, reserved 1048576K
Event: 11.047 GC heap after
Heap after GC invocations=12 (full 2):
 PSYoungGen      total 643072K, used 70337K [0x000000076ab00000, 0x000000079d800000, 0x00000007c0000000)
  eden space 554496K, 0% used [0x000000076ab00000,0x000000076ab00000,0x000000078c880000)
  from space 88576K, 79% used [0x0000000793e80000,0x0000000798330550,0x0000000799500000)
  to   space 120832K, 0% used [0x000000078c880000,0x000000078c880000,0x0000000793e80000)
 ParOldGen       total 289792K, used 163508K [0x00000006c0000000, 0x00000006d1b00000, 0x000000076ab00000)
  object space 289792K, 56% used [0x00000006c0000000,0x00000006c9fad0b0,0x00000006d1b00000)
 Metaspace       used 6358K, capacity 7280K, committed 7552K, reserved 1056768K
  class space    used 581K, capacity 616K, committed 640K, reserved 1048576K
}
Event: 12.710 GC heap before
{Heap before GC invocations=13 (full 2):
 PSYoungGen      total 643072K, used 624833K [0x000000076ab00000, 0x000000079d800000, 0x00000007c0000000)
  eden space 554496K, 100% used [0x000000076ab00000,0x000000078c880000,0x000000078c880000)
  from space 88576K, 79% used [0x0000000793e80000,0x0000000798330550,0x0000000799500000)
  to   space 120832K, 0% used [0x000000078c880000,0x000000078c880000,0x0000000793e80000)
 ParOldGen       total 289792K, used 163510K [0x00000006c0000000, 0x00000006d1b00000, 0x000000076ab00000)
  object space 289792K, 56% used [0x00000006c0000000,0x00000006c9fadb18,0x00000006d1b00000)
 Metaspace       used 6364K, capacity 7280K, committed 7552K, reserved 1056768K
  class space    used 581K, capacity 616K, committed 640K, reserved 1048576K
Event: 13.047 GC heap after
Heap after GC invocations=13 (full 2):
 PSYoungGen      total 675328K, used 82136K [0x000000076ab00000, 0x00000007a3e00000, 0x00000007c0000000)
  eden space 554496K, 0% used [0x000000076ab00000,0x000000076ab00000,0x000000078c880000)
  from space 120832K, 67% used [0x000000078c880000,0x00000007918b6038,0x0000000793e80000)
  to   space 128000K, 0% used [0x000000079c100000,0x000000079c100000,0x00000007a3e00000)
 ParOldGen       total 289792K, used 234167K [0x00000006c0000000, 0x00000006d1b00000, 0x000000076ab00000)
  object space 289792K, 80% used [0x00000006c0000000,0x00000006ce4adfc8,0x00000006d1b00000)
 Metaspace       used 6364K, capacity 7280K, committed 7552K, reserved 1056768K
  class space    used 581K, capacity 616K, committed 640K, reserved 1048576K
}
Event: 13.047 GC heap before
{Heap before GC invocations=14 (full 3):
 PSYoungGen      total 675328K, used 82136K [0x000000076ab00000, 0x00000007a3e00000, 0x00000007c0000000)
  eden space 554496K, 0% used [0x000000076ab00000,0x000000076ab00000,0x000000078c880000)
  from space 120832K, 67% used [0x000000078c880000,0x00000007918b6038,0x0000000793e80000)
  to   space 128000K, 0% used [0x000000079c100000,0x000000079c100000,0x00000007a3e00000)
 ParOldGen       total 289792K, used 234167K [0x00000006c0000000, 0x00000006d1b00000, 0x000000076ab00000)
  object space 289792K, 80% used [0x00000006c0000000,0x00000006ce4adfc8,0x00000006d1b00000)
 Metaspace       used 6364K, capacity 7280K, committed 7552K, reserved 1056768K
  class space    used 581K, capacity 616K, committed 640K, reserved 1048576K

