# JRE version: OpenJDK Runtime Environment (8.0_112-b06) (build 1.8.0_112-release-b06)
# Java VM: OpenJDK 64-Bit Server VM (25.112-b06 mixed mode linux-amd64 compressed oops)
Heap:
 PSYoungGen      total 857088K, used 94587K [0x000000076ab00000, 0x00000007b3880000, 0x00000007c0000000)
  eden space 665600K, 0% used [0x000000076ab00000,0x000000076ab00000,0x0000000793500000)
  from space 191488K, 49% used [0x0000000793500000,0x000000079915ef28,0x000000079f000000)
  to   space 192512K, 0% used [0x00000007a7c80000,0x00000007a7c80000,0x00000007b3880000)
 ParOldGen       total 556032K, used 555866K [0x00000006c0000000, 0x00000006e1f00000, 0x000000076ab00000)
  object space 556032K, 99% used [0x00000006c0000000,0x00000006e1ed6890,0x00000006e1f00000)
 Metaspace       used 6379K, capacity 7280K, committed 7552K, reserved 1056768K
  class space    used 583K, capacity 616K, committed 640K, reserved 1048576K
GC Heap History (10 events):
Event: 11.445 GC heap after
Heap after GC invocations=14 (full 2):
 PSYoungGen      total 723968K, used 126448K [0x000000076ab00000, 0x00000007a5480000, 0x00000007c0000000)
  eden space 597504K, 0% used [0x000000076ab00000,0x000000076ab00000,0x000000078f280000)
  from space 126464K, 99% used [0x0000000799080000,0x00000007a0bfc198,0x00000007a0c00000)
  to   space 161792K, 0% used [0x000000078f280000,0x000000078f280000,0x0000000799080000)
 ParOldGen       total 296448K, used 265876K [0x00000006c0000000, 0x00000006d2180000, 0x000000076ab00000)
  object space 296448K, 89% used [0x00000006c0000000,0x00000006d03a5338,0x00000006d2180000)
 Metaspace       used 6363K, capacity 7280K, committed 7552K, reserved 1056768K
  class space    used 582K, capacity 616K, committed 640K, reserved 1048576K
}
Event: 11.445 GC heap before
{Heap before GC invocations=15 (full 3):
 PSYoungGen      total 723968K, used 126448K [0x000000076ab00000, 0x00000007a5480000, 0x00000007c0000000)
  eden space 597504K, 0% used [0x000000076ab00000,0x000000076ab00000,0x000000078f280000)
  from space 126464K, 99% used [0x0000000799080000,0x00000007a0bfc198,0x00000007a0c00000)
  to   space 161792K, 0% used [0x000000078f280000,0x000000078f280000,0x0000000799080000)
 ParOldGen       total 296448K, used 265876K [0x00000006c0000000, 0x00000006d2180000, 0x000000076ab00000)
  object space 296448K, 89% used [0x00000006c0000000,0x00000006d03a5338,0x00000006d2180000)
 Metaspace       used 6363K, capacity 7280K, committed 7552K, reserved 1056768K
  class space    used 582K, capacity 616K, committed 640K, reserved 1048576K
Event: 12.673 GC heap after
Heap after GC invocations=15 (full 3):
 PSYoungGen      total 723968K, used 91736K [0x000000076ab00000, 0x00000007a5480000, 0x00000007c0000000)
  eden space 597504K, 0% used [0x000000076ab00000,0x000000076ab00000,0x000000078f280000)
  from space 126464K, 72% used [0x0000000799080000,0x000000079ea16390,0x00000007a0c00000)
  to   space 161792K, 0% used [0x000000078f280000,0x000000078f280000,0x0000000799080000)
 ParOldGen       total 487424K, used 296314K [0x00000006c0000000, 0x00000006ddc00000, 0x000000076ab00000)
  object space 487424K, 60% used [0x00000006c0000000,0x00000006d215ebb8,0x00000006ddc00000)
 Metaspace       used 6363K, capacity 7280K, committed 7552K, reserved 1056768K
  class space    used 582K, capacity 616K, committed 640K, reserved 1048576K
}
Event: 14.329 GC heap before
{Heap before GC invocations=16 (full 3):
 PSYoungGen      total 723968K, used 689240K [0x000000076ab00000, 0x00000007a5480000, 0x00000007c0000000)
  eden space 597504K, 100% used [0x000000076ab00000,0x000000078f280000,0x000000078f280000)
  from space 126464K, 72% used [0x0000000799080000,0x000000079ea16390,0x00000007a0c00000)
  to   space 161792K, 0% used [0x000000078f280000,0x000000078f280000,0x0000000799080000)
 ParOldGen       total 487424K, used 296317K [0x00000006c0000000, 0x00000006ddc00000, 0x000000076ab00000)
  object space 487424K, 60% used [0x00000006c0000000,0x00000006d215f4e8,0x00000006ddc00000)
 Metaspace       used 6367K, capacity 7280K, committed 7552K, reserved 1056768K
  class space    used 582K, capacity 616K, committed 640K, reserved 1048576K
Event: 14.637 GC heap after
Heap after GC invocations=16 (full 3):
 PSYoungGen      total 759296K, used 87411K [0x000000076ab00000, 0x00000007a8f00000, 0x00000007c0000000)
  eden space 597504K, 0% used [0x000000076ab00000,0x000000076ab00000,0x000000078f280000)
  from space 161792K, 54% used [0x000000078f280000,0x00000007947dce38,0x0000000799080000)
  to   space 162816K, 0% used [0x000000079f000000,0x000000079f000000,0x00000007a8f00000)
 ParOldGen       total 487424K, used 389036K [0x00000006c0000000, 0x00000006ddc00000, 0x000000076ab00000)
  object space 487424K, 79% used [0x00000006c0000000,0x00000006d7beb150,0x00000006ddc00000)
 Metaspace       used 6367K, capacity 7280K, committed 7552K, reserved 1056768K
  class space    used 582K, capacity 616K, committed 640K, reserved 1048576K
}
Event: 15.874 GC heap before
{Heap before GC invocations=17 (full 3):
 PSYoungGen      total 759296K, used 684915K [0x000000076ab00000, 0x00000007a8f00000, 0x00000007c0000000)
  eden space 597504K, 100% used [0x000000076ab00000,0x000000078f280000,0x000000078f280000)
  from space 161792K, 54% used [0x000000078f280000,0x00000007947dce38,0x0000000799080000)
  to   space 162816K, 0% used [0x000000079f000000,0x000000079f000000,0x00000007a8f00000)
 ParOldGen       total 487424K, used 389036K [0x00000006c0000000, 0x00000006ddc00000, 0x000000076ab00000)
  object space 487424K, 79% used [0x00000006c0000000,0x00000006d7beb150,0x00000006ddc00000)
 Metaspace       used 6369K, capacity 7280K, committed 7552K, reserved 1056768K
  class space    used 582K, capacity 616K, committed 640K, reserved 1048576K
Event: 16.177 GC heap after
Heap after GC invocations=17 (full 3):
 PSYoungGen      total 828416K, used 162795K [0x000000076ab00000, 0x00000007adb00000, 0x00000007c0000000)
  eden space 665600K, 0% used [0x000000076ab00000,0x000000076ab00000,0x0000000793500000)
  from space 162816K, 99% used [0x000000079f000000,0x00000007a8efaeb0,0x00000007a8f00000)
  to   space 191488K, 0% used [0x0000000793500000,0x0000000793500000,0x000000079f000000)
 ParOldGen       total 487424K, used 392000K [0x00000006c0000000, 0x00000006ddc00000, 0x000000076ab00000)
  object space 487424K, 80% used [0x00000006c0000000,0x00000006d7ed00f0,0x00000006ddc00000)
 Metaspace       used 6369K, capacity 7280K, committed 7552K, reserved 1056768K
  class space    used 582K, capacity 616K, committed 640K, reserved 1048576K
}
Event: 17.698 GC heap before
{Heap before GC invocations=18 (full 3):
 PSYoungGen      total 828416K, used 828395K [0x000000076ab00000, 0x00000007adb00000, 0x00000007c0000000)
  eden space 665600K, 100% used [0x000000076ab00000,0x0000000793500000,0x0000000793500000)
  from space 162816K, 99% used [0x000000079f000000,0x00000007a8efaeb0,0x00000007a8f00000)
  to   space 191488K, 0% used [0x0000000793500000,0x0000000793500000,0x000000079f000000)
 ParOldGen       total 487424K, used 392000K [0x00000006c0000000, 0x00000006ddc00000, 0x000000076ab00000)
  object space 487424K, 80% used [0x00000006c0000000,0x00000006d7ed00f0,0x00000006ddc00000)
 Metaspace       used 6379K, capacity 7280K, committed 7552K, reserved 1056768K
  class space    used 583K, capacity 616K, committed 640K, reserved 1048576K
Event: 18.044 GC heap after
Heap after GC invocations=18 (full 3):
 PSYoungGen      total 857088K, used 105411K [0x000000076ab00000, 0x00000007b3880000, 0x00000007c0000000)
  eden space 665600K, 0% used [0x000000076ab00000,0x000000076ab00000,0x0000000793500000)
  from space 191488K, 55% used [0x0000000793500000,0x0000000799bf0c40,0x000000079f000000)
  to   space 192512K, 0% used [0x00000007a7c80000,0x00000007a7c80000,0x00000007b3880000)
 ParOldGen       total 556032K, used 555117K [0x00000006c0000000, 0x00000006e1f00000, 0x000000076ab00000)
  object space 556032K, 99% used [0x00000006c0000000,0x00000006e1e1b560,0x00000006e1f00000)
 Metaspace       used 6379K, capacity 7280K, committed 7552K, reserved 1056768K
  class space    used 583K, capacity 616K, committed 640K, reserved 1048576K
}
Event: 18.044 GC heap before
{Heap before GC invocations=19 (full 4):
 PSYoungGen      total 857088K, used 105411K [0x000000076ab00000, 0x00000007b3880000, 0x00000007c0000000)
  eden space 665600K, 0% used [0x000000076ab00000,0x000000076ab00000,0x0000000793500000)
  from space 191488K, 55% used [0x0000000793500000,0x0000000799bf0c40,0x000000079f000000)
  to   space 192512K, 0% used [0x00000007a7c80000,0x00000007a7c80000,0x00000007b3880000)
 ParOldGen       total 556032K, used 555117K [0x00000006c0000000, 0x00000006e1f00000, 0x000000076ab00000)
  object space 556032K, 99% used [0x00000006c0000000,0x00000006e1e1b560,0x00000006e1f00000)
 Metaspace       used 6379K, capacity 7280K, committed 7552K, reserved 1056768K
  class space    used 583K, capacity 616K, committed 640K, reserved 1048576K

