# JRE version: OpenJDK Runtime Environment (8.0_112-b06) (build 1.8.0_112-release-b06)
# Java VM: OpenJDK 64-Bit Server VM (25.112-b06 mixed mode linux-amd64 compressed oops)
Heap:
 PSYoungGen      total 536064K, used 71661K [0x000000076ab00000, 0x000000078fc80000, 0x00000007c0000000)
  eden space 464384K, 0% used [0x000000076ab00000,0x000000076ab00000,0x0000000787080000)
  from space 71680K, 99% used [0x0000000787080000,0x000000078b67b540,0x000000078b680000)
  to   space 59904K, 0% used [0x000000078c200000,0x000000078c200000,0x000000078fc80000)
 ParOldGen       total 295936K, used 206370K [0x00000006c0000000, 0x00000006d2100000, 0x000000076ab00000)
  object space 295936K, 69% used [0x00000006c0000000,0x00000006cc988888,0x00000006d2100000)
 Metaspace       used 6376K, capacity 7280K, committed 7552K, reserved 1056768K
  class space    used 582K, capacity 616K, committed 640K, reserved 1048576K
GC Heap History (10 events):
Event: 5.773 GC heap after
Heap after GC invocations=10 (full 0):
 PSYoungGen      total 414720K, used 49126K [0x000000076ab00000, 0x0000000789b80000, 0x00000007c0000000)
  eden space 365568K, 0% used [0x000000076ab00000,0x000000076ab00000,0x0000000781000000)
  from space 49152K, 99% used [0x0000000784e80000,0x0000000787e79a78,0x0000000787e80000)
  to   space 64000K, 0% used [0x0000000781000000,0x0000000781000000,0x0000000784e80000)
 ParOldGen       total 84992K, used 77458K [0x00000006c0000000, 0x00000006c5300000, 0x000000076ab00000)
  object space 84992K, 91% used [0x00000006c0000000,0x00000006c4ba4bb8,0x00000006c5300000)
 Metaspace       used 6328K, capacity 7280K, committed 7552K, reserved 1056768K
  class space    used 581K, capacity 616K, committed 640K, reserved 1048576K
}
Event: 5.773 GC heap before
{Heap before GC invocations=11 (full 1):
 PSYoungGen      total 414720K, used 49126K [0x000000076ab00000, 0x0000000789b80000, 0x00000007c0000000)
  eden space 365568K, 0% used [0x000000076ab00000,0x000000076ab00000,0x0000000781000000)
  from space 49152K, 99% used [0x0000000784e80000,0x0000000787e79a78,0x0000000787e80000)
  to   space 64000K, 0% used [0x0000000781000000,0x0000000781000000,0x0000000784e80000)
 ParOldGen       total 84992K, used 77458K [0x00000006c0000000, 0x00000006c5300000, 0x000000076ab00000)
  object space 84992K, 91% used [0x00000006c0000000,0x00000006c4ba4bb8,0x00000006c5300000)
 Metaspace       used 6328K, capacity 7280K, committed 7552K, reserved 1056768K
  class space    used 581K, capacity 616K, committed 640K, reserved 1048576K
Event: 6.398 GC heap after
Heap after GC invocations=11 (full 1):
 PSYoungGen      total 414720K, used 35703K [0x000000076ab00000, 0x0000000789b80000, 0x00000007c0000000)
  eden space 365568K, 0% used [0x000000076ab00000,0x000000076ab00000,0x0000000781000000)
  from space 49152K, 72% used [0x0000000784e80000,0x000000078715de20,0x0000000787e80000)
  to   space 64000K, 0% used [0x0000000781000000,0x0000000781000000,0x0000000784e80000)
 ParOldGen       total 155648K, used 84754K [0x00000006c0000000, 0x00000006c9800000, 0x000000076ab00000)
  object space 155648K, 54% used [0x00000006c0000000,0x00000006c52c48f8,0x00000006c9800000)
 Metaspace       used 6328K, capacity 7280K, committed 7552K, reserved 1056768K
  class space    used 581K, capacity 616K, committed 640K, reserved 1048576K
}
Event: 8.117 GC heap before
{Heap before GC invocations=12 (full 1):
 PSYoungGen      total 414720K, used 401271K [0x000000076ab00000, 0x0000000789b80000, 0x00000007c0000000)
  eden space 365568K, 100% used [0x000000076ab00000,0x0000000781000000,0x0000000781000000)
  from space 49152K, 72% used [0x0000000784e80000,0x000000078715de20,0x0000000787e80000)
  to   space 64000K, 0% used [0x0000000781000000,0x0000000781000000,0x0000000784e80000)
 ParOldGen       total 155648K, used 84754K [0x00000006c0000000, 0x00000006c9800000, 0x000000076ab00000)
  object space 155648K, 54% used [0x00000006c0000000,0x00000006c52c48f8,0x00000006c9800000)
 Metaspace       used 6340K, capacity 7280K, committed 7552K, reserved 1056768K
  class space    used 581K, capacity 616K, committed 640K, reserved 1048576K
Event: 8.462 GC heap after
Heap after GC invocations=12 (full 1):
 PSYoungGen      total 429568K, used 56083K [0x000000076ab00000, 0x0000000790900000, 0x00000007c0000000)
  eden space 365568K, 0% used [0x000000076ab00000,0x000000076ab00000,0x0000000781000000)
  from space 64000K, 87% used [0x0000000781000000,0x00000007846c4d50,0x0000000784e80000)
  to   space 72704K, 0% used [0x000000078c200000,0x000000078c200000,0x0000000790900000)
 ParOldGen       total 155648K, used 120259K [0x00000006c0000000, 0x00000006c9800000, 0x000000076ab00000)
  object space 155648K, 77% used [0x00000006c0000000,0x00000006c7570d48,0x00000006c9800000)
 Metaspace       used 6340K, capacity 7280K, committed 7552K, reserved 1056768K
  class space    used 581K, capacity 616K, committed 640K, reserved 1048576K
}
Event: 12.718 GC heap before
{Heap before GC invocations=13 (full 1):
 PSYoungGen      total 429568K, used 421651K [0x000000076ab00000, 0x0000000790900000, 0x00000007c0000000)
  eden space 365568K, 100% used [0x000000076ab00000,0x0000000781000000,0x0000000781000000)
  from space 64000K, 87% used [0x0000000781000000,0x00000007846c4d50,0x0000000784e80000)
  to   space 72704K, 0% used [0x000000078c200000,0x000000078c200000,0x0000000790900000)
 ParOldGen       total 155648K, used 120259K [0x00000006c0000000, 0x00000006c9800000, 0x000000076ab00000)
  object space 155648K, 77% used [0x00000006c0000000,0x00000006c7570d48,0x00000006c9800000)
 Metaspace       used 6365K, capacity 7280K, committed 7552K, reserved 1056768K
  class space    used 582K, capacity 616K, committed 640K, reserved 1048576K
Event: 13.116 GC heap after
Heap after GC invocations=13 (full 1):
 PSYoungGen      total 524288K, used 36605K [0x000000076ab00000, 0x000000078fc80000, 0x00000007c0000000)
  eden space 464384K, 0% used [0x000000076ab00000,0x000000076ab00000,0x0000000787080000)
  from space 59904K, 61% used [0x000000078c200000,0x000000078e5bf758,0x000000078fc80000)
  to   space 71680K, 0% used [0x0000000787080000,0x0000000787080000,0x000000078b680000)
 ParOldGen       total 174592K, used 174535K [0x00000006c0000000, 0x00000006caa80000, 0x000000076ab00000)
  object space 174592K, 99% used [0x00000006c0000000,0x00000006caa71e78,0x00000006caa80000)
 Metaspace       used 6365K, capacity 7280K, committed 7552K, reserved 1056768K
  class space    used 582K, capacity 616K, committed 640K, reserved 1048576K
}
Event: 13.116 GC heap before
{Heap before GC invocations=14 (full 2):
 PSYoungGen      total 524288K, used 36605K [0x000000076ab00000, 0x000000078fc80000, 0x00000007c0000000)
  eden space 464384K, 0% used [0x000000076ab00000,0x000000076ab00000,0x0000000787080000)
  from space 59904K, 61% used [0x000000078c200000,0x000000078e5bf758,0x000000078fc80000)
  to   space 71680K, 0% used [0x0000000787080000,0x0000000787080000,0x000000078b680000)
 ParOldGen       total 174592K, used 174535K [0x00000006c0000000, 0x00000006caa80000, 0x000000076ab00000)
  object space 174592K, 99% used [0x00000006c0000000,0x00000006caa71e78,0x00000006caa80000)
 Metaspace       used 6365K, capacity 7280K, committed 7552K, reserved 1056768K
  class space    used 582K, capacity 616K, committed 640K, reserved 1048576K
Event: 14.084 GC heap after
Heap after GC invocations=14 (full 2):
 PSYoungGen      total 524288K, used 31231K [0x000000076ab00000, 0x000000078fc80000, 0x00000007c0000000)
  eden space 464384K, 0% used [0x000000076ab00000,0x000000076ab00000,0x0000000787080000)
  from space 59904K, 52% used [0x000000078c200000,0x000000078e07fcd0,0x000000078fc80000)
  to   space 71680K, 0% used [0x0000000787080000,0x0000000787080000,0x000000078b680000)
 ParOldGen       total 295936K, used 174304K [0x00000006c0000000, 0x00000006d2100000, 0x000000076ab00000)
  object space 295936K, 58% used [0x00000006c0000000,0x00000006caa38208,0x00000006d2100000)
 Metaspace       used 6365K, capacity 7280K, committed 7552K, reserved 1056768K
  class space    used 582K, capacity 616K, committed 640K, reserved 1048576K
}
Event: 16.048 GC heap before
{Heap before GC invocations=15 (full 2):
 PSYoungGen      total 524288K, used 495615K [0x000000076ab00000, 0x000000078fc80000, 0x00000007c0000000)
  eden space 464384K, 100% used [0x000000076ab00000,0x0000000787080000,0x0000000787080000)
  from space 59904K, 52% used [0x000000078c200000,0x000000078e07fcd0,0x000000078fc80000)
  to   space 71680K, 0% used [0x0000000787080000,0x0000000787080000,0x000000078b680000)
 ParOldGen       total 295936K, used 174304K [0x00000006c0000000, 0x00000006d2100000, 0x000000076ab00000)
  object space 295936K, 58% used [0x00000006c0000000,0x00000006caa38208,0x00000006d2100000)
 Metaspace       used 6376K, capacity 7280K, committed 7552K, reserved 1056768K
  class space    used 582K, capacity 616K, committed 640K, reserved 1048576K

