# JRE version: OpenJDK Runtime Environment (8.0_112-b06) (build 1.8.0_112-release-b06)
# Java VM: OpenJDK 64-Bit Server VM (25.112-b06 mixed mode linux-amd64 compressed oops)
Heap:
 PSYoungGen      total 908800K, used 218088K [0x000000076ab00000, 0x00000007b2700000, 0x00000007c0000000)
  eden space 690688K, 0% used [0x000000076ab00000,0x000000076ab00000,0x0000000794d80000)
  from space 218112K, 99% used [0x0000000794d80000,0x00000007a227a3b0,0x00000007a2280000)
  to   space 186368K, 0% used [0x00000007a2280000,0x00000007a2280000,0x00000007ad880000)
 ParOldGen       total 489472K, used 488392K [0x00000006c0000000, 0x00000006dde00000, 0x000000076ab00000)
  object space 489472K, 99% used [0x00000006c0000000,0x00000006ddcf2248,0x00000006dde00000)
 Metaspace       used 6740K, capacity 7536K, committed 7808K, reserved 1056768K
  class space    used 600K, capacity 616K, committed 640K, reserved 1048576K
GC Heap History (10 events):
Event: 9.631 GC heap after
Heap after GC invocations=13 (full 2):
 PSYoungGen      total 675328K, used 86109K [0x000000076ab00000, 0x00000007a3100000, 0x00000007c0000000)
  eden space 552448K, 0% used [0x000000076ab00000,0x000000076ab00000,0x000000078c680000)
  from space 122880K, 70% used [0x000000078c680000,0x0000000791a975d8,0x0000000793e80000)
  to   space 131072K, 0% used [0x000000079b100000,0x000000079b100000,0x00000007a3100000)
 ParOldGen       total 294912K, used 238996K [0x00000006c0000000, 0x00000006d2000000, 0x000000076ab00000)
  object space 294912K, 81% used [0x00000006c0000000,0x00000006ce965398,0x00000006d2000000)
 Metaspace       used 6373K, capacity 7280K, committed 7552K, reserved 1056768K
  class space    used 582K, capacity 616K, committed 640K, reserved 1048576K
}
Event: 9.632 GC heap before
{Heap before GC invocations=14 (full 3):
 PSYoungGen      total 675328K, used 86109K [0x000000076ab00000, 0x00000007a3100000, 0x00000007c0000000)
  eden space 552448K, 0% used [0x000000076ab00000,0x000000076ab00000,0x000000078c680000)
  from space 122880K, 70% used [0x000000078c680000,0x0000000791a975d8,0x0000000793e80000)
  to   space 131072K, 0% used [0x000000079b100000,0x000000079b100000,0x00000007a3100000)
 ParOldGen       total 294912K, used 238996K [0x00000006c0000000, 0x00000006d2000000, 0x000000076ab00000)
  object space 294912K, 81% used [0x00000006c0000000,0x00000006ce965398,0x00000006d2000000)
 Metaspace       used 6373K, capacity 7280K, committed 7552K, reserved 1056768K
  class space    used 582K, capacity 616K, committed 640K, reserved 1048576K
Event: 11.370 GC heap after
Heap after GC invocations=14 (full 3):
 PSYoungGen      total 675328K, used 24314K [0x000000076ab00000, 0x00000007a3100000, 0x00000007c0000000)
  eden space 552448K, 0% used [0x000000076ab00000,0x000000076ab00000,0x000000078c680000)
  from space 122880K, 19% used [0x000000078c680000,0x000000078de3e950,0x0000000793e80000)
  to   space 131072K, 0% used [0x000000079b100000,0x000000079b100000,0x00000007a3100000)
 ParOldGen       total 485888K, used 294877K [0x00000006c0000000, 0x00000006dda80000, 0x000000076ab00000)
  object space 485888K, 60% used [0x00000006c0000000,0x00000006d1ff7578,0x00000006dda80000)
 Metaspace       used 6373K, capacity 7280K, committed 7552K, reserved 1056768K
  class space    used 582K, capacity 616K, committed 640K, reserved 1048576K
}
Event: 12.709 GC heap before
{Heap before GC invocations=15 (full 3):
 PSYoungGen      total 675328K, used 576762K [0x000000076ab00000, 0x00000007a3100000, 0x00000007c0000000)
  eden space 552448K, 100% used [0x000000076ab00000,0x000000078c680000,0x000000078c680000)
  from space 122880K, 19% used [0x000000078c680000,0x000000078de3e950,0x0000000793e80000)
  to   space 131072K, 0% used [0x000000079b100000,0x000000079b100000,0x00000007a3100000)
 ParOldGen       total 485888K, used 294877K [0x00000006c0000000, 0x00000006dda80000, 0x000000076ab00000)
  object space 485888K, 60% used [0x00000006c0000000,0x00000006d1ff7578,0x00000006dda80000)
 Metaspace       used 6381K, capacity 7280K, committed 7552K, reserved 1056768K
  class space    used 582K, capacity 616K, committed 640K, reserved 1048576K
Event: 12.932 GC heap after
Heap after GC invocations=15 (full 3):
 PSYoungGen      total 750592K, used 105193K [0x000000076ab00000, 0x00000007a2980000, 0x00000007c0000000)
  eden space 627200K, 0% used [0x000000076ab00000,0x000000076ab00000,0x0000000790f80000)
  from space 123392K, 85% used [0x000000079b100000,0x00000007a17ba718,0x00000007a2980000)
  to   space 144384K, 0% used [0x0000000790f80000,0x0000000790f80000,0x0000000799c80000)
 ParOldGen       total 485888K, used 294877K [0x00000006c0000000, 0x00000006dda80000, 0x000000076ab00000)
  object space 485888K, 60% used [0x00000006c0000000,0x00000006d1ff7578,0x00000006dda80000)
 Metaspace       used 6381K, capacity 7280K, committed 7552K, reserved 1056768K
  class space    used 582K, capacity 616K, committed 640K, reserved 1048576K
}
Event: 14.241 GC heap before
{Heap before GC invocations=16 (full 3):
 PSYoungGen      total 750592K, used 732393K [0x000000076ab00000, 0x00000007a2980000, 0x00000007c0000000)
  eden space 627200K, 100% used [0x000000076ab00000,0x0000000790f80000,0x0000000790f80000)
  from space 123392K, 85% used [0x000000079b100000,0x00000007a17ba718,0x00000007a2980000)
  to   space 144384K, 0% used [0x0000000790f80000,0x0000000790f80000,0x0000000799c80000)
 ParOldGen       total 485888K, used 294877K [0x00000006c0000000, 0x00000006dda80000, 0x000000076ab00000)
  object space 485888K, 60% used [0x00000006c0000000,0x00000006d1ff7578,0x00000006dda80000)
 Metaspace       used 6385K, capacity 7280K, committed 7552K, reserved 1056768K
  class space    used 582K, capacity 616K, committed 640K, reserved 1048576K
Event: 14.467 GC heap after
Heap after GC invocations=16 (full 3):
 PSYoungGen      total 771584K, used 144375K [0x000000076ab00000, 0x00000007ad880000, 0x00000007c0000000)
  eden space 627200K, 0% used [0x000000076ab00000,0x000000076ab00000,0x0000000790f80000)
  from space 144384K, 99% used [0x0000000790f80000,0x0000000799c7dd70,0x0000000799c80000)
  to   space 186368K, 0% used [0x00000007a2280000,0x00000007a2280000,0x00000007ad880000)
 ParOldGen       total 485888K, used 341341K [0x00000006c0000000, 0x00000006dda80000, 0x000000076ab00000)
  object space 485888K, 70% used [0x00000006c0000000,0x00000006d4d57640,0x00000006dda80000)
 Metaspace       used 6385K, capacity 7280K, committed 7552K, reserved 1056768K
  class space    used 582K, capacity 616K, committed 640K, reserved 1048576K
}
Event: 15.751 GC heap before
{Heap before GC invocations=17 (full 3):
 PSYoungGen      total 771584K, used 771575K [0x000000076ab00000, 0x00000007ad880000, 0x00000007c0000000)
  eden space 627200K, 100% used [0x000000076ab00000,0x0000000790f80000,0x0000000790f80000)
  from space 144384K, 99% used [0x0000000790f80000,0x0000000799c7dd70,0x0000000799c80000)
  to   space 186368K, 0% used [0x00000007a2280000,0x00000007a2280000,0x00000007ad880000)
 ParOldGen       total 485888K, used 341341K [0x00000006c0000000, 0x00000006dda80000, 0x000000076ab00000)
  object space 485888K, 70% used [0x00000006c0000000,0x00000006d4d57640,0x00000006dda80000)
 Metaspace       used 6387K, capacity 7280K, committed 7552K, reserved 1056768K
  class space    used 582K, capacity 616K, committed 640K, reserved 1048576K
Event: 16.086 GC heap after
Heap after GC invocations=17 (full 3):
 PSYoungGen      total 877056K, used 184460K [0x000000076ab00000, 0x00000007b2700000, 0x00000007c0000000)
  eden space 690688K, 0% used [0x000000076ab00000,0x000000076ab00000,0x0000000794d80000)
  from space 186368K, 98% used [0x00000007a2280000,0x00000007ad6a32f0,0x00000007ad880000)
  to   space 218112K, 0% used [0x0000000794d80000,0x0000000794d80000,0x00000007a2280000)
 ParOldGen       total 485888K, used 405141K [0x00000006c0000000, 0x00000006dda80000, 0x000000076ab00000)
  object space 485888K, 83% used [0x00000006c0000000,0x00000006d8ba54d0,0x00000006dda80000)
 Metaspace       used 6387K, capacity 7280K, committed 7552K, reserved 1056768K
  class space    used 582K, capacity 616K, committed 640K, reserved 1048576K
}
Event: 18.824 GC heap before
{Heap before GC invocations=18 (full 3):
 PSYoungGen      total 877056K, used 875148K [0x000000076ab00000, 0x00000007b2700000, 0x00000007c0000000)
  eden space 690688K, 100% used [0x000000076ab00000,0x0000000794d80000,0x0000000794d80000)
  from space 186368K, 98% used [0x00000007a2280000,0x00000007ad6a32f0,0x00000007ad880000)
  to   space 218112K, 0% used [0x0000000794d80000,0x0000000794d80000,0x00000007a2280000)
 ParOldGen       total 485888K, used 405141K [0x00000006c0000000, 0x00000006dda80000, 0x000000076ab00000)
  object space 485888K, 83% used [0x00000006c0000000,0x00000006d8ba54d0,0x00000006dda80000)
 Metaspace       used 6740K, capacity 7536K, committed 7808K, reserved 1056768K
  class space    used 600K, capacity 616K, committed 640K, reserved 1048576K

