# JRE version: OpenJDK Runtime Environment (8.0_112-b06) (build 1.8.0_112-release-b06)
# Java VM: OpenJDK 64-Bit Server VM (25.112-b06 mixed mode linux-amd64 compressed oops)
Heap:
 PSYoungGen      total 919040K, used 105421K [0x000000076ab00000, 0x00000007b2e00000, 0x00000007c0000000)
  eden space 732672K, 0% used [0x000000076ab00000,0x000000076ab00000,0x0000000797680000)
  from space 186368K, 56% used [0x00000007a3e80000,0x00000007aa573420,0x00000007af480000)
  to   space 204800K, 0% used [0x0000000797680000,0x0000000797680000,0x00000007a3e80000)
 ParOldGen       total 475136K, used 474984K [0x00000006c0000000, 0x00000006dd000000, 0x000000076ab00000)
  object space 475136K, 99% used [0x00000006c0000000,0x00000006dcfda2b8,0x00000006dd000000)
 Metaspace       used 6391K, capacity 7280K, committed 7552K, reserved 1056768K
  class space    used 582K, capacity 616K, committed 640K, reserved 1048576K
GC Heap History (10 events):
Event: 9.573 GC heap after
Heap after GC invocations=13 (full 2):
 PSYoungGen      total 681472K, used 82650K [0x000000076ab00000, 0x00000007a3380000, 0x00000007c0000000)
  eden space 560128K, 0% used [0x000000076ab00000,0x000000076ab00000,0x000000078ce00000)
  from space 121344K, 68% used [0x000000078ce00000,0x0000000791eb6828,0x0000000794480000)
  to   space 128512K, 0% used [0x000000079b600000,0x000000079b600000,0x00000007a3380000)
 ParOldGen       total 290816K, used 234899K [0x00000006c0000000, 0x00000006d1c00000, 0x000000076ab00000)
  object space 290816K, 80% used [0x00000006c0000000,0x00000006ce564e18,0x00000006d1c00000)
 Metaspace       used 6380K, capacity 7280K, committed 7552K, reserved 1056768K
  class space    used 581K, capacity 616K, committed 640K, reserved 1048576K
}
Event: 9.573 GC heap before
{Heap before GC invocations=14 (full 3):
 PSYoungGen      total 681472K, used 82650K [0x000000076ab00000, 0x00000007a3380000, 0x00000007c0000000)
  eden space 560128K, 0% used [0x000000076ab00000,0x000000076ab00000,0x000000078ce00000)
  from space 121344K, 68% used [0x000000078ce00000,0x0000000791eb6828,0x0000000794480000)
  to   space 128512K, 0% used [0x000000079b600000,0x000000079b600000,0x00000007a3380000)
 ParOldGen       total 290816K, used 234899K [0x00000006c0000000, 0x00000006d1c00000, 0x000000076ab00000)
  object space 290816K, 80% used [0x00000006c0000000,0x00000006ce564e18,0x00000006d1c00000)
 Metaspace       used 6380K, capacity 7280K, committed 7552K, reserved 1056768K
  class space    used 581K, capacity 616K, committed 640K, reserved 1048576K
Event: 10.596 GC heap after
Heap after GC invocations=14 (full 3):
 PSYoungGen      total 681472K, used 22888K [0x000000076ab00000, 0x00000007a3380000, 0x00000007c0000000)
  eden space 560128K, 0% used [0x000000076ab00000,0x000000076ab00000,0x000000078ce00000)
  from space 121344K, 18% used [0x000000078ce00000,0x000000078e45a0f0,0x0000000794480000)
  to   space 128512K, 0% used [0x000000079b600000,0x000000079b600000,0x00000007a3380000)
 ParOldGen       total 475136K, used 290351K [0x00000006c0000000, 0x00000006dd000000, 0x000000076ab00000)
  object space 475136K, 61% used [0x00000006c0000000,0x00000006d1b8be98,0x00000006dd000000)
 Metaspace       used 6380K, capacity 7280K, committed 7552K, reserved 1056768K
  class space    used 581K, capacity 616K, committed 640K, reserved 1048576K
}
Event: 11.952 GC heap before
{Heap before GC invocations=15 (full 3):
 PSYoungGen      total 681472K, used 583016K [0x000000076ab00000, 0x00000007a3380000, 0x00000007c0000000)
  eden space 560128K, 100% used [0x000000076ab00000,0x000000078ce00000,0x000000078ce00000)
  from space 121344K, 18% used [0x000000078ce00000,0x000000078e45a0f0,0x0000000794480000)
  to   space 128512K, 0% used [0x000000079b600000,0x000000079b600000,0x00000007a3380000)
 ParOldGen       total 475136K, used 290351K [0x00000006c0000000, 0x00000006dd000000, 0x000000076ab00000)
  object space 475136K, 61% used [0x00000006c0000000,0x00000006d1b8be98,0x00000006dd000000)
 Metaspace       used 6386K, capacity 7280K, committed 7552K, reserved 1056768K
  class space    used 582K, capacity 616K, committed 640K, reserved 1048576K
Event: 12.141 GC heap after
Heap after GC invocations=15 (full 3):
 PSYoungGen      total 772608K, used 107483K [0x000000076ab00000, 0x00000007a3700000, 0x00000007c0000000)
  eden space 644096K, 0% used [0x000000076ab00000,0x000000076ab00000,0x0000000792000000)
  from space 128512K, 83% used [0x000000079b600000,0x00000007a1ef6df0,0x00000007a3380000)
  to   space 142848K, 0% used [0x0000000792000000,0x0000000792000000,0x000000079ab80000)
 ParOldGen       total 475136K, used 290351K [0x00000006c0000000, 0x00000006dd000000, 0x000000076ab00000)
  object space 475136K, 61% used [0x00000006c0000000,0x00000006d1b8be98,0x00000006dd000000)
 Metaspace       used 6386K, capacity 7280K, committed 7552K, reserved 1056768K
  class space    used 582K, capacity 616K, committed 640K, reserved 1048576K
}
Event: 13.577 GC heap before
{Heap before GC invocations=16 (full 3):
 PSYoungGen      total 772608K, used 751579K [0x000000076ab00000, 0x00000007a3700000, 0x00000007c0000000)
  eden space 644096K, 100% used [0x000000076ab00000,0x0000000792000000,0x0000000792000000)
  from space 128512K, 83% used [0x000000079b600000,0x00000007a1ef6df0,0x00000007a3380000)
  to   space 142848K, 0% used [0x0000000792000000,0x0000000792000000,0x000000079ab80000)
 ParOldGen       total 475136K, used 290351K [0x00000006c0000000, 0x00000006dd000000, 0x000000076ab00000)
  object space 475136K, 61% used [0x00000006c0000000,0x00000006d1b8be98,0x00000006dd000000)
 Metaspace       used 6391K, capacity 7280K, committed 7552K, reserved 1056768K
  class space    used 582K, capacity 616K, committed 640K, reserved 1048576K
Event: 13.799 GC heap after
Heap after GC invocations=16 (full 3):
 PSYoungGen      total 786944K, used 142838K [0x000000076ab00000, 0x00000007af480000, 0x00000007c0000000)
  eden space 644096K, 0% used [0x000000076ab00000,0x000000076ab00000,0x0000000792000000)
  from space 142848K, 99% used [0x0000000792000000,0x000000079ab7d870,0x000000079ab80000)
  to   space 186368K, 0% used [0x00000007a3e80000,0x00000007a3e80000,0x00000007af480000)
 ParOldGen       total 475136K, used 341702K [0x00000006c0000000, 0x00000006dd000000, 0x000000076ab00000)
  object space 475136K, 71% used [0x00000006c0000000,0x00000006d4db19a0,0x00000006dd000000)
 Metaspace       used 6391K, capacity 7280K, committed 7552K, reserved 1056768K
  class space    used 582K, capacity 616K, committed 640K, reserved 1048576K
}
Event: 15.237 GC heap before
{Heap before GC invocations=17 (full 3):
 PSYoungGen      total 786944K, used 786934K [0x000000076ab00000, 0x00000007af480000, 0x00000007c0000000)
  eden space 644096K, 100% used [0x000000076ab00000,0x0000000792000000,0x0000000792000000)
  from space 142848K, 99% used [0x0000000792000000,0x000000079ab7d870,0x000000079ab80000)
  to   space 186368K, 0% used [0x00000007a3e80000,0x00000007a3e80000,0x00000007af480000)
 ParOldGen       total 475136K, used 341702K [0x00000006c0000000, 0x00000006dd000000, 0x000000076ab00000)
  object space 475136K, 71% used [0x00000006c0000000,0x00000006d4db19a0,0x00000006dd000000)
 Metaspace       used 6391K, capacity 7280K, committed 7552K, reserved 1056768K
  class space    used 582K, capacity 616K, committed 640K, reserved 1048576K
Event: 15.626 GC heap after
Heap after GC invocations=17 (full 3):
 PSYoungGen      total 919040K, used 147992K [0x000000076ab00000, 0x00000007b2e00000, 0x00000007c0000000)
  eden space 732672K, 0% used [0x000000076ab00000,0x000000076ab00000,0x0000000797680000)
  from space 186368K, 79% used [0x00000007a3e80000,0x00000007acf06248,0x00000007af480000)
  to   space 204800K, 0% used [0x0000000797680000,0x0000000797680000,0x00000007a3e80000)
 ParOldGen       total 475136K, used 439129K [0x00000006c0000000, 0x00000006dd000000, 0x000000076ab00000)
  object space 475136K, 92% used [0x00000006c0000000,0x00000006dacd6558,0x00000006dd000000)
 Metaspace       used 6391K, capacity 7280K, committed 7552K, reserved 1056768K
  class space    used 582K, capacity 616K, committed 640K, reserved 1048576K
}
Event: 15.626 GC heap before
{Heap before GC invocations=18 (full 4):
 PSYoungGen      total 919040K, used 147992K [0x000000076ab00000, 0x00000007b2e00000, 0x00000007c0000000)
  eden space 732672K, 0% used [0x000000076ab00000,0x000000076ab00000,0x0000000797680000)
  from space 186368K, 79% used [0x00000007a3e80000,0x00000007acf06248,0x00000007af480000)
  to   space 204800K, 0% used [0x0000000797680000,0x0000000797680000,0x00000007a3e80000)
 ParOldGen       total 475136K, used 439129K [0x00000006c0000000, 0x00000006dd000000, 0x000000076ab00000)
  object space 475136K, 92% used [0x00000006c0000000,0x00000006dacd6558,0x00000006dd000000)
 Metaspace       used 6391K, capacity 7280K, committed 7552K, reserved 1056768K
  class space    used 582K, capacity 616K, committed 640K, reserved 1048576K

