# JRE version: OpenJDK Runtime Environment (8.0_112-b06) (build 1.8.0_112-release-b06)
# Java VM: OpenJDK 64-Bit Server VM (25.112-b06 mixed mode linux-amd64 compressed oops)
Heap:
 PSYoungGen      total 901120K, used 169445K [0x000000076ab00000, 0x00000007ac080000, 0x00000007c0000000)
  eden space 731648K, 0% used [0x000000076ab00000,0x000000076ab00000,0x0000000797580000)
  from space 169472K, 99% used [0x0000000797580000,0x00000007a1af9528,0x00000007a1b00000)
  to   space 147968K, 0% used [0x00000007a3000000,0x00000007a3000000,0x00000007ac080000)
 ParOldGen       total 730624K, used 509373K [0x00000006c0000000, 0x00000006ec980000, 0x000000076ab00000)
  object space 730624K, 69% used [0x00000006c0000000,0x00000006df16f5d8,0x00000006ec980000)
 Metaspace       used 6414K, capacity 7280K, committed 7552K, reserved 1056768K
  class space    used 583K, capacity 616K, committed 640K, reserved 1048576K
GC Heap History (10 events):
Event: 11.169 GC heap after
Heap after GC invocations=14 (full 2):
 PSYoungGen      total 763904K, used 126952K [0x000000076ab00000, 0x00000007a8a80000, 0x00000007c0000000)
  eden space 636928K, 0% used [0x000000076ab00000,0x000000076ab00000,0x0000000791900000)
  from space 126976K, 99% used [0x000000079ba80000,0x00000007a367a070,0x00000007a3680000)
  to   space 165376K, 0% used [0x0000000791900000,0x0000000791900000,0x000000079ba80000)
 ParOldGen       total 287232K, used 271869K [0x00000006c0000000, 0x00000006d1880000, 0x000000076ab00000)
  object space 287232K, 94% used [0x00000006c0000000,0x00000006d097f560,0x00000006d1880000)
 Metaspace       used 6394K, capacity 7280K, committed 7552K, reserved 1056768K
  class space    used 582K, capacity 616K, committed 640K, reserved 1048576K
}
Event: 11.169 GC heap before
{Heap before GC invocations=15 (full 3):
 PSYoungGen      total 763904K, used 126952K [0x000000076ab00000, 0x00000007a8a80000, 0x00000007c0000000)
  eden space 636928K, 0% used [0x000000076ab00000,0x000000076ab00000,0x0000000791900000)
  from space 126976K, 99% used [0x000000079ba80000,0x00000007a367a070,0x00000007a3680000)
  to   space 165376K, 0% used [0x0000000791900000,0x0000000791900000,0x000000079ba80000)
 ParOldGen       total 287232K, used 271869K [0x00000006c0000000, 0x00000006d1880000, 0x000000076ab00000)
  object space 287232K, 94% used [0x00000006c0000000,0x00000006d097f560,0x00000006d1880000)
 Metaspace       used 6394K, capacity 7280K, committed 7552K, reserved 1056768K
  class space    used 582K, capacity 616K, committed 640K, reserved 1048576K
Event: 12.683 GC heap after
Heap after GC invocations=15 (full 3):
 PSYoungGen      total 763904K, used 108068K [0x000000076ab00000, 0x00000007a8a80000, 0x00000007c0000000)
  eden space 636928K, 0% used [0x000000076ab00000,0x000000076ab00000,0x0000000791900000)
  from space 126976K, 85% used [0x000000079ba80000,0x00000007a24090f0,0x00000007a3680000)
  to   space 165376K, 0% used [0x0000000791900000,0x0000000791900000,0x000000079ba80000)
 ParOldGen       total 467968K, used 287173K [0x00000006c0000000, 0x00000006dc900000, 0x000000076ab00000)
  object space 467968K, 61% used [0x00000006c0000000,0x00000006d1871750,0x00000006dc900000)
 Metaspace       used 6394K, capacity 7280K, committed 7552K, reserved 1056768K
  class space    used 582K, capacity 616K, committed 640K, reserved 1048576K
}
Event: 14.082 GC heap before
{Heap before GC invocations=16 (full 3):
 PSYoungGen      total 763904K, used 744996K [0x000000076ab00000, 0x00000007a8a80000, 0x00000007c0000000)
  eden space 636928K, 100% used [0x000000076ab00000,0x0000000791900000,0x0000000791900000)
  from space 126976K, 85% used [0x000000079ba80000,0x00000007a24090f0,0x00000007a3680000)
  to   space 165376K, 0% used [0x0000000791900000,0x0000000791900000,0x000000079ba80000)
 ParOldGen       total 467968K, used 287173K [0x00000006c0000000, 0x00000006dc900000, 0x000000076ab00000)
  object space 467968K, 61% used [0x00000006c0000000,0x00000006d1871750,0x00000006dc900000)
 Metaspace       used 6401K, capacity 7280K, committed 7552K, reserved 1056768K
  class space    used 582K, capacity 616K, committed 640K, reserved 1048576K
Event: 14.380 GC heap after
Heap after GC invocations=16 (full 3):
 PSYoungGen      total 802304K, used 86496K [0x000000076ab00000, 0x00000007ad180000, 0x00000007c0000000)
  eden space 636928K, 0% used [0x000000076ab00000,0x000000076ab00000,0x0000000791900000)
  from space 165376K, 52% used [0x0000000791900000,0x0000000796d78128,0x000000079ba80000)
  to   space 165376K, 0% used [0x00000007a3000000,0x00000007a3000000,0x00000007ad180000)
 ParOldGen       total 467968K, used 396400K [0x00000006c0000000, 0x00000006dc900000, 0x000000076ab00000)
  object space 467968K, 84% used [0x00000006c0000000,0x00000006d831c020,0x00000006dc900000)
 Metaspace       used 6401K, capacity 7280K, committed 7552K, reserved 1056768K
  class space    used 582K, capacity 616K, committed 640K, reserved 1048576K
}
Event: 14.380 GC heap before
{Heap before GC invocations=17 (full 4):
 PSYoungGen      total 802304K, used 86496K [0x000000076ab00000, 0x00000007ad180000, 0x00000007c0000000)
  eden space 636928K, 0% used [0x000000076ab00000,0x000000076ab00000,0x0000000791900000)
  from space 165376K, 52% used [0x0000000791900000,0x0000000796d78128,0x000000079ba80000)
  to   space 165376K, 0% used [0x00000007a3000000,0x00000007a3000000,0x00000007ad180000)
 ParOldGen       total 467968K, used 396400K [0x00000006c0000000, 0x00000006dc900000, 0x000000076ab00000)
  object space 467968K, 84% used [0x00000006c0000000,0x00000006d831c020,0x00000006dc900000)
 Metaspace       used 6401K, capacity 7280K, committed 7552K, reserved 1056768K
  class space    used 582K, capacity 616K, committed 640K, reserved 1048576K
Event: 16.092 GC heap after
Heap after GC invocations=17 (full 4):
 PSYoungGen      total 802304K, used 9463K [0x000000076ab00000, 0x00000007ad180000, 0x00000007c0000000)
  eden space 636928K, 0% used [0x000000076ab00000,0x000000076ab00000,0x0000000791900000)
  from space 165376K, 5% used [0x0000000791900000,0x000000079223dfd0,0x000000079ba80000)
  to   space 165376K, 0% used [0x00000007a3000000,0x00000007a3000000,0x00000007ad180000)
 ParOldGen       total 730624K, used 467521K [0x00000006c0000000, 0x00000006ec980000, 0x000000076ab00000)
  object space 730624K, 63% used [0x00000006c0000000,0x00000006dc890458,0x00000006ec980000)
 Metaspace       used 6401K, capacity 7280K, committed 7552K, reserved 1056768K
  class space    used 582K, capacity 616K, committed 640K, reserved 1048576K
}
Event: 18.125 GC heap before
{Heap before GC invocations=18 (full 4):
 PSYoungGen      total 802304K, used 646391K [0x000000076ab00000, 0x00000007ad180000, 0x00000007c0000000)
  eden space 636928K, 100% used [0x000000076ab00000,0x0000000791900000,0x0000000791900000)
  from space 165376K, 5% used [0x0000000791900000,0x000000079223dfd0,0x000000079ba80000)
  to   space 165376K, 0% used [0x00000007a3000000,0x00000007a3000000,0x00000007ad180000)
 ParOldGen       total 730624K, used 467521K [0x00000006c0000000, 0x00000006ec980000, 0x000000076ab00000)
  object space 730624K, 63% used [0x00000006c0000000,0x00000006dc890458,0x00000006ec980000)
 Metaspace       used 6401K, capacity 7280K, committed 7552K, reserved 1056768K
  class space    used 582K, capacity 616K, committed 640K, reserved 1048576K
Event: 18.423 GC heap after
Heap after GC invocations=18 (full 4):
 PSYoungGen      total 879616K, used 100494K [0x000000076ab00000, 0x00000007ac080000, 0x00000007c0000000)
  eden space 731648K, 0% used [0x000000076ab00000,0x000000076ab00000,0x0000000797580000)
  from space 147968K, 67% used [0x00000007a3000000,0x00000007a92238b8,0x00000007ac080000)
  to   space 169472K, 0% used [0x0000000797580000,0x0000000797580000,0x00000007a1b00000)
 ParOldGen       total 730624K, used 467521K [0x00000006c0000000, 0x00000006ec980000, 0x000000076ab00000)
  object space 730624K, 63% used [0x00000006c0000000,0x00000006dc890458,0x00000006ec980000)
 Metaspace       used 6401K, capacity 7280K, committed 7552K, reserved 1056768K
  class space    used 582K, capacity 616K, committed 640K, reserved 1048576K
}
Event: 20.829 GC heap before
{Heap before GC invocations=19 (full 4):
 PSYoungGen      total 879616K, used 832142K [0x000000076ab00000, 0x00000007ac080000, 0x00000007c0000000)
  eden space 731648K, 100% used [0x000000076ab00000,0x0000000797580000,0x0000000797580000)
  from space 147968K, 67% used [0x00000007a3000000,0x00000007a92238b8,0x00000007ac080000)
  to   space 169472K, 0% used [0x0000000797580000,0x0000000797580000,0x00000007a1b00000)
 ParOldGen       total 730624K, used 467521K [0x00000006c0000000, 0x00000006ec980000, 0x000000076ab00000)
  object space 730624K, 63% used [0x00000006c0000000,0x00000006dc890458,0x00000006ec980000)
 Metaspace       used 6414K, capacity 7280K, committed 7552K, reserved 1056768K
  class space    used 583K, capacity 616K, committed 640K, reserved 1048576K

