# JRE version: OpenJDK Runtime Environment (8.0_112-b06) (build 1.8.0_112-release-b06)
# Java VM: OpenJDK 64-Bit Server VM (25.112-b06 mixed mode linux-amd64 compressed oops)
Heap:
 PSYoungGen      total 689664K, used 29799K [0x000000076ab00000, 0x00000007a4c80000, 0x00000007c0000000)
  eden space 568320K, 0% used [0x000000076ab00000,0x000000076ab00000,0x000000078d600000)
  from space 121344K, 24% used [0x000000078d600000,0x000000078f319ec0,0x0000000794c80000)
  to   space 130048K, 0% used [0x000000079cd80000,0x000000079cd80000,0x00000007a4c80000)
 ParOldGen       total 287232K, used 287006K [0x00000006c0000000, 0x00000006d1880000, 0x000000076ab00000)
  object space 287232K, 99% used [0x00000006c0000000,0x00000006d1847940,0x00000006d1880000)
 Metaspace       used 6385K, capacity 7280K, committed 7552K, reserved 1056768K
  class space    used 581K, capacity 616K, committed 640K, reserved 1048576K
GC Heap History (10 events):
Event: 4.345 GC heap after
Heap after GC invocations=9 (full 1):
 PSYoungGen      total 529920K, used 31422K [0x000000076ab00000, 0x0000000791300000, 0x00000007c0000000)
  eden space 479744K, 0% used [0x000000076ab00000,0x000000076ab00000,0x0000000787f80000)
  from space 50176K, 62% used [0x000000078c100000,0x000000078dfaf940,0x000000078f200000)
  to   space 67072K, 0% used [0x0000000787f80000,0x0000000787f80000,0x000000078c100000)
 ParOldGen       total 162304K, used 84758K [0x00000006c0000000, 0x00000006c9e80000, 0x000000076ab00000)
  object space 162304K, 52% used [0x00000006c0000000,0x00000006c52c58e0,0x00000006c9e80000)
 Metaspace       used 6330K, capacity 7280K, committed 7552K, reserved 1056768K
  class space    used 581K, capacity 616K, committed 640K, reserved 1048576K
}
Event: 5.431 GC heap before
{Heap before GC invocations=10 (full 1):
 PSYoungGen      total 529920K, used 511166K [0x000000076ab00000, 0x0000000791300000, 0x00000007c0000000)
  eden space 479744K, 100% used [0x000000076ab00000,0x0000000787f80000,0x0000000787f80000)
  from space 50176K, 62% used [0x000000078c100000,0x000000078dfaf940,0x000000078f200000)
  to   space 67072K, 0% used [0x0000000787f80000,0x0000000787f80000,0x000000078c100000)
 ParOldGen       total 162304K, used 84758K [0x00000006c0000000, 0x00000006c9e80000, 0x000000076ab00000)
  object space 162304K, 52% used [0x00000006c0000000,0x00000006c52c58e0,0x00000006c9e80000)
 Metaspace       used 6356K, capacity 7280K, committed 7552K, reserved 1056768K
  class space    used 581K, capacity 616K, committed 640K, reserved 1048576K
Event: 5.568 GC heap after
Heap after GC invocations=10 (full 1):
 PSYoungGen      total 546816K, used 67071K [0x000000076ab00000, 0x000000079a300000, 0x00000007c0000000)
  eden space 479744K, 0% used [0x000000076ab00000,0x000000076ab00000,0x0000000787f80000)
  from space 67072K, 99% used [0x0000000787f80000,0x000000078c0ffc50,0x000000078c100000)
  to   space 88576K, 0% used [0x0000000794c80000,0x0000000794c80000,0x000000079a300000)
 ParOldGen       total 162304K, used 107335K [0x00000006c0000000, 0x00000006c9e80000, 0x000000076ab00000)
  object space 162304K, 66% used [0x00000006c0000000,0x00000006c68d1d18,0x00000006c9e80000)
 Metaspace       used 6356K, capacity 7280K, committed 7552K, reserved 1056768K
  class space    used 581K, capacity 616K, committed 640K, reserved 1048576K
}
Event: 6.763 GC heap before
{Heap before GC invocations=11 (full 1):
 PSYoungGen      total 546816K, used 546815K [0x000000076ab00000, 0x000000079a300000, 0x00000007c0000000)
  eden space 479744K, 100% used [0x000000076ab00000,0x0000000787f80000,0x0000000787f80000)
  from space 67072K, 99% used [0x0000000787f80000,0x000000078c0ffc50,0x000000078c100000)
  to   space 88576K, 0% used [0x0000000794c80000,0x0000000794c80000,0x000000079a300000)
 ParOldGen       total 162304K, used 107335K [0x00000006c0000000, 0x00000006c9e80000, 0x000000076ab00000)
  object space 162304K, 66% used [0x00000006c0000000,0x00000006c68d1d18,0x00000006c9e80000)
 Metaspace       used 6376K, capacity 7280K, committed 7552K, reserved 1056768K
  class space    used 581K, capacity 616K, committed 640K, reserved 1048576K
Event: 7.025 GC heap after
Heap after GC invocations=11 (full 1):
 PSYoungGen      total 656896K, used 88552K [0x000000076ab00000, 0x000000079f180000, 0x00000007c0000000)
  eden space 568320K, 0% used [0x000000076ab00000,0x000000076ab00000,0x000000078d600000)
  from space 88576K, 99% used [0x0000000794c80000,0x000000079a2fa358,0x000000079a300000)
  to   space 121344K, 0% used [0x000000078d600000,0x000000078d600000,0x0000000794c80000)
 ParOldGen       total 162304K, used 154244K [0x00000006c0000000, 0x00000006c9e80000, 0x000000076ab00000)
  object space 162304K, 95% used [0x00000006c0000000,0x00000006c96a1130,0x00000006c9e80000)
 Metaspace       used 6376K, capacity 7280K, committed 7552K, reserved 1056768K
  class space    used 581K, capacity 616K, committed 640K, reserved 1048576K
}
Event: 7.025 GC heap before
{Heap before GC invocations=12 (full 2):
 PSYoungGen      total 656896K, used 88552K [0x000000076ab00000, 0x000000079f180000, 0x00000007c0000000)
  eden space 568320K, 0% used [0x000000076ab00000,0x000000076ab00000,0x000000078d600000)
  from space 88576K, 99% used [0x0000000794c80000,0x000000079a2fa358,0x000000079a300000)
  to   space 121344K, 0% used [0x000000078d600000,0x000000078d600000,0x0000000794c80000)
 ParOldGen       total 162304K, used 154244K [0x00000006c0000000, 0x00000006c9e80000, 0x000000076ab00000)
  object space 162304K, 95% used [0x00000006c0000000,0x00000006c96a1130,0x00000006c9e80000)
 Metaspace       used 6376K, capacity 7280K, committed 7552K, reserved 1056768K
  class space    used 581K, capacity 616K, committed 640K, reserved 1048576K
Event: 8.053 GC heap after
Heap after GC invocations=12 (full 2):
 PSYoungGen      total 656896K, used 72503K [0x000000076ab00000, 0x000000079f180000, 0x00000007c0000000)
  eden space 568320K, 0% used [0x000000076ab00000,0x000000076ab00000,0x000000078d600000)
  from space 88576K, 81% used [0x0000000794c80000,0x000000079934dd00,0x000000079a300000)
  to   space 121344K, 0% used [0x000000078d600000,0x000000078d600000,0x0000000794c80000)
 ParOldGen       total 287232K, used 162279K [0x00000006c0000000, 0x00000006d1880000, 0x000000076ab00000)
  object space 287232K, 56% used [0x00000006c0000000,0x00000006c9e79e78,0x00000006d1880000)
 Metaspace       used 6376K, capacity 7280K, committed 7552K, reserved 1056768K
  class space    used 581K, capacity 616K, committed 640K, reserved 1048576K
}
Event: 9.388 GC heap before
{Heap before GC invocations=13 (full 2):
 PSYoungGen      total 656896K, used 640823K [0x000000076ab00000, 0x000000079f180000, 0x00000007c0000000)
  eden space 568320K, 100% used [0x000000076ab00000,0x000000078d600000,0x000000078d600000)
  from space 88576K, 81% used [0x0000000794c80000,0x000000079934dd00,0x000000079a300000)
  to   space 121344K, 0% used [0x000000078d600000,0x000000078d600000,0x0000000794c80000)
 ParOldGen       total 287232K, used 162279K [0x00000006c0000000, 0x00000006d1880000, 0x000000076ab00000)
  object space 287232K, 56% used [0x00000006c0000000,0x00000006c9e79e78,0x00000006d1880000)
 Metaspace       used 6385K, capacity 7280K, committed 7552K, reserved 1056768K
  class space    used 581K, capacity 616K, committed 640K, reserved 1048576K
Event: 9.693 GC heap after
Heap after GC invocations=13 (full 2):
 PSYoungGen      total 689664K, used 86499K [0x000000076ab00000, 0x00000007a4c80000, 0x00000007c0000000)
  eden space 568320K, 0% used [0x000000076ab00000,0x000000076ab00000,0x000000078d600000)
  from space 121344K, 71% used [0x000000078d600000,0x0000000792a78f08,0x0000000794c80000)
  to   space 130048K, 0% used [0x000000079cd80000,0x000000079cd80000,0x00000007a4c80000)
 ParOldGen       total 287232K, used 234242K [0x00000006c0000000, 0x00000006d1880000, 0x000000076ab00000)
  object space 287232K, 81% used [0x00000006c0000000,0x00000006ce4c0810,0x00000006d1880000)
 Metaspace       used 6385K, capacity 7280K, committed 7552K, reserved 1056768K
  class space    used 581K, capacity 616K, committed 640K, reserved 1048576K
}
Event: 9.693 GC heap before
{Heap before GC invocations=14 (full 3):
 PSYoungGen      total 689664K, used 86499K [0x000000076ab00000, 0x00000007a4c80000, 0x00000007c0000000)
  eden space 568320K, 0% used [0x000000076ab00000,0x000000076ab00000,0x000000078d600000)
  from space 121344K, 71% used [0x000000078d600000,0x0000000792a78f08,0x0000000794c80000)
  to   space 130048K, 0% used [0x000000079cd80000,0x000000079cd80000,0x00000007a4c80000)
 ParOldGen       total 287232K, used 234242K [0x00000006c0000000, 0x00000006d1880000, 0x000000076ab00000)
  object space 287232K, 81% used [0x00000006c0000000,0x00000006ce4c0810,0x00000006d1880000)
 Metaspace       used 6385K, capacity 7280K, committed 7552K, reserved 1056768K
  class space    used 581K, capacity 616K, committed 640K, reserved 1048576K

