# JRE version: OpenJDK Runtime Environment (8.0_112-b06) (build 1.8.0_112-release-b06)
# Java VM: OpenJDK 64-Bit Server VM (25.112-b06 mixed mode linux-amd64 compressed oops)
Heap:
 PSYoungGen      total 891392K, used 178079K [0x000000076ab00000, 0x00000007bd000000, 0x00000007c0000000)
  eden space 687104K, 0% used [0x000000076ab00000,0x000000076ab00000,0x0000000794a00000)
  from space 204288K, 87% used [0x0000000794a00000,0x000000079f7e7f20,0x00000007a1180000)
  to   space 265728K, 0% used [0x00000007acc80000,0x00000007acc80000,0x00000007bd000000)
 ParOldGen       total 496640K, used 496538K [0x00000006c0000000, 0x00000006de500000, 0x000000076ab00000)
  object space 496640K, 99% used [0x00000006c0000000,0x00000006de4e69e8,0x00000006de500000)
 Metaspace       used 6399K, capacity 7280K, committed 7552K, reserved 1056768K
  class space    used 583K, capacity 616K, committed 640K, reserved 1048576K
GC Heap History (10 events):
Event: 12.283 GC heap after
Heap after GC invocations=14 (full 3):
 PSYoungGen      total 668160K, used 16929K [0x000000076ab00000, 0x00000007a1900000, 0x00000007c0000000)
  eden space 545280K, 0% used [0x000000076ab00000,0x000000076ab00000,0x000000078bf80000)
  from space 122880K, 13% used [0x000000078bf80000,0x000000078d008558,0x0000000793780000)
  to   space 130048K, 0% used [0x0000000799a00000,0x0000000799a00000,0x00000007a1900000)
 ParOldGen       total 496640K, used 300025K [0x00000006c0000000, 0x00000006de500000, 0x000000076ab00000)
  object space 496640K, 60% used [0x00000006c0000000,0x00000006d24fe5e8,0x00000006de500000)
 Metaspace       used 6382K, capacity 7280K, committed 7552K, reserved 1056768K
  class space    used 582K, capacity 616K, committed 640K, reserved 1048576K
}
Event: 13.878 GC heap before
{Heap before GC invocations=15 (full 3):
 PSYoungGen      total 668160K, used 562209K [0x000000076ab00000, 0x00000007a1900000, 0x00000007c0000000)
  eden space 545280K, 100% used [0x000000076ab00000,0x000000078bf80000,0x000000078bf80000)
  from space 122880K, 13% used [0x000000078bf80000,0x000000078d008558,0x0000000793780000)
  to   space 130048K, 0% used [0x0000000799a00000,0x0000000799a00000,0x00000007a1900000)
 ParOldGen       total 496640K, used 300025K [0x00000006c0000000, 0x00000006de500000, 0x000000076ab00000)
  object space 496640K, 60% used [0x00000006c0000000,0x00000006d24fe5e8,0x00000006de500000)
 Metaspace       used 6385K, capacity 7280K, committed 7552K, reserved 1056768K
  class space    used 582K, capacity 616K, committed 640K, reserved 1048576K
Event: 14.114 GC heap after
Heap after GC invocations=15 (full 3):
 PSYoungGen      total 748544K, used 95106K [0x000000076ab00000, 0x00000007a1880000, 0x00000007c0000000)
  eden space 619008K, 0% used [0x000000076ab00000,0x000000076ab00000,0x0000000790780000)
  from space 129536K, 73% used [0x0000000799a00000,0x000000079f6e0828,0x00000007a1880000)
  to   space 139776K, 0% used [0x0000000790780000,0x0000000790780000,0x0000000799000000)
 ParOldGen       total 496640K, used 300025K [0x00000006c0000000, 0x00000006de500000, 0x000000076ab00000)
  object space 496640K, 60% used [0x00000006c0000000,0x00000006d24fe5e8,0x00000006de500000)
 Metaspace       used 6385K, capacity 7280K, committed 7552K, reserved 1056768K
  class space    used 582K, capacity 616K, committed 640K, reserved 1048576K
}
Event: 15.742 GC heap before
{Heap before GC invocations=16 (full 3):
 PSYoungGen      total 748544K, used 714114K [0x000000076ab00000, 0x00000007a1880000, 0x00000007c0000000)
  eden space 619008K, 100% used [0x000000076ab00000,0x0000000790780000,0x0000000790780000)
  from space 129536K, 73% used [0x0000000799a00000,0x000000079f6e0828,0x00000007a1880000)
  to   space 139776K, 0% used [0x0000000790780000,0x0000000790780000,0x0000000799000000)
 ParOldGen       total 496640K, used 300025K [0x00000006c0000000, 0x00000006de500000, 0x000000076ab00000)
  object space 496640K, 60% used [0x00000006c0000000,0x00000006d24fe5e8,0x00000006de500000)
 Metaspace       used 6389K, capacity 7280K, committed 7552K, reserved 1056768K
  class space    used 582K, capacity 616K, committed 640K, reserved 1048576K
Event: 16.002 GC heap after
Heap after GC invocations=16 (full 3):
 PSYoungGen      total 758784K, used 139744K [0x000000076ab00000, 0x00000007abf00000, 0x00000007c0000000)
  eden space 619008K, 0% used [0x000000076ab00000,0x000000076ab00000,0x0000000790780000)
  from space 139776K, 99% used [0x0000000790780000,0x0000000798ff8160,0x0000000799000000)
  to   space 177664K, 0% used [0x00000007a1180000,0x00000007a1180000,0x00000007abf00000)
 ParOldGen       total 496640K, used 338728K [0x00000006c0000000, 0x00000006de500000, 0x000000076ab00000)
  object space 496640K, 68% used [0x00000006c0000000,0x00000006d4aca3c0,0x00000006de500000)
 Metaspace       used 6389K, capacity 7280K, committed 7552K, reserved 1056768K
  class space    used 582K, capacity 616K, committed 640K, reserved 1048576K
}
Event: 17.776 GC heap before
{Heap before GC invocations=17 (full 3):
 PSYoungGen      total 758784K, used 758752K [0x000000076ab00000, 0x00000007abf00000, 0x00000007c0000000)
  eden space 619008K, 100% used [0x000000076ab00000,0x0000000790780000,0x0000000790780000)
  from space 139776K, 99% used [0x0000000790780000,0x0000000798ff8160,0x0000000799000000)
  to   space 177664K, 0% used [0x00000007a1180000,0x00000007a1180000,0x00000007abf00000)
 ParOldGen       total 496640K, used 338728K [0x00000006c0000000, 0x00000006de500000, 0x000000076ab00000)
  object space 496640K, 68% used [0x00000006c0000000,0x00000006d4aca3c0,0x00000006de500000)
 Metaspace       used 6391K, capacity 7280K, committed 7552K, reserved 1056768K
  class space    used 582K, capacity 616K, committed 640K, reserved 1048576K
Event: 18.211 GC heap after
Heap after GC invocations=17 (full 3):
 PSYoungGen      total 864768K, used 166676K [0x000000076ab00000, 0x00000007b0400000, 0x00000007c0000000)
  eden space 687104K, 0% used [0x000000076ab00000,0x000000076ab00000,0x0000000794a00000)
  from space 177664K, 93% used [0x00000007a1180000,0x00000007ab4452f8,0x00000007abf00000)
  to   space 204288K, 0% used [0x0000000794a00000,0x0000000794a00000,0x00000007a1180000)
 ParOldGen       total 496640K, used 410619K [0x00000006c0000000, 0x00000006de500000, 0x000000076ab00000)
  object space 496640K, 82% used [0x00000006c0000000,0x00000006d90fefc8,0x00000006de500000)
 Metaspace       used 6391K, capacity 7280K, committed 7552K, reserved 1056768K
  class space    used 582K, capacity 616K, committed 640K, reserved 1048576K
}
Event: 20.056 GC heap before
{Heap before GC invocations=18 (full 3):
 PSYoungGen      total 864768K, used 853780K [0x000000076ab00000, 0x00000007b0400000, 0x00000007c0000000)
  eden space 687104K, 100% used [0x000000076ab00000,0x0000000794a00000,0x0000000794a00000)
  from space 177664K, 93% used [0x00000007a1180000,0x00000007ab4452f8,0x00000007abf00000)
  to   space 204288K, 0% used [0x0000000794a00000,0x0000000794a00000,0x00000007a1180000)
 ParOldGen       total 496640K, used 410619K [0x00000006c0000000, 0x00000006de500000, 0x000000076ab00000)
  object space 496640K, 82% used [0x00000006c0000000,0x00000006d90fefc8,0x00000006de500000)
 Metaspace       used 6399K, capacity 7280K, committed 7552K, reserved 1056768K
  class space    used 583K, capacity 616K, committed 640K, reserved 1048576K
Event: 20.384 GC heap after
Heap after GC invocations=18 (full 3):
 PSYoungGen      total 891392K, used 204284K [0x000000076ab00000, 0x00000007bd000000, 0x00000007c0000000)
  eden space 687104K, 0% used [0x000000076ab00000,0x000000076ab00000,0x0000000794a00000)
  from space 204288K, 99% used [0x0000000794a00000,0x00000007a117f290,0x00000007a1180000)
  to   space 265728K, 0% used [0x00000007acc80000,0x00000007acc80000,0x00000007bd000000)
 ParOldGen       total 496640K, used 481413K [0x00000006c0000000, 0x00000006de500000, 0x000000076ab00000)
  object space 496640K, 96% used [0x00000006c0000000,0x00000006dd621520,0x00000006de500000)
 Metaspace       used 6399K, capacity 7280K, committed 7552K, reserved 1056768K
  class space    used 583K, capacity 616K, committed 640K, reserved 1048576K
}
Event: 20.454 GC heap before
{Heap before GC invocations=19 (full 4):
 PSYoungGen      total 891392K, used 204284K [0x000000076ab00000, 0x00000007bd000000, 0x00000007c0000000)
  eden space 687104K, 0% used [0x000000076ab00000,0x000000076ab00000,0x0000000794a00000)
  from space 204288K, 99% used [0x0000000794a00000,0x00000007a117f290,0x00000007a1180000)
  to   space 265728K, 0% used [0x00000007acc80000,0x00000007acc80000,0x00000007bd000000)
 ParOldGen       total 496640K, used 481413K [0x00000006c0000000, 0x00000006de500000, 0x000000076ab00000)
  object space 496640K, 96% used [0x00000006c0000000,0x00000006dd621520,0x00000006de500000)
 Metaspace       used 6399K, capacity 7280K, committed 7552K, reserved 1056768K
  class space    used 583K, capacity 616K, committed 640K, reserved 1048576K

