# JRE version: OpenJDK Runtime Environment (8.0_112-b06) (build 1.8.0_112-release-b06)
# Java VM: OpenJDK 64-Bit Server VM (25.112-b06 mixed mode linux-amd64 compressed oops)
Heap:
 PSYoungGen      total 798208K, used 141816K [0x000000076ab00000, 0x00000007a4100000, 0x00000007c0000000)
  eden space 656384K, 0% used [0x000000076ab00000,0x000000076ab00000,0x0000000792c00000)
  from space 141824K, 99% used [0x0000000792c00000,0x000000079b67e1c0,0x000000079b680000)
  to   space 128000K, 0% used [0x000000079c180000,0x000000079c180000,0x00000007a3e80000)
 ParOldGen       total 467968K, used 336250K [0x00000006c0000000, 0x00000006dc900000, 0x000000076ab00000)
  object space 467968K, 71% used [0x00000006c0000000,0x00000006d485e8e0,0x00000006dc900000)
 Metaspace       used 6415K, capacity 7280K, committed 7552K, reserved 1056768K
  class space    used 584K, capacity 616K, committed 640K, reserved 1048576K
GC Heap History (10 events):
Event: 7.908 GC heap after
Heap after GC invocations=11 (full 1):
 PSYoungGen      total 649216K, used 88574K [0x000000076ab00000, 0x000000079e600000, 0x00000007c0000000)
  eden space 560640K, 0% used [0x000000076ab00000,0x000000076ab00000,0x000000078ce80000)
  from space 88576K, 99% used [0x0000000794480000,0x0000000799aff940,0x0000000799b00000)
  to   space 120832K, 0% used [0x000000078ce80000,0x000000078ce80000,0x0000000794480000)
 ParOldGen       total 163328K, used 152139K [0x00000006c0000000, 0x00000006c9f80000, 0x000000076ab00000)
  object space 163328K, 93% used [0x00000006c0000000,0x00000006c9492e50,0x00000006c9f80000)
 Metaspace       used 6398K, capacity 7280K, committed 7552K, reserved 1056768K
  class space    used 583K, capacity 616K, committed 640K, reserved 1048576K
}
Event: 7.908 GC heap before
{Heap before GC invocations=12 (full 2):
 PSYoungGen      total 649216K, used 88574K [0x000000076ab00000, 0x000000079e600000, 0x00000007c0000000)
  eden space 560640K, 0% used [0x000000076ab00000,0x000000076ab00000,0x000000078ce80000)
  from space 88576K, 99% used [0x0000000794480000,0x0000000799aff940,0x0000000799b00000)
  to   space 120832K, 0% used [0x000000078ce80000,0x000000078ce80000,0x0000000794480000)
 ParOldGen       total 163328K, used 152139K [0x00000006c0000000, 0x00000006c9f80000, 0x000000076ab00000)
  object space 163328K, 93% used [0x00000006c0000000,0x00000006c9492e50,0x00000006c9f80000)
 Metaspace       used 6398K, capacity 7280K, committed 7552K, reserved 1056768K
  class space    used 583K, capacity 616K, committed 640K, reserved 1048576K
Event: 8.737 GC heap after
Heap after GC invocations=12 (full 2):
 PSYoungGen      total 649216K, used 70394K [0x000000076ab00000, 0x000000079e600000, 0x00000007c0000000)
  eden space 560640K, 0% used [0x000000076ab00000,0x000000076ab00000,0x000000078ce80000)
  from space 88576K, 79% used [0x0000000794480000,0x000000079893eb50,0x0000000799b00000)
  to   space 120832K, 0% used [0x000000078ce80000,0x000000078ce80000,0x0000000794480000)
 ParOldGen       total 288256K, used 162882K [0x00000006c0000000, 0x00000006d1980000, 0x000000076ab00000)
  object space 288256K, 56% used [0x00000006c0000000,0x00000006c9f10830,0x00000006d1980000)
 Metaspace       used 6398K, capacity 7280K, committed 7552K, reserved 1056768K
  class space    used 583K, capacity 616K, committed 640K, reserved 1048576K
}
Event: 10.230 GC heap before
{Heap before GC invocations=13 (full 2):
 PSYoungGen      total 649216K, used 631034K [0x000000076ab00000, 0x000000079e600000, 0x00000007c0000000)
  eden space 560640K, 100% used [0x000000076ab00000,0x000000078ce80000,0x000000078ce80000)
  from space 88576K, 79% used [0x0000000794480000,0x000000079893eb50,0x0000000799b00000)
  to   space 120832K, 0% used [0x000000078ce80000,0x000000078ce80000,0x0000000794480000)
 ParOldGen       total 288256K, used 162882K [0x00000006c0000000, 0x00000006d1980000, 0x000000076ab00000)
  object space 288256K, 56% used [0x00000006c0000000,0x00000006c9f10830,0x00000006d1980000)
 Metaspace       used 6407K, capacity 7280K, committed 7552K, reserved 1056768K
  class space    used 583K, capacity 616K, committed 640K, reserved 1048576K
Event: 10.475 GC heap after
Heap after GC invocations=13 (full 2):
 PSYoungGen      total 681472K, used 82812K [0x000000076ab00000, 0x00000007a3e80000, 0x00000007c0000000)
  eden space 560640K, 0% used [0x000000076ab00000,0x000000076ab00000,0x000000078ce80000)
  from space 120832K, 68% used [0x000000078ce80000,0x0000000791f5f3a8,0x0000000794480000)
  to   space 128000K, 0% used [0x000000079c180000,0x000000079c180000,0x00000007a3e80000)
 ParOldGen       total 288256K, used 233714K [0x00000006c0000000, 0x00000006d1980000, 0x000000076ab00000)
  object space 288256K, 81% used [0x00000006c0000000,0x00000006ce43c938,0x00000006d1980000)
 Metaspace       used 6407K, capacity 7280K, committed 7552K, reserved 1056768K
  class space    used 583K, capacity 616K, committed 640K, reserved 1048576K
}
Event: 10.475 GC heap before
{Heap before GC invocations=14 (full 3):
 PSYoungGen      total 681472K, used 82812K [0x000000076ab00000, 0x00000007a3e80000, 0x00000007c0000000)
  eden space 560640K, 0% used [0x000000076ab00000,0x000000076ab00000,0x000000078ce80000)
  from space 120832K, 68% used [0x000000078ce80000,0x0000000791f5f3a8,0x0000000794480000)
  to   space 128000K, 0% used [0x000000079c180000,0x000000079c180000,0x00000007a3e80000)
 ParOldGen       total 288256K, used 233714K [0x00000006c0000000, 0x00000006d1980000, 0x000000076ab00000)
  object space 288256K, 81% used [0x00000006c0000000,0x00000006ce43c938,0x00000006d1980000)
 Metaspace       used 6407K, capacity 7280K, committed 7552K, reserved 1056768K
  class space    used 583K, capacity 616K, committed 640K, reserved 1048576K
Event: 11.517 GC heap after
Heap after GC invocations=14 (full 3):
 PSYoungGen      total 681472K, used 24669K [0x000000076ab00000, 0x00000007a3e80000, 0x00000007c0000000)
  eden space 560640K, 0% used [0x000000076ab00000,0x000000076ab00000,0x000000078ce80000)
  from space 120832K, 20% used [0x000000078ce80000,0x000000078e697448,0x0000000794480000)
  to   space 128000K, 0% used [0x000000079c180000,0x000000079c180000,0x00000007a3e80000)
 ParOldGen       total 467968K, used 288198K [0x00000006c0000000, 0x00000006dc900000, 0x000000076ab00000)
  object space 467968K, 61% used [0x00000006c0000000,0x00000006d19718c0,0x00000006dc900000)
 Metaspace       used 6407K, capacity 7280K, committed 7552K, reserved 1056768K
  class space    used 583K, capacity 616K, committed 640K, reserved 1048576K
}
Event: 12.984 GC heap before
{Heap before GC invocations=15 (full 3):
 PSYoungGen      total 681472K, used 585309K [0x000000076ab00000, 0x00000007a3e80000, 0x00000007c0000000)
  eden space 560640K, 100% used [0x000000076ab00000,0x000000078ce80000,0x000000078ce80000)
  from space 120832K, 20% used [0x000000078ce80000,0x000000078e697448,0x0000000794480000)
  to   space 128000K, 0% used [0x000000079c180000,0x000000079c180000,0x00000007a3e80000)
 ParOldGen       total 467968K, used 288198K [0x00000006c0000000, 0x00000006dc900000, 0x000000076ab00000)
  object space 467968K, 61% used [0x00000006c0000000,0x00000006d19718c0,0x00000006dc900000)
 Metaspace       used 6409K, capacity 7280K, committed 7552K, reserved 1056768K
  class space    used 583K, capacity 616K, committed 640K, reserved 1048576K
Event: 13.245 GC heap after
Heap after GC invocations=15 (full 3):
 PSYoungGen      total 784384K, used 104566K [0x000000076ab00000, 0x00000007a4100000, 0x00000007c0000000)
  eden space 656384K, 0% used [0x000000076ab00000,0x000000076ab00000,0x0000000792c00000)
  from space 128000K, 81% used [0x000000079c180000,0x00000007a279d8b0,0x00000007a3e80000)
  to   space 141824K, 0% used [0x0000000792c00000,0x0000000792c00000,0x000000079b680000)
 ParOldGen       total 467968K, used 288206K [0x00000006c0000000, 0x00000006dc900000, 0x000000076ab00000)
  object space 467968K, 61% used [0x00000006c0000000,0x00000006d19738c0,0x00000006dc900000)
 Metaspace       used 6409K, capacity 7280K, committed 7552K, reserved 1056768K
  class space    used 583K, capacity 616K, committed 640K, reserved 1048576K
}
Event: 14.927 GC heap before
{Heap before GC invocations=16 (full 3):
 PSYoungGen      total 784384K, used 760950K [0x000000076ab00000, 0x00000007a4100000, 0x00000007c0000000)
  eden space 656384K, 100% used [0x000000076ab00000,0x0000000792c00000,0x0000000792c00000)
  from space 128000K, 81% used [0x000000079c180000,0x00000007a279d8b0,0x00000007a3e80000)
  to   space 141824K, 0% used [0x0000000792c00000,0x0000000792c00000,0x000000079b680000)
 ParOldGen       total 467968K, used 288206K [0x00000006c0000000, 0x00000006dc900000, 0x000000076ab00000)
  object space 467968K, 61% used [0x00000006c0000000,0x00000006d19738c0,0x00000006dc900000)
 Metaspace       used 6415K, capacity 7280K, committed 7552K, reserved 1056768K
  class space    used 584K, capacity 616K, committed 640K, reserved 1048576K

