# JRE version: OpenJDK Runtime Environment (8.0_112-b06) (build 1.8.0_112-release-b06)
# Java VM: OpenJDK 64-Bit Server VM (25.112-b06 mixed mode linux-amd64 compressed oops)
Heap:
 PSYoungGen      total 813056K, used 0K [0x000000076ab00000, 0x00000007aca80000, 0x00000007c0000000)
  eden space 631808K, 0% used [0x000000076ab00000,0x000000076ab00000,0x0000000791400000)
  from space 181248K, 0% used [0x0000000791400000,0x0000000791400000,0x000000079c500000)
  to   space 181760K, 0% used [0x00000007a1900000,0x00000007a1900000,0x00000007aca80000)
 ParOldGen       total 721920K, used 719152K [0x00000006c0000000, 0x00000006ec100000, 0x000000076ab00000)
  object space 721920K, 99% used [0x00000006c0000000,0x00000006ebe4c2a8,0x00000006ec100000)
 Metaspace       used 6403K, capacity 7280K, committed 7552K, reserved 1056768K
  class space    used 583K, capacity 616K, committed 640K, reserved 1048576K
GC Heap History (10 events):
Event: 14.616 GC heap after
Heap after GC invocations=19 (full 3):
 PSYoungGen      total 705536K, used 130045K [0x000000076ab00000, 0x00000007a2f00000, 0x00000007c0000000)
  eden space 575488K, 0% used [0x000000076ab00000,0x000000076ab00000,0x000000078dd00000)
  from space 130048K, 99% used [0x0000000797680000,0x000000079f57f470,0x000000079f580000)
  to   space 157184K, 0% used [0x000000078dd00000,0x000000078dd00000,0x0000000797680000)
 ParOldGen       total 427008K, used 340452K [0x00000006c0000000, 0x00000006da100000, 0x000000076ab00000)
  object space 427008K, 79% used [0x00000006c0000000,0x00000006d4c792d0,0x00000006da100000)
 Metaspace       used 6388K, capacity 7280K, committed 7552K, reserved 1056768K
  class space    used 582K, capacity 616K, committed 640K, reserved 1048576K
}
Event: 15.966 GC heap before
{Heap before GC invocations=20 (full 3):
 PSYoungGen      total 705536K, used 705533K [0x000000076ab00000, 0x00000007a2f00000, 0x00000007c0000000)
  eden space 575488K, 100% used [0x000000076ab00000,0x000000078dd00000,0x000000078dd00000)
  from space 130048K, 99% used [0x0000000797680000,0x000000079f57f470,0x000000079f580000)
  to   space 157184K, 0% used [0x000000078dd00000,0x000000078dd00000,0x0000000797680000)
 ParOldGen       total 427008K, used 340452K [0x00000006c0000000, 0x00000006da100000, 0x000000076ab00000)
  object space 427008K, 79% used [0x00000006c0000000,0x00000006d4c792d0,0x00000006da100000)
 Metaspace       used 6388K, capacity 7280K, committed 7552K, reserved 1056768K
  class space    used 582K, capacity 616K, committed 640K, reserved 1048576K
Event: 16.232 GC heap after
Heap after GC invocations=20 (full 3):
 PSYoungGen      total 732672K, used 77772K [0x000000076ab00000, 0x00000007a5c80000, 0x00000007c0000000)
  eden space 575488K, 0% used [0x000000076ab00000,0x000000076ab00000,0x000000078dd00000)
  from space 157184K, 49% used [0x000000078dd00000,0x00000007928f3120,0x0000000797680000)
  to   space 155136K, 0% used [0x000000079c500000,0x000000079c500000,0x00000007a5c80000)
 ParOldGen       total 470528K, used 470498K [0x00000006c0000000, 0x00000006dcb80000, 0x000000076ab00000)
  object space 470528K, 99% used [0x00000006c0000000,0x00000006dcb78b08,0x00000006dcb80000)
 Metaspace       used 6388K, capacity 7280K, committed 7552K, reserved 1056768K
  class space    used 582K, capacity 616K, committed 640K, reserved 1048576K
}
Event: 16.232 GC heap before
{Heap before GC invocations=21 (full 4):
 PSYoungGen      total 732672K, used 77772K [0x000000076ab00000, 0x00000007a5c80000, 0x00000007c0000000)
  eden space 575488K, 0% used [0x000000076ab00000,0x000000076ab00000,0x000000078dd00000)
  from space 157184K, 49% used [0x000000078dd00000,0x00000007928f3120,0x0000000797680000)
  to   space 155136K, 0% used [0x000000079c500000,0x000000079c500000,0x00000007a5c80000)
 ParOldGen       total 470528K, used 470498K [0x00000006c0000000, 0x00000006dcb80000, 0x000000076ab00000)
  object space 470528K, 99% used [0x00000006c0000000,0x00000006dcb78b08,0x00000006dcb80000)
 Metaspace       used 6388K, capacity 7280K, committed 7552K, reserved 1056768K
  class space    used 582K, capacity 616K, committed 640K, reserved 1048576K
Event: 18.392 GC heap after
Heap after GC invocations=21 (full 4):
 PSYoungGen      total 732672K, used 69725K [0x000000076ab00000, 0x00000007a5c80000, 0x00000007c0000000)
  eden space 575488K, 0% used [0x000000076ab00000,0x000000076ab00000,0x000000078dd00000)
  from space 157184K, 44% used [0x000000078dd00000,0x0000000792117650,0x0000000797680000)
  to   space 155136K, 0% used [0x000000079c500000,0x000000079c500000,0x00000007a5c80000)
 ParOldGen       total 721920K, used 470297K [0x00000006c0000000, 0x00000006ec100000, 0x000000076ab00000)
  object space 721920K, 65% used [0x00000006c0000000,0x00000006dcb46578,0x00000006ec100000)
 Metaspace       used 6388K, capacity 7280K, committed 7552K, reserved 1056768K
  class space    used 582K, capacity 616K, committed 640K, reserved 1048576K
}
Event: 19.756 GC heap before
{Heap before GC invocations=22 (full 4):
 PSYoungGen      total 732672K, used 645213K [0x000000076ab00000, 0x00000007a5c80000, 0x00000007c0000000)
  eden space 575488K, 100% used [0x000000076ab00000,0x000000078dd00000,0x000000078dd00000)
  from space 157184K, 44% used [0x000000078dd00000,0x0000000792117650,0x0000000797680000)
  to   space 155136K, 0% used [0x000000079c500000,0x000000079c500000,0x00000007a5c80000)
 ParOldGen       total 721920K, used 470297K [0x00000006c0000000, 0x00000006ec100000, 0x000000076ab00000)
  object space 721920K, 65% used [0x00000006c0000000,0x00000006dcb46578,0x00000006ec100000)
 Metaspace       used 6388K, capacity 7280K, committed 7552K, reserved 1056768K
  class space    used 582K, capacity 616K, committed 640K, reserved 1048576K
Event: 20.058 GC heap after
Heap after GC invocations=22 (full 4):
 PSYoungGen      total 786944K, used 155121K [0x000000076ab00000, 0x00000007a8600000, 0x00000007c0000000)
  eden space 631808K, 0% used [0x000000076ab00000,0x000000076ab00000,0x0000000791400000)
  from space 155136K, 99% used [0x000000079c500000,0x00000007a5c7c418,0x00000007a5c80000)
  to   space 181248K, 0% used [0x0000000791400000,0x0000000791400000,0x000000079c500000)
 ParOldGen       total 721920K, used 471544K [0x00000006c0000000, 0x00000006ec100000, 0x000000076ab00000)
  object space 721920K, 65% used [0x00000006c0000000,0x00000006dcc7e0d0,0x00000006ec100000)
 Metaspace       used 6388K, capacity 7280K, committed 7552K, reserved 1056768K
  class space    used 582K, capacity 616K, committed 640K, reserved 1048576K
}
Event: 21.588 GC heap before
{Heap before GC invocations=23 (full 4):
 PSYoungGen      total 786944K, used 786929K [0x000000076ab00000, 0x00000007a8600000, 0x00000007c0000000)
  eden space 631808K, 100% used [0x000000076ab00000,0x0000000791400000,0x0000000791400000)
  from space 155136K, 99% used [0x000000079c500000,0x00000007a5c7c418,0x00000007a5c80000)
  to   space 181248K, 0% used [0x0000000791400000,0x0000000791400000,0x000000079c500000)
 ParOldGen       total 721920K, used 471544K [0x00000006c0000000, 0x00000006ec100000, 0x000000076ab00000)
  object space 721920K, 65% used [0x00000006c0000000,0x00000006dcc7e0d0,0x00000006ec100000)
 Metaspace       used 6403K, capacity 7280K, committed 7552K, reserved 1056768K
  class space    used 583K, capacity 616K, committed 640K, reserved 1048576K
Event: 21.878 GC heap after
Heap after GC invocations=23 (full 4):
 PSYoungGen      total 813056K, used 100781K [0x000000076ab00000, 0x00000007aca80000, 0x00000007c0000000)
  eden space 631808K, 0% used [0x000000076ab00000,0x000000076ab00000,0x0000000791400000)
  from space 181248K, 55% used [0x0000000791400000,0x000000079766b4d8,0x000000079c500000)
  to   space 181760K, 0% used [0x00000007a1900000,0x00000007a1900000,0x00000007aca80000)
 ParOldGen       total 721920K, used 624522K [0x00000006c0000000, 0x00000006ec100000, 0x000000076ab00000)
  object space 721920K, 86% used [0x00000006c0000000,0x00000006e61e28e0,0x00000006ec100000)
 Metaspace       used 6403K, capacity 7280K, committed 7552K, reserved 1056768K
  class space    used 583K, capacity 616K, committed 640K, reserved 1048576K
}
Event: 21.878 GC heap before
{Heap before GC invocations=24 (full 5):
 PSYoungGen      total 813056K, used 100781K [0x000000076ab00000, 0x00000007aca80000, 0x00000007c0000000)
  eden space 631808K, 0% used [0x000000076ab00000,0x000000076ab00000,0x0000000791400000)
  from space 181248K, 55% used [0x0000000791400000,0x000000079766b4d8,0x000000079c500000)
  to   space 181760K, 0% used [0x00000007a1900000,0x00000007a1900000,0x00000007aca80000)
 ParOldGen       total 721920K, used 624522K [0x00000006c0000000, 0x00000006ec100000, 0x000000076ab00000)
  object space 721920K, 86% used [0x00000006c0000000,0x00000006e61e28e0,0x00000006ec100000)
 Metaspace       used 6403K, capacity 7280K, committed 7552K, reserved 1056768K
  class space    used 583K, capacity 616K, committed 640K, reserved 1048576K

