# JRE version: OpenJDK Runtime Environment (8.0_112-b06) (build 1.8.0_112-release-b06)
# Java VM: OpenJDK 64-Bit Server VM (25.112-b06 mixed mode linux-amd64 compressed oops)
Heap:
 PSYoungGen      total 543744K, used 66028K [0x000000076ab00000, 0x0000000790f00000, 0x00000007c0000000)
  eden space 477696K, 0% used [0x000000076ab00000,0x000000076ab00000,0x0000000787d80000)
  from space 66048K, 99% used [0x0000000787d80000,0x000000078bdfb238,0x000000078be00000)
  to   space 49152K, 0% used [0x000000078be00000,0x000000078be00000,0x000000078ee00000)
 ParOldGen       total 160768K, used 122762K [0x00000006c0000000, 0x00000006c9d00000, 0x000000076ab00000)
  object space 160768K, 76% used [0x00000006c0000000,0x00000006c77e2ad8,0x00000006c9d00000)
 Metaspace       used 6361K, capacity 7280K, committed 7552K, reserved 1056768K
  class space    used 580K, capacity 616K, committed 640K, reserved 1048576K
GC Heap History (10 events):
Event: 2.139 GC heap after
Heap after GC invocations=5 (full 0):
 PSYoungGen      total 132096K, used 5099K [0x000000076ab00000, 0x000000077d000000, 0x00000007c0000000)
  eden space 126976K, 0% used [0x000000076ab00000,0x000000076ab00000,0x0000000772700000)
  from space 5120K, 99% used [0x0000000772700000,0x0000000772bfadb0,0x0000000772c00000)
  to   space 23040K, 0% used [0x000000077b980000,0x000000077b980000,0x000000077d000000)
 ParOldGen       total 84992K, used 27967K [0x00000006c0000000, 0x00000006c5300000, 0x000000076ab00000)
  object space 84992K, 32% used [0x00000006c0000000,0x00000006c1b4fea0,0x00000006c5300000)
 Metaspace       used 6003K, capacity 7024K, committed 7296K, reserved 1056768K
  class space    used 579K, capacity 616K, committed 640K, reserved 1048576K
}
Event: 2.634 GC heap before
{Heap before GC invocations=6 (full 0):
 PSYoungGen      total 132096K, used 132075K [0x000000076ab00000, 0x000000077d000000, 0x00000007c0000000)
  eden space 126976K, 100% used [0x000000076ab00000,0x0000000772700000,0x0000000772700000)
  from space 5120K, 99% used [0x0000000772700000,0x0000000772bfadb0,0x0000000772c00000)
  to   space 23040K, 0% used [0x000000077b980000,0x000000077b980000,0x000000077d000000)
 ParOldGen       total 84992K, used 27970K [0x00000006c0000000, 0x00000006c5300000, 0x000000076ab00000)
  object space 84992K, 32% used [0x00000006c0000000,0x00000006c1b509f8,0x00000006c5300000)
 Metaspace       used 6185K, capacity 7152K, committed 7296K, reserved 1056768K
  class space    used 580K, capacity 616K, committed 640K, reserved 1048576K
Event: 2.681 GC heap after
Heap after GC invocations=6 (full 0):
 PSYoungGen      total 270336K, used 23014K [0x000000076ab00000, 0x000000077dd00000, 0x00000007c0000000)
  eden space 247296K, 0% used [0x000000076ab00000,0x000000076ab00000,0x0000000779c80000)
  from space 23040K, 99% used [0x000000077b980000,0x000000077cff9918,0x000000077d000000)
  to   space 29696K, 0% used [0x0000000779c80000,0x0000000779c80000,0x000000077b980000)
 ParOldGen       total 84992K, used 29528K [0x00000006c0000000, 0x00000006c5300000, 0x000000076ab00000)
  object space 84992K, 34% used [0x00000006c0000000,0x00000006c1cd6320,0x00000006c5300000)
 Metaspace       used 6185K, capacity 7152K, committed 7296K, reserved 1056768K
  class space    used 580K, capacity 616K, committed 640K, reserved 1048576K
}
Event: 3.436 GC heap before
{Heap before GC invocations=7 (full 0):
 PSYoungGen      total 270336K, used 270310K [0x000000076ab00000, 0x000000077dd00000, 0x00000007c0000000)
  eden space 247296K, 100% used [0x000000076ab00000,0x0000000779c80000,0x0000000779c80000)
  from space 23040K, 99% used [0x000000077b980000,0x000000077cff9918,0x000000077d000000)
  to   space 29696K, 0% used [0x0000000779c80000,0x0000000779c80000,0x000000077b980000)
 ParOldGen       total 84992K, used 29528K [0x00000006c0000000, 0x00000006c5300000, 0x000000076ab00000)
  object space 84992K, 34% used [0x00000006c0000000,0x00000006c1cd6320,0x00000006c5300000)
 Metaspace       used 6292K, capacity 7216K, committed 7296K, reserved 1056768K
  class space    used 580K, capacity 616K, committed 640K, reserved 1048576K
Event: 3.532 GC heap after
Heap after GC invocations=7 (full 0):
 PSYoungGen      total 276992K, used 29674K [0x000000076ab00000, 0x000000078ee00000, 0x00000007c0000000)
  eden space 247296K, 0% used [0x000000076ab00000,0x000000076ab00000,0x0000000779c80000)
  from space 29696K, 99% used [0x0000000779c80000,0x000000077b97abf0,0x000000077b980000)
  to   space 49152K, 0% used [0x000000078be00000,0x000000078be00000,0x000000078ee00000)
 ParOldGen       total 84992K, used 56077K [0x00000006c0000000, 0x00000006c5300000, 0x000000076ab00000)
  object space 84992K, 65% used [0x00000006c0000000,0x00000006c36c3648,0x00000006c5300000)
 Metaspace       used 6292K, capacity 7216K, committed 7296K, reserved 1056768K
  class space    used 580K, capacity 616K, committed 640K, reserved 1048576K
}
Event: 4.198 GC heap before
{Heap before GC invocations=8 (full 0):
 PSYoungGen      total 276992K, used 276970K [0x000000076ab00000, 0x000000078ee00000, 0x00000007c0000000)
  eden space 247296K, 100% used [0x000000076ab00000,0x0000000779c80000,0x0000000779c80000)
  from space 29696K, 99% used [0x0000000779c80000,0x000000077b97abf0,0x000000077b980000)
  to   space 49152K, 0% used [0x000000078be00000,0x000000078be00000,0x000000078ee00000)
 ParOldGen       total 84992K, used 56077K [0x00000006c0000000, 0x00000006c5300000, 0x000000076ab00000)
  object space 84992K, 65% used [0x00000006c0000000,0x00000006c36c3648,0x00000006c5300000)
 Metaspace       used 6332K, capacity 7280K, committed 7552K, reserved 1056768K
  class space    used 580K, capacity 616K, committed 640K, reserved 1048576K
Event: 4.319 GC heap after
Heap after GC invocations=8 (full 0):
 PSYoungGen      total 526848K, used 49145K [0x000000076ab00000, 0x0000000790f00000, 0x00000007c0000000)
  eden space 477696K, 0% used [0x000000076ab00000,0x000000076ab00000,0x0000000787d80000)
  from space 49152K, 99% used [0x000000078be00000,0x000000078edfe720,0x000000078ee00000)
  to   space 66048K, 0% used [0x0000000787d80000,0x0000000787d80000,0x000000078be00000)
 ParOldGen       total 84992K, used 72076K [0x00000006c0000000, 0x00000006c5300000, 0x000000076ab00000)
  object space 84992K, 84% used [0x00000006c0000000,0x00000006c4663148,0x00000006c5300000)
 Metaspace       used 6332K, capacity 7280K, committed 7552K, reserved 1056768K
  class space    used 580K, capacity 616K, committed 640K, reserved 1048576K
}
Event: 4.320 GC heap before
{Heap before GC invocations=9 (full 1):
 PSYoungGen      total 526848K, used 49145K [0x000000076ab00000, 0x0000000790f00000, 0x00000007c0000000)
  eden space 477696K, 0% used [0x000000076ab00000,0x000000076ab00000,0x0000000787d80000)
  from space 49152K, 99% used [0x000000078be00000,0x000000078edfe720,0x000000078ee00000)
  to   space 66048K, 0% used [0x0000000787d80000,0x0000000787d80000,0x000000078be00000)
 ParOldGen       total 84992K, used 72076K [0x00000006c0000000, 0x00000006c5300000, 0x000000076ab00000)
  object space 84992K, 84% used [0x00000006c0000000,0x00000006c4663148,0x00000006c5300000)
 Metaspace       used 6332K, capacity 7280K, committed 7552K, reserved 1056768K
  class space    used 580K, capacity 616K, committed 640K, reserved 1048576K
Event: 4.911 GC heap after
Heap after GC invocations=9 (full 1):
 PSYoungGen      total 526848K, used 31050K [0x000000076ab00000, 0x0000000790f00000, 0x00000007c0000000)
  eden space 477696K, 0% used [0x000000076ab00000,0x000000076ab00000,0x0000000787d80000)
  from space 49152K, 63% used [0x000000078be00000,0x000000078dc52a10,0x000000078ee00000)
  to   space 66048K, 0% used [0x0000000787d80000,0x0000000787d80000,0x000000078be00000)
 ParOldGen       total 160768K, used 84966K [0x00000006c0000000, 0x00000006c9d00000, 0x000000076ab00000)
  object space 160768K, 52% used [0x00000006c0000000,0x00000006c52f9af0,0x00000006c9d00000)
 Metaspace       used 6332K, capacity 7280K, committed 7552K, reserved 1056768K
  class space    used 580K, capacity 616K, committed 640K, reserved 1048576K
}
Event: 21.304 GC heap before
{Heap before GC invocations=10 (full 1):
 PSYoungGen      total 526848K, used 508746K [0x000000076ab00000, 0x0000000790f00000, 0x00000007c0000000)
  eden space 477696K, 100% used [0x000000076ab00000,0x0000000787d80000,0x0000000787d80000)
  from space 49152K, 63% used [0x000000078be00000,0x000000078dc52a10,0x000000078ee00000)
  to   space 66048K, 0% used [0x0000000787d80000,0x0000000787d80000,0x000000078be00000)
 ParOldGen       total 160768K, used 84966K [0x00000006c0000000, 0x00000006c9d00000, 0x000000076ab00000)
  object space 160768K, 52% used [0x00000006c0000000,0x00000006c52f9af0,0x00000006c9d00000)
 Metaspace       used 6361K, capacity 7280K, committed 7552K, reserved 1056768K
  class space    used 580K, capacity 616K, committed 640K, reserved 1048576K

