# JRE version: OpenJDK Runtime Environment (8.0_112-b06) (build 1.8.0_112-release-b06)
# Java VM: OpenJDK 64-Bit Server VM (25.112-b06 mixed mode linux-amd64 compressed oops)
Heap:
 PSYoungGen      total 808960K, used 79650K [0x000000076ab00000, 0x00000007a9f80000, 0x00000007c0000000)
  eden space 615936K, 0% used [0x000000076ab00000,0x000000076ab00000,0x0000000790480000)
  from space 193024K, 41% used [0x0000000790480000,0x0000000795248a30,0x000000079c100000)
  to   space 160256K, 0% used [0x000000079c100000,0x000000079c100000,0x00000007a5d80000)
 ParOldGen       total 716288K, used 715879K [0x00000006c0000000, 0x00000006ebb80000, 0x000000076ab00000)
  object space 716288K, 99% used [0x00000006c0000000,0x00000006ebb19f60,0x00000006ebb80000)
 Metaspace       used 6784K, capacity 7600K, committed 7808K, reserved 1056768K
  class space    used 601K, capacity 616K, committed 640K, reserved 1048576K
GC Heap History (10 events):
Event: 16.046 GC heap after
Heap after GC invocations=19 (full 3):
 PSYoungGen      total 705024K, used 130555K [0x000000076ab00000, 0x00000007a2980000, 0x00000007c0000000)
  eden space 574464K, 0% used [0x000000076ab00000,0x000000076ab00000,0x000000078dc00000)
  from space 130560K, 99% used [0x0000000797600000,0x000000079f57ec10,0x000000079f580000)
  to   space 157696K, 0% used [0x000000078dc00000,0x000000078dc00000,0x0000000797600000)
 ParOldGen       total 429056K, used 342360K [0x00000006c0000000, 0x00000006da300000, 0x000000076ab00000)
  object space 429056K, 79% used [0x00000006c0000000,0x00000006d4e563f8,0x00000006da300000)
 Metaspace       used 6415K, capacity 7280K, committed 7552K, reserved 1056768K
  class space    used 581K, capacity 616K, committed 640K, reserved 1048576K
}
Event: 18.223 GC heap before
{Heap before GC invocations=20 (full 3):
 PSYoungGen      total 705024K, used 705019K [0x000000076ab00000, 0x00000007a2980000, 0x00000007c0000000)
  eden space 574464K, 100% used [0x000000076ab00000,0x000000078dc00000,0x000000078dc00000)
  from space 130560K, 99% used [0x0000000797600000,0x000000079f57ec10,0x000000079f580000)
  to   space 157696K, 0% used [0x000000078dc00000,0x000000078dc00000,0x0000000797600000)
 ParOldGen       total 429056K, used 342360K [0x00000006c0000000, 0x00000006da300000, 0x000000076ab00000)
  object space 429056K, 79% used [0x00000006c0000000,0x00000006d4e563f8,0x00000006da300000)
 Metaspace       used 6416K, capacity 7280K, committed 7552K, reserved 1056768K
  class space    used 582K, capacity 616K, committed 640K, reserved 1048576K
Event: 18.928 GC heap after
Heap after GC invocations=20 (full 3):
 PSYoungGen      total 705024K, used 705019K [0x000000076ab00000, 0x00000007a2980000, 0x00000007c0000000)
  eden space 574464K, 100% used [0x000000076ab00000,0x000000078dc00000,0x000000078dc00000)
  from space 130560K, 99% used [0x0000000797600000,0x000000079f57ec10,0x000000079f580000)
  to   space 157696K, 50% used [0x000000078dc00000,0x0000000792994530,0x0000000797600000)
 ParOldGen       total 461824K, used 461475K [0x00000006c0000000, 0x00000006dc300000, 0x000000076ab00000)
  object space 461824K, 99% used [0x00000006c0000000,0x00000006dc2a8f08,0x00000006dc300000)
 Metaspace       used 6416K, capacity 7280K, committed 7552K, reserved 1056768K
  class space    used 582K, capacity 616K, committed 640K, reserved 1048576K
}
Event: 18.928 GC heap before
{Heap before GC invocations=21 (full 4):
 PSYoungGen      total 705024K, used 705019K [0x000000076ab00000, 0x00000007a2980000, 0x00000007c0000000)
  eden space 574464K, 100% used [0x000000076ab00000,0x000000078dc00000,0x000000078dc00000)
  from space 130560K, 99% used [0x0000000797600000,0x000000079f57ec10,0x000000079f580000)
  to   space 157696K, 50% used [0x000000078dc00000,0x0000000792994530,0x0000000797600000)
 ParOldGen       total 461824K, used 461475K [0x00000006c0000000, 0x00000006dc300000, 0x000000076ab00000)
  object space 461824K, 99% used [0x00000006c0000000,0x00000006dc2a8f08,0x00000006dc300000)
 Metaspace       used 6416K, capacity 7280K, committed 7552K, reserved 1056768K
  class space    used 582K, capacity 616K, committed 640K, reserved 1048576K
Event: 21.788 GC heap after
Heap after GC invocations=21 (full 4):
 PSYoungGen      total 705024K, used 81815K [0x000000076ab00000, 0x00000007a2980000, 0x00000007c0000000)
  eden space 574464K, 0% used [0x000000076ab00000,0x000000076ab00000,0x000000078dc00000)
  from space 130560K, 62% used [0x0000000797600000,0x000000079c5e5ee0,0x000000079f580000)
  to   space 157696K, 0% used [0x000000078dc00000,0x000000078dc00000,0x0000000797600000)
 ParOldGen       total 678400K, used 461751K [0x00000006c0000000, 0x00000006e9680000, 0x000000076ab00000)
  object space 678400K, 68% used [0x00000006c0000000,0x00000006dc2edfd8,0x00000006e9680000)
 Metaspace       used 6416K, capacity 7280K, committed 7552K, reserved 1056768K
  class space    used 582K, capacity 616K, committed 640K, reserved 1048576K
}
Event: 23.074 GC heap before
{Heap before GC invocations=22 (full 4):
 PSYoungGen      total 705024K, used 656279K [0x000000076ab00000, 0x00000007a2980000, 0x00000007c0000000)
  eden space 574464K, 100% used [0x000000076ab00000,0x000000078dc00000,0x000000078dc00000)
  from space 130560K, 62% used [0x0000000797600000,0x000000079c5e5ee0,0x000000079f580000)
  to   space 157696K, 0% used [0x000000078dc00000,0x000000078dc00000,0x0000000797600000)
 ParOldGen       total 678400K, used 461751K [0x00000006c0000000, 0x00000006e9680000, 0x000000076ab00000)
  object space 678400K, 68% used [0x00000006c0000000,0x00000006dc2edfd8,0x00000006e9680000)
 Metaspace       used 6416K, capacity 7280K, committed 7552K, reserved 1056768K
  class space    used 582K, capacity 616K, committed 640K, reserved 1048576K
Event: 23.353 GC heap after
Heap after GC invocations=22 (full 4):
 PSYoungGen      total 732160K, used 90767K [0x000000076ab00000, 0x00000007a5d80000, 0x00000007c0000000)
  eden space 574464K, 0% used [0x000000076ab00000,0x000000076ab00000,0x000000078dc00000)
  from space 157696K, 57% used [0x000000078dc00000,0x00000007934a3f88,0x0000000797600000)
  to   space 160256K, 0% used [0x000000079c100000,0x000000079c100000,0x00000007a5d80000)
 ParOldGen       total 678400K, used 541059K [0x00000006c0000000, 0x00000006e9680000, 0x000000076ab00000)
  object space 678400K, 79% used [0x00000006c0000000,0x00000006e1060fc8,0x00000006e9680000)
 Metaspace       used 6416K, capacity 7280K, committed 7552K, reserved 1056768K
  class space    used 582K, capacity 616K, committed 640K, reserved 1048576K
}
Event: 24.626 GC heap before
{Heap before GC invocations=23 (full 4):
 PSYoungGen      total 732160K, used 665231K [0x000000076ab00000, 0x00000007a5d80000, 0x00000007c0000000)
  eden space 574464K, 100% used [0x000000076ab00000,0x000000078dc00000,0x000000078dc00000)
  from space 157696K, 57% used [0x000000078dc00000,0x00000007934a3f88,0x0000000797600000)
  to   space 160256K, 0% used [0x000000079c100000,0x000000079c100000,0x00000007a5d80000)
 ParOldGen       total 678400K, used 541059K [0x00000006c0000000, 0x00000006e9680000, 0x000000076ab00000)
  object space 678400K, 79% used [0x00000006c0000000,0x00000006e1060fc8,0x00000006e9680000)
 Metaspace       used 6428K, capacity 7280K, committed 7552K, reserved 1056768K
  class space    used 583K, capacity 616K, committed 640K, reserved 1048576K
Event: 24.827 GC heap after
Heap after GC invocations=23 (full 4):
 PSYoungGen      total 776192K, used 160251K [0x000000076ab00000, 0x00000007a9f80000, 0x00000007c0000000)
  eden space 615936K, 0% used [0x000000076ab00000,0x000000076ab00000,0x0000000790480000)
  from space 160256K, 99% used [0x000000079c100000,0x00000007a5d7ef30,0x00000007a5d80000)
  to   space 193024K, 0% used [0x0000000790480000,0x0000000790480000,0x000000079c100000)
 ParOldGen       total 678400K, used 557082K [0x00000006c0000000, 0x00000006e9680000, 0x000000076ab00000)
  object space 678400K, 82% used [0x00000006c0000000,0x00000006e2006b10,0x00000006e9680000)
 Metaspace       used 6428K, capacity 7280K, committed 7552K, reserved 1056768K
  class space    used 583K, capacity 616K, committed 640K, reserved 1048576K
}
Event: 27.510 GC heap before
{Heap before GC invocations=24 (full 4):
 PSYoungGen      total 776192K, used 776187K [0x000000076ab00000, 0x00000007a9f80000, 0x00000007c0000000)
  eden space 615936K, 100% used [0x000000076ab00000,0x0000000790480000,0x0000000790480000)
  from space 160256K, 99% used [0x000000079c100000,0x00000007a5d7ef30,0x00000007a5d80000)
  to   space 193024K, 0% used [0x0000000790480000,0x0000000790480000,0x000000079c100000)
 ParOldGen       total 678400K, used 557082K [0x00000006c0000000, 0x00000006e9680000, 0x000000076ab00000)
  object space 678400K, 82% used [0x00000006c0000000,0x00000006e2006b10,0x00000006e9680000)
 Metaspace       used 6784K, capacity 7600K, committed 7808K, reserved 1056768K
  class space    used 601K, capacity 616K, committed 640K, reserved 1048576K

