# JRE version: OpenJDK Runtime Environment (8.0_112-b06) (build 1.8.0_112-release-b06)
# Java VM: OpenJDK 64-Bit Server VM (25.112-b06 mixed mode linux-amd64 compressed oops)
Heap:
 PSYoungGen      total 949760K, used 105210K [0x000000076ab00000, 0x00000007b4700000, 0x00000007c0000000)
  eden space 764416K, 0% used [0x000000076ab00000,0x000000076ab00000,0x0000000799580000)
  from space 185344K, 56% used [0x00000007a5f00000,0x00000007ac5be9d0,0x00000007b1400000)
  to   space 206336K, 0% used [0x0000000799580000,0x0000000799580000,0x00000007a5f00000)
 ParOldGen       total 472576K, used 472476K [0x00000006c0000000, 0x00000006dcd80000, 0x000000076ab00000)
  object space 472576K, 99% used [0x00000006c0000000,0x00000006dcd67380,0x00000006dcd80000)
 Metaspace       used 6414K, capacity 7280K, committed 7552K, reserved 1056768K
  class space    used 584K, capacity 616K, committed 640K, reserved 1048576K
GC Heap History (10 events):
Event: 9.543 GC heap after
Heap after GC invocations=13 (full 2):
 PSYoungGen      total 677376K, used 81490K [0x000000076ab00000, 0x00000007a3000000, 0x00000007c0000000)
  eden space 556544K, 0% used [0x000000076ab00000,0x000000076ab00000,0x000000078ca80000)
  from space 120832K, 67% used [0x000000078ca80000,0x0000000791a14a00,0x0000000794080000)
  to   space 127488K, 0% used [0x000000079b380000,0x000000079b380000,0x00000007a3000000)
 ParOldGen       total 289792K, used 231638K [0x00000006c0000000, 0x00000006d1b00000, 0x000000076ab00000)
  object space 289792K, 79% used [0x00000006c0000000,0x00000006ce235af0,0x00000006d1b00000)
 Metaspace       used 6400K, capacity 7280K, committed 7552K, reserved 1056768K
  class space    used 583K, capacity 616K, committed 640K, reserved 1048576K
}
Event: 9.543 GC heap before
{Heap before GC invocations=14 (full 3):
 PSYoungGen      total 677376K, used 81490K [0x000000076ab00000, 0x00000007a3000000, 0x00000007c0000000)
  eden space 556544K, 0% used [0x000000076ab00000,0x000000076ab00000,0x000000078ca80000)
  from space 120832K, 67% used [0x000000078ca80000,0x0000000791a14a00,0x0000000794080000)
  to   space 127488K, 0% used [0x000000079b380000,0x000000079b380000,0x00000007a3000000)
 ParOldGen       total 289792K, used 231638K [0x00000006c0000000, 0x00000006d1b00000, 0x000000076ab00000)
  object space 289792K, 79% used [0x00000006c0000000,0x00000006ce235af0,0x00000006d1b00000)
 Metaspace       used 6400K, capacity 7280K, committed 7552K, reserved 1056768K
  class space    used 583K, capacity 616K, committed 640K, reserved 1048576K
Event: 10.568 GC heap after
Heap after GC invocations=14 (full 3):
 PSYoungGen      total 677376K, used 19725K [0x000000076ab00000, 0x00000007a3000000, 0x00000007c0000000)
  eden space 556544K, 0% used [0x000000076ab00000,0x000000076ab00000,0x000000078ca80000)
  from space 120832K, 16% used [0x000000078ca80000,0x000000078ddc36a0,0x0000000794080000)
  to   space 127488K, 0% used [0x000000079b380000,0x000000079b380000,0x00000007a3000000)
 ParOldGen       total 472576K, used 289432K [0x00000006c0000000, 0x00000006dcd80000, 0x000000076ab00000)
  object space 472576K, 61% used [0x00000006c0000000,0x00000006d1aa6350,0x00000006dcd80000)
 Metaspace       used 6400K, capacity 7280K, committed 7552K, reserved 1056768K
  class space    used 583K, capacity 616K, committed 640K, reserved 1048576K
}
Event: 11.999 GC heap before
{Heap before GC invocations=15 (full 3):
 PSYoungGen      total 677376K, used 576269K [0x000000076ab00000, 0x00000007a3000000, 0x00000007c0000000)
  eden space 556544K, 100% used [0x000000076ab00000,0x000000078ca80000,0x000000078ca80000)
  from space 120832K, 16% used [0x000000078ca80000,0x000000078ddc36a0,0x0000000794080000)
  to   space 127488K, 0% used [0x000000079b380000,0x000000079b380000,0x00000007a3000000)
 ParOldGen       total 472576K, used 289432K [0x00000006c0000000, 0x00000006dcd80000, 0x000000076ab00000)
  object space 472576K, 61% used [0x00000006c0000000,0x00000006d1aa6350,0x00000006dcd80000)
 Metaspace       used 6407K, capacity 7280K, committed 7552K, reserved 1056768K
  class space    used 584K, capacity 616K, committed 640K, reserved 1048576K
Event: 12.639 GC heap after
Heap after GC invocations=15 (full 3):
 PSYoungGen      total 780288K, used 107464K [0x000000076ab00000, 0x00000007a4980000, 0x00000007c0000000)
  eden space 652800K, 0% used [0x000000076ab00000,0x000000076ab00000,0x0000000792880000)
  from space 127488K, 84% used [0x000000079b380000,0x00000007a1c72260,0x00000007a3000000)
  to   space 142336K, 0% used [0x0000000792880000,0x0000000792880000,0x000000079b380000)
 ParOldGen       total 472576K, used 289432K [0x00000006c0000000, 0x00000006dcd80000, 0x000000076ab00000)
  object space 472576K, 61% used [0x00000006c0000000,0x00000006d1aa6350,0x00000006dcd80000)
 Metaspace       used 6407K, capacity 7280K, committed 7552K, reserved 1056768K
  class space    used 584K, capacity 616K, committed 640K, reserved 1048576K
}
Event: 14.223 GC heap before
{Heap before GC invocations=16 (full 3):
 PSYoungGen      total 780288K, used 760264K [0x000000076ab00000, 0x00000007a4980000, 0x00000007c0000000)
  eden space 652800K, 100% used [0x000000076ab00000,0x0000000792880000,0x0000000792880000)
  from space 127488K, 84% used [0x000000079b380000,0x00000007a1c72260,0x00000007a3000000)
  to   space 142336K, 0% used [0x0000000792880000,0x0000000792880000,0x000000079b380000)
 ParOldGen       total 472576K, used 289432K [0x00000006c0000000, 0x00000006dcd80000, 0x000000076ab00000)
  object space 472576K, 61% used [0x00000006c0000000,0x00000006d1aa6350,0x00000006dcd80000)
 Metaspace       used 6413K, capacity 7280K, committed 7552K, reserved 1056768K
  class space    used 584K, capacity 616K, committed 640K, reserved 1048576K
Event: 14.521 GC heap after
Heap after GC invocations=16 (full 3):
 PSYoungGen      total 795136K, used 142304K [0x000000076ab00000, 0x00000007b1400000, 0x00000007c0000000)
  eden space 652800K, 0% used [0x000000076ab00000,0x000000076ab00000,0x0000000792880000)
  from space 142336K, 99% used [0x0000000792880000,0x000000079b3783e8,0x000000079b380000)
  to   space 185344K, 0% used [0x00000007a5f00000,0x00000007a5f00000,0x00000007b1400000)
 ParOldGen       total 472576K, used 339536K [0x00000006c0000000, 0x00000006dcd80000, 0x000000076ab00000)
  object space 472576K, 71% used [0x00000006c0000000,0x00000006d4b94160,0x00000006dcd80000)
 Metaspace       used 6413K, capacity 7280K, committed 7552K, reserved 1056768K
  class space    used 584K, capacity 616K, committed 640K, reserved 1048576K
}
Event: 15.885 GC heap before
{Heap before GC invocations=17 (full 3):
 PSYoungGen      total 795136K, used 795104K [0x000000076ab00000, 0x00000007b1400000, 0x00000007c0000000)
  eden space 652800K, 100% used [0x000000076ab00000,0x0000000792880000,0x0000000792880000)
  from space 142336K, 99% used [0x0000000792880000,0x000000079b3783e8,0x000000079b380000)
  to   space 185344K, 0% used [0x00000007a5f00000,0x00000007a5f00000,0x00000007b1400000)
 ParOldGen       total 472576K, used 339536K [0x00000006c0000000, 0x00000006dcd80000, 0x000000076ab00000)
  object space 472576K, 71% used [0x00000006c0000000,0x00000006d4b94160,0x00000006dcd80000)
 Metaspace       used 6414K, capacity 7280K, committed 7552K, reserved 1056768K
  class space    used 584K, capacity 616K, committed 640K, reserved 1048576K
Event: 16.204 GC heap after
Heap after GC invocations=17 (full 3):
 PSYoungGen      total 949760K, used 154878K [0x000000076ab00000, 0x00000007b4700000, 0x00000007c0000000)
  eden space 764416K, 0% used [0x000000076ab00000,0x000000076ab00000,0x0000000799580000)
  from space 185344K, 83% used [0x00000007a5f00000,0x00000007af63f968,0x00000007b1400000)
  to   space 206336K, 0% used [0x0000000799580000,0x0000000799580000,0x00000007a5f00000)
 ParOldGen       total 472576K, used 429396K [0x00000006c0000000, 0x00000006dcd80000, 0x000000076ab00000)
  object space 472576K, 90% used [0x00000006c0000000,0x00000006da355270,0x00000006dcd80000)
 Metaspace       used 6414K, capacity 7280K, committed 7552K, reserved 1056768K
  class space    used 584K, capacity 616K, committed 640K, reserved 1048576K
}
Event: 16.204 GC heap before
{Heap before GC invocations=18 (full 4):
 PSYoungGen      total 949760K, used 154878K [0x000000076ab00000, 0x00000007b4700000, 0x00000007c0000000)
  eden space 764416K, 0% used [0x000000076ab00000,0x000000076ab00000,0x0000000799580000)
  from space 185344K, 83% used [0x00000007a5f00000,0x00000007af63f968,0x00000007b1400000)
  to   space 206336K, 0% used [0x0000000799580000,0x0000000799580000,0x00000007a5f00000)
 ParOldGen       total 472576K, used 429396K [0x00000006c0000000, 0x00000006dcd80000, 0x000000076ab00000)
  object space 472576K, 90% used [0x00000006c0000000,0x00000006da355270,0x00000006dcd80000)
 Metaspace       used 6414K, capacity 7280K, committed 7552K, reserved 1056768K
  class space    used 584K, capacity 616K, committed 640K, reserved 1048576K

