# JRE version: OpenJDK Runtime Environment (8.0_112-b06) (build 1.8.0_112-release-b06)
# Java VM: OpenJDK 64-Bit Server VM (25.112-b06 mixed mode linux-amd64 compressed oops)
Heap:
 PSYoungGen      total 945664K, used 112473K [0x000000076ab00000, 0x00000007b4a80000, 0x00000007c0000000)
  eden space 758272K, 0% used [0x000000076ab00000,0x000000076ab00000,0x0000000798f80000)
  from space 187392K, 60% used [0x00000007a5b80000,0x00000007ac956470,0x00000007b1280000)
  to   space 208896K, 0% used [0x0000000798f80000,0x0000000798f80000,0x00000007a5b80000)
 ParOldGen       total 470016K, used 469699K [0x00000006c0000000, 0x00000006dcb00000, 0x000000076ab00000)
  object space 470016K, 99% used [0x00000006c0000000,0x00000006dcab0cd8,0x00000006dcb00000)
 Metaspace       used 6370K, capacity 7280K, committed 7552K, reserved 1056768K
  class space    used 582K, capacity 616K, committed 640K, reserved 1048576K
GC Heap History (10 events):
Event: 11.697 GC heap after
Heap after GC invocations=13 (full 2):
 PSYoungGen      total 684544K, used 83605K [0x000000076ab00000, 0x00000007a3b00000, 0x00000007c0000000)
  eden space 563712K, 0% used [0x000000076ab00000,0x000000076ab00000,0x000000078d180000)
  from space 120832K, 69% used [0x000000078d180000,0x0000000792325468,0x0000000794780000)
  to   space 128512K, 0% used [0x000000079bd80000,0x000000079bd80000,0x00000007a3b00000)
 ParOldGen       total 288768K, used 233260K [0x00000006c0000000, 0x00000006d1a00000, 0x000000076ab00000)
  object space 288768K, 80% used [0x00000006c0000000,0x00000006ce3cb3b0,0x00000006d1a00000)
 Metaspace       used 6358K, capacity 7280K, committed 7552K, reserved 1056768K
  class space    used 581K, capacity 616K, committed 640K, reserved 1048576K
}
Event: 11.697 GC heap before
{Heap before GC invocations=14 (full 3):
 PSYoungGen      total 684544K, used 83605K [0x000000076ab00000, 0x00000007a3b00000, 0x00000007c0000000)
  eden space 563712K, 0% used [0x000000076ab00000,0x000000076ab00000,0x000000078d180000)
  from space 120832K, 69% used [0x000000078d180000,0x0000000792325468,0x0000000794780000)
  to   space 128512K, 0% used [0x000000079bd80000,0x000000079bd80000,0x00000007a3b00000)
 ParOldGen       total 288768K, used 233260K [0x00000006c0000000, 0x00000006d1a00000, 0x000000076ab00000)
  object space 288768K, 80% used [0x00000006c0000000,0x00000006ce3cb3b0,0x00000006d1a00000)
 Metaspace       used 6358K, capacity 7280K, committed 7552K, reserved 1056768K
  class space    used 581K, capacity 616K, committed 640K, reserved 1048576K
Event: 12.929 GC heap after
Heap after GC invocations=14 (full 3):
 PSYoungGen      total 684544K, used 24291K [0x000000076ab00000, 0x00000007a3b00000, 0x00000007c0000000)
  eden space 563712K, 0% used [0x000000076ab00000,0x000000076ab00000,0x000000078d180000)
  from space 120832K, 20% used [0x000000078d180000,0x000000078e938dc0,0x0000000794780000)
  to   space 128512K, 0% used [0x000000079bd80000,0x000000079bd80000,0x00000007a3b00000)
 ParOldGen       total 470016K, used 288498K [0x00000006c0000000, 0x00000006dcb00000, 0x000000076ab00000)
  object space 470016K, 61% used [0x00000006c0000000,0x00000006d19bc920,0x00000006dcb00000)
 Metaspace       used 6358K, capacity 7280K, committed 7552K, reserved 1056768K
  class space    used 581K, capacity 616K, committed 640K, reserved 1048576K
}
Event: 14.780 GC heap before
{Heap before GC invocations=15 (full 3):
 PSYoungGen      total 684544K, used 588003K [0x000000076ab00000, 0x00000007a3b00000, 0x00000007c0000000)
  eden space 563712K, 100% used [0x000000076ab00000,0x000000078d180000,0x000000078d180000)
  from space 120832K, 20% used [0x000000078d180000,0x000000078e938dc0,0x0000000794780000)
  to   space 128512K, 0% used [0x000000079bd80000,0x000000079bd80000,0x00000007a3b00000)
 ParOldGen       total 470016K, used 288498K [0x00000006c0000000, 0x00000006dcb00000, 0x000000076ab00000)
  object space 470016K, 61% used [0x00000006c0000000,0x00000006d19bc920,0x00000006dcb00000)
 Metaspace       used 6365K, capacity 7280K, committed 7552K, reserved 1056768K
  class space    used 581K, capacity 616K, committed 640K, reserved 1048576K
Event: 15.064 GC heap after
Heap after GC invocations=15 (full 3):
 PSYoungGen      total 785920K, used 108025K [0x000000076ab00000, 0x00000007a4500000, 0x00000007c0000000)
  eden space 657408K, 0% used [0x000000076ab00000,0x000000076ab00000,0x0000000792d00000)
  from space 128512K, 84% used [0x000000079bd80000,0x00000007a26fe528,0x00000007a3b00000)
  to   space 143360K, 0% used [0x0000000792d00000,0x0000000792d00000,0x000000079b900000)
 ParOldGen       total 470016K, used 288506K [0x00000006c0000000, 0x00000006dcb00000, 0x000000076ab00000)
  object space 470016K, 61% used [0x00000006c0000000,0x00000006d19be920,0x00000006dcb00000)
 Metaspace       used 6365K, capacity 7280K, committed 7552K, reserved 1056768K
  class space    used 581K, capacity 616K, committed 640K, reserved 1048576K
}
Event: 16.971 GC heap before
{Heap before GC invocations=16 (full 3):
 PSYoungGen      total 785920K, used 765433K [0x000000076ab00000, 0x00000007a4500000, 0x00000007c0000000)
  eden space 657408K, 100% used [0x000000076ab00000,0x0000000792d00000,0x0000000792d00000)
  from space 128512K, 84% used [0x000000079bd80000,0x00000007a26fe528,0x00000007a3b00000)
  to   space 143360K, 0% used [0x0000000792d00000,0x0000000792d00000,0x000000079b900000)
 ParOldGen       total 470016K, used 288506K [0x00000006c0000000, 0x00000006dcb00000, 0x000000076ab00000)
  object space 470016K, 61% used [0x00000006c0000000,0x00000006d19be920,0x00000006dcb00000)
 Metaspace       used 6370K, capacity 7280K, committed 7552K, reserved 1056768K
  class space    used 582K, capacity 616K, committed 640K, reserved 1048576K
Event: 17.305 GC heap after
Heap after GC invocations=16 (full 3):
 PSYoungGen      total 800768K, used 143355K [0x000000076ab00000, 0x00000007b1280000, 0x00000007c0000000)
  eden space 657408K, 0% used [0x000000076ab00000,0x000000076ab00000,0x0000000792d00000)
  from space 143360K, 99% used [0x0000000792d00000,0x000000079b8fed90,0x000000079b900000)
  to   space 187392K, 0% used [0x00000007a5b80000,0x00000007a5b80000,0x00000007b1280000)
 ParOldGen       total 470016K, used 340202K [0x00000006c0000000, 0x00000006dcb00000, 0x000000076ab00000)
  object space 470016K, 72% used [0x00000006c0000000,0x00000006d4c3a850,0x00000006dcb00000)
 Metaspace       used 6370K, capacity 7280K, committed 7552K, reserved 1056768K
  class space    used 582K, capacity 616K, committed 640K, reserved 1048576K
}
Event: 19.184 GC heap before
{Heap before GC invocations=17 (full 3):
 PSYoungGen      total 800768K, used 800763K [0x000000076ab00000, 0x00000007b1280000, 0x00000007c0000000)
  eden space 657408K, 100% used [0x000000076ab00000,0x0000000792d00000,0x0000000792d00000)
  from space 143360K, 99% used [0x0000000792d00000,0x000000079b8fed90,0x000000079b900000)
  to   space 187392K, 0% used [0x00000007a5b80000,0x00000007a5b80000,0x00000007b1280000)
 ParOldGen       total 470016K, used 340202K [0x00000006c0000000, 0x00000006dcb00000, 0x000000076ab00000)
  object space 470016K, 72% used [0x00000006c0000000,0x00000006d4c3a850,0x00000006dcb00000)
 Metaspace       used 6370K, capacity 7280K, committed 7552K, reserved 1056768K
  class space    used 582K, capacity 616K, committed 640K, reserved 1048576K
Event: 19.587 GC heap after
Heap after GC invocations=17 (full 3):
 PSYoungGen      total 945664K, used 157334K [0x000000076ab00000, 0x00000007b4a80000, 0x00000007c0000000)
  eden space 758272K, 0% used [0x000000076ab00000,0x000000076ab00000,0x0000000798f80000)
  from space 187392K, 83% used [0x00000007a5b80000,0x00000007af525b30,0x00000007b1280000)
  to   space 208896K, 0% used [0x0000000798f80000,0x0000000798f80000,0x00000007a5b80000)
 ParOldGen       total 470016K, used 429488K [0x00000006c0000000, 0x00000006dcb00000, 0x000000076ab00000)
  object space 470016K, 91% used [0x00000006c0000000,0x00000006da36c1d8,0x00000006dcb00000)
 Metaspace       used 6370K, capacity 7280K, committed 7552K, reserved 1056768K
  class space    used 582K, capacity 616K, committed 640K, reserved 1048576K
}
Event: 19.587 GC heap before
{Heap before GC invocations=18 (full 4):
 PSYoungGen      total 945664K, used 157334K [0x000000076ab00000, 0x00000007b4a80000, 0x00000007c0000000)
  eden space 758272K, 0% used [0x000000076ab00000,0x000000076ab00000,0x0000000798f80000)
  from space 187392K, 83% used [0x00000007a5b80000,0x00000007af525b30,0x00000007b1280000)
  to   space 208896K, 0% used [0x0000000798f80000,0x0000000798f80000,0x00000007a5b80000)
 ParOldGen       total 470016K, used 429488K [0x00000006c0000000, 0x00000006dcb00000, 0x000000076ab00000)
  object space 470016K, 91% used [0x00000006c0000000,0x00000006da36c1d8,0x00000006dcb00000)
 Metaspace       used 6370K, capacity 7280K, committed 7552K, reserved 1056768K
  class space    used 582K, capacity 616K, committed 640K, reserved 1048576K

