# JRE version: OpenJDK Runtime Environment (8.0_112-b06) (build 1.8.0_112-release-b06)
# Java VM: OpenJDK 64-Bit Server VM (25.112-b06 mixed mode linux-amd64 compressed oops)
Heap:
 PSYoungGen      total 669184K, used 91340K [0x000000076ab00000, 0x00000007a6c80000, 0x00000007c0000000)
  eden space 509952K, 0% used [0x000000076ab00000,0x000000076ab00000,0x0000000789d00000)
  from space 159232K, 57% used [0x0000000789d00000,0x000000078f6333a0,0x0000000793880000)
  to   space 203264K, 0% used [0x000000079a600000,0x000000079a600000,0x00000007a6c80000)
 ParOldGen       total 446464K, used 446391K [0x00000006c0000000, 0x00000006db400000, 0x000000076ab00000)
  object space 446464K, 99% used [0x00000006c0000000,0x00000006db3edce8,0x00000006db400000)
 Metaspace       used 6427K, capacity 7280K, committed 7552K, reserved 1056768K
  class space    used 584K, capacity 616K, committed 640K, reserved 1048576K
GC Heap History (10 events):
Event: 15.953 GC heap after
Heap after GC invocations=16 (full 2):
 PSYoungGen      total 560128K, used 105445K [0x000000076ab00000, 0x000000079b580000, 0x00000007c0000000)
  eden space 454656K, 0% used [0x000000076ab00000,0x000000076ab00000,0x0000000786700000)
  from space 105472K, 99% used [0x000000078ef80000,0x00000007956796f0,0x0000000795680000)
  to   space 139776K, 0% used [0x0000000786700000,0x0000000786700000,0x000000078ef80000)
 ParOldGen       total 275968K, used 239051K [0x00000006c0000000, 0x00000006d0d80000, 0x000000076ab00000)
  object space 275968K, 86% used [0x00000006c0000000,0x00000006ce972fb8,0x00000006d0d80000)
 Metaspace       used 6416K, capacity 7280K, committed 7552K, reserved 1056768K
  class space    used 583K, capacity 616K, committed 640K, reserved 1048576K
}
Event: 15.953 GC heap before
{Heap before GC invocations=17 (full 3):
 PSYoungGen      total 560128K, used 105445K [0x000000076ab00000, 0x000000079b580000, 0x00000007c0000000)
  eden space 454656K, 0% used [0x000000076ab00000,0x000000076ab00000,0x0000000786700000)
  from space 105472K, 99% used [0x000000078ef80000,0x00000007956796f0,0x0000000795680000)
  to   space 139776K, 0% used [0x0000000786700000,0x0000000786700000,0x000000078ef80000)
 ParOldGen       total 275968K, used 239051K [0x00000006c0000000, 0x00000006d0d80000, 0x000000076ab00000)
  object space 275968K, 86% used [0x00000006c0000000,0x00000006ce972fb8,0x00000006d0d80000)
 Metaspace       used 6416K, capacity 7280K, committed 7552K, reserved 1056768K
  class space    used 583K, capacity 616K, committed 640K, reserved 1048576K
Event: 17.460 GC heap after
Heap after GC invocations=17 (full 3):
 PSYoungGen      total 560128K, used 60980K [0x000000076ab00000, 0x000000079b580000, 0x00000007c0000000)
  eden space 454656K, 0% used [0x000000076ab00000,0x000000076ab00000,0x0000000786700000)
  from space 105472K, 57% used [0x000000078ef80000,0x0000000792b0d348,0x0000000795680000)
  to   space 139776K, 0% used [0x0000000786700000,0x0000000786700000,0x000000078ef80000)
 ParOldGen       total 446464K, used 275516K [0x00000006c0000000, 0x00000006db400000, 0x000000076ab00000)
  object space 446464K, 61% used [0x00000006c0000000,0x00000006d0d0f2c8,0x00000006db400000)
 Metaspace       used 6416K, capacity 7280K, committed 7552K, reserved 1056768K
  class space    used 583K, capacity 616K, committed 640K, reserved 1048576K
}
Event: 19.107 GC heap before
{Heap before GC invocations=18 (full 3):
 PSYoungGen      total 560128K, used 515636K [0x000000076ab00000, 0x000000079b580000, 0x00000007c0000000)
  eden space 454656K, 100% used [0x000000076ab00000,0x0000000786700000,0x0000000786700000)
  from space 105472K, 57% used [0x000000078ef80000,0x0000000792b0d348,0x0000000795680000)
  to   space 139776K, 0% used [0x0000000786700000,0x0000000786700000,0x000000078ef80000)
 ParOldGen       total 446464K, used 275516K [0x00000006c0000000, 0x00000006db400000, 0x000000076ab00000)
  object space 446464K, 61% used [0x00000006c0000000,0x00000006d0d0f2c8,0x00000006db400000)
 Metaspace       used 6423K, capacity 7280K, committed 7552K, reserved 1056768K
  class space    used 584K, capacity 616K, committed 640K, reserved 1048576K
Event: 19.368 GC heap after
Heap after GC invocations=18 (full 3):
 PSYoungGen      total 594432K, used 67771K [0x000000076ab00000, 0x000000079bf00000, 0x00000007c0000000)
  eden space 454656K, 0% used [0x000000076ab00000,0x000000076ab00000,0x0000000786700000)
  from space 139776K, 48% used [0x0000000786700000,0x000000078a92ec10,0x000000078ef80000)
  to   space 137728K, 0% used [0x0000000793880000,0x0000000793880000,0x000000079bf00000)
 ParOldGen       total 446464K, used 335338K [0x00000006c0000000, 0x00000006db400000, 0x000000076ab00000)
  object space 446464K, 75% used [0x00000006c0000000,0x00000006d477ab20,0x00000006db400000)
 Metaspace       used 6423K, capacity 7280K, committed 7552K, reserved 1056768K
  class space    used 584K, capacity 616K, committed 640K, reserved 1048576K
}
Event: 20.723 GC heap before
{Heap before GC invocations=19 (full 3):
 PSYoungGen      total 594432K, used 522427K [0x000000076ab00000, 0x000000079bf00000, 0x00000007c0000000)
  eden space 454656K, 100% used [0x000000076ab00000,0x0000000786700000,0x0000000786700000)
  from space 139776K, 48% used [0x0000000786700000,0x000000078a92ec10,0x000000078ef80000)
  to   space 137728K, 0% used [0x0000000793880000,0x0000000793880000,0x000000079bf00000)
 ParOldGen       total 446464K, used 335338K [0x00000006c0000000, 0x00000006db400000, 0x000000076ab00000)
  object space 446464K, 75% used [0x00000006c0000000,0x00000006d477ab20,0x00000006db400000)
 Metaspace       used 6425K, capacity 7280K, committed 7552K, reserved 1056768K
  class space    used 584K, capacity 616K, committed 640K, reserved 1048576K
Event: 21.065 GC heap after
Heap after GC invocations=19 (full 3):
 PSYoungGen      total 647680K, used 132342K [0x000000076ab00000, 0x000000079f800000, 0x00000007c0000000)
  eden space 509952K, 0% used [0x000000076ab00000,0x000000076ab00000,0x0000000789d00000)
  from space 137728K, 96% used [0x0000000793880000,0x000000079b9bd928,0x000000079bf00000)
  to   space 159232K, 0% used [0x0000000789d00000,0x0000000789d00000,0x0000000793880000)
 ParOldGen       total 446464K, used 335338K [0x00000006c0000000, 0x00000006db400000, 0x000000076ab00000)
  object space 446464K, 75% used [0x00000006c0000000,0x00000006d477ab20,0x00000006db400000)
 Metaspace       used 6425K, capacity 7280K, committed 7552K, reserved 1056768K
  class space    used 584K, capacity 616K, committed 640K, reserved 1048576K
}
Event: 23.239 GC heap before
{Heap before GC invocations=20 (full 3):
 PSYoungGen      total 647680K, used 642294K [0x000000076ab00000, 0x000000079f800000, 0x00000007c0000000)
  eden space 509952K, 100% used [0x000000076ab00000,0x0000000789d00000,0x0000000789d00000)
  from space 137728K, 96% used [0x0000000793880000,0x000000079b9bd928,0x000000079bf00000)
  to   space 159232K, 0% used [0x0000000789d00000,0x0000000789d00000,0x0000000793880000)
 ParOldGen       total 446464K, used 335338K [0x00000006c0000000, 0x00000006db400000, 0x000000076ab00000)
  object space 446464K, 75% used [0x00000006c0000000,0x00000006d477ab20,0x00000006db400000)
 Metaspace       used 6427K, capacity 7280K, committed 7552K, reserved 1056768K
  class space    used 584K, capacity 616K, committed 640K, reserved 1048576K
Event: 23.512 GC heap after
Heap after GC invocations=20 (full 3):
 PSYoungGen      total 669184K, used 159227K [0x000000076ab00000, 0x00000007a6c80000, 0x00000007c0000000)
  eden space 509952K, 0% used [0x000000076ab00000,0x000000076ab00000,0x0000000789d00000)
  from space 159232K, 99% used [0x0000000789d00000,0x000000079387ec08,0x0000000793880000)
  to   space 203264K, 0% used [0x000000079a600000,0x000000079a600000,0x00000007a6c80000)
 ParOldGen       total 446464K, used 381610K [0x00000006c0000000, 0x00000006db400000, 0x000000076ab00000)
  object space 446464K, 85% used [0x00000006c0000000,0x00000006d74aabf0,0x00000006db400000)
 Metaspace       used 6427K, capacity 7280K, committed 7552K, reserved 1056768K
  class space    used 584K, capacity 616K, committed 640K, reserved 1048576K
}
Event: 23.512 GC heap before
{Heap before GC invocations=21 (full 4):
 PSYoungGen      total 669184K, used 159227K [0x000000076ab00000, 0x00000007a6c80000, 0x00000007c0000000)
  eden space 509952K, 0% used [0x000000076ab00000,0x000000076ab00000,0x0000000789d00000)
  from space 159232K, 99% used [0x0000000789d00000,0x000000079387ec08,0x0000000793880000)
  to   space 203264K, 0% used [0x000000079a600000,0x000000079a600000,0x00000007a6c80000)
 ParOldGen       total 446464K, used 381610K [0x00000006c0000000, 0x00000006db400000, 0x000000076ab00000)
  object space 446464K, 85% used [0x00000006c0000000,0x00000006d74aabf0,0x00000006db400000)
 Metaspace       used 6427K, capacity 7280K, committed 7552K, reserved 1056768K
  class space    used 584K, capacity 616K, committed 640K, reserved 1048576K

