# JRE version: OpenJDK Runtime Environment (8.0_112-b06) (build 1.8.0_112-release-b06)
# Java VM: OpenJDK 64-Bit Server VM (25.112-b06 mixed mode linux-amd64 compressed oops)
Heap:
 PSYoungGen      total 841728K, used 23895K [0x000000076ab00000, 0x00000007b1500000, 0x00000007c0000000)
  eden space 652800K, 0% used [0x000000076ab00000,0x000000076ab00000,0x0000000792880000)
  from space 188928K, 12% used [0x0000000792880000,0x0000000793fd5d30,0x000000079e100000)
  to   space 186368K, 0% used [0x00000007a5f00000,0x00000007a5f00000,0x00000007b1500000)
 ParOldGen       total 461824K, used 461774K [0x00000006c0000000, 0x00000006dc300000, 0x000000076ab00000)
  object space 461824K, 99% used [0x00000006c0000000,0x00000006dc2f3b98,0x00000006dc300000)
 Metaspace       used 6420K, capacity 7280K, committed 7552K, reserved 1056768K
  class space    used 583K, capacity 616K, committed 640K, reserved 1048576K
GC Heap History (10 events):
Event: 8.471 GC heap after
Heap after GC invocations=12 (full 2):
 PSYoungGen      total 667136K, used 65438K [0x000000076ab00000, 0x000000079ca00000, 0x00000007c0000000)
  eden space 575488K, 0% used [0x000000076ab00000,0x000000076ab00000,0x000000078dd00000)
  from space 91648K, 71% used [0x0000000794600000,0x00000007985e7bc0,0x0000000799f80000)
  to   space 107520K, 0% used [0x000000078dd00000,0x000000078dd00000,0x0000000794600000)
 ParOldGen       total 285184K, used 162678K [0x00000006c0000000, 0x00000006d1680000, 0x000000076ab00000)
  object space 285184K, 57% used [0x00000006c0000000,0x00000006c9edd8a8,0x00000006d1680000)
 Metaspace       used 6398K, capacity 7280K, committed 7552K, reserved 1056768K
  class space    used 583K, capacity 616K, committed 640K, reserved 1048576K
}
Event: 10.062 GC heap before
{Heap before GC invocations=13 (full 2):
 PSYoungGen      total 667136K, used 640926K [0x000000076ab00000, 0x000000079ca00000, 0x00000007c0000000)
  eden space 575488K, 100% used [0x000000076ab00000,0x000000078dd00000,0x000000078dd00000)
  from space 91648K, 71% used [0x0000000794600000,0x00000007985e7bc0,0x0000000799f80000)
  to   space 107520K, 0% used [0x000000078dd00000,0x000000078dd00000,0x0000000794600000)
 ParOldGen       total 285184K, used 162678K [0x00000006c0000000, 0x00000006d1680000, 0x000000076ab00000)
  object space 285184K, 57% used [0x00000006c0000000,0x00000006c9edd8a8,0x00000006d1680000)
 Metaspace       used 6410K, capacity 7280K, committed 7552K, reserved 1056768K
  class space    used 583K, capacity 616K, committed 640K, reserved 1048576K
Event: 10.311 GC heap after
Heap after GC invocations=13 (full 2):
 PSYoungGen      total 683008K, used 107512K [0x000000076ab00000, 0x00000007a6c80000, 0x00000007c0000000)
  eden space 575488K, 0% used [0x000000076ab00000,0x000000076ab00000,0x000000078dd00000)
  from space 107520K, 99% used [0x000000078dd00000,0x00000007945fe0a0,0x0000000794600000)
  to   space 142848K, 0% used [0x000000079e100000,0x000000079e100000,0x00000007a6c80000)
 ParOldGen       total 285184K, used 207193K [0x00000006c0000000, 0x00000006d1680000, 0x000000076ab00000)
  object space 285184K, 72% used [0x00000006c0000000,0x00000006cca56760,0x00000006d1680000)
 Metaspace       used 6410K, capacity 7280K, committed 7552K, reserved 1056768K
  class space    used 583K, capacity 616K, committed 640K, reserved 1048576K
}
Event: 11.981 GC heap before
{Heap before GC invocations=14 (full 2):
 PSYoungGen      total 683008K, used 683000K [0x000000076ab00000, 0x00000007a6c80000, 0x00000007c0000000)
  eden space 575488K, 100% used [0x000000076ab00000,0x000000078dd00000,0x000000078dd00000)
  from space 107520K, 99% used [0x000000078dd00000,0x00000007945fe0a0,0x0000000794600000)
  to   space 142848K, 0% used [0x000000079e100000,0x000000079e100000,0x00000007a6c80000)
 ParOldGen       total 285184K, used 207193K [0x00000006c0000000, 0x00000006d1680000, 0x000000076ab00000)
  object space 285184K, 72% used [0x00000006c0000000,0x00000006cca56760,0x00000006d1680000)
 Metaspace       used 6415K, capacity 7280K, committed 7552K, reserved 1056768K
  class space    used 583K, capacity 616K, committed 640K, reserved 1048576K
Event: 12.958 GC heap after
Heap after GC invocations=14 (full 2):
 PSYoungGen      total 795648K, used 142832K [0x000000076ab00000, 0x00000007ace80000, 0x00000007c0000000)
  eden space 652800K, 0% used [0x000000076ab00000,0x000000076ab00000,0x0000000792880000)
  from space 142848K, 99% used [0x000000079e100000,0x00000007a6c7c138,0x00000007a6c80000)
  to   space 188928K, 0% used [0x0000000792880000,0x0000000792880000,0x000000079e100000)
 ParOldGen       total 285184K, used 263012K [0x00000006c0000000, 0x00000006d1680000, 0x000000076ab00000)
  object space 285184K, 92% used [0x00000006c0000000,0x00000006d00d9320,0x00000006d1680000)
 Metaspace       used 6415K, capacity 7280K, committed 7552K, reserved 1056768K
  class space    used 583K, capacity 616K, committed 640K, reserved 1048576K
}
Event: 13.164 GC heap before
{Heap before GC invocations=15 (full 3):
 PSYoungGen      total 795648K, used 142832K [0x000000076ab00000, 0x00000007ace80000, 0x00000007c0000000)
  eden space 652800K, 0% used [0x000000076ab00000,0x000000076ab00000,0x0000000792880000)
  from space 142848K, 99% used [0x000000079e100000,0x00000007a6c7c138,0x00000007a6c80000)
  to   space 188928K, 0% used [0x0000000792880000,0x0000000792880000,0x000000079e100000)
 ParOldGen       total 285184K, used 263012K [0x00000006c0000000, 0x00000006d1680000, 0x000000076ab00000)
  object space 285184K, 92% used [0x00000006c0000000,0x00000006d00d9320,0x00000006d1680000)
 Metaspace       used 6415K, capacity 7280K, committed 7552K, reserved 1056768K
  class space    used 583K, capacity 616K, committed 640K, reserved 1048576K
Event: 14.928 GC heap after
Heap after GC invocations=15 (full 3):
 PSYoungGen      total 795648K, used 114675K [0x000000076ab00000, 0x00000007ace80000, 0x00000007c0000000)
  eden space 652800K, 0% used [0x000000076ab00000,0x000000076ab00000,0x0000000792880000)
  from space 142848K, 80% used [0x000000079e100000,0x00000007a50fcf38,0x00000007a6c80000)
  to   space 188928K, 0% used [0x0000000792880000,0x0000000792880000,0x000000079e100000)
 ParOldGen       total 461824K, used 285054K [0x00000006c0000000, 0x00000006dc300000, 0x000000076ab00000)
  object space 461824K, 61% used [0x00000006c0000000,0x00000006d165fbd8,0x00000006dc300000)
 Metaspace       used 6415K, capacity 7280K, committed 7552K, reserved 1056768K
  class space    used 583K, capacity 616K, committed 640K, reserved 1048576K
}
Event: 16.419 GC heap before
{Heap before GC invocations=16 (full 3):
 PSYoungGen      total 795648K, used 767475K [0x000000076ab00000, 0x00000007ace80000, 0x00000007c0000000)
  eden space 652800K, 100% used [0x000000076ab00000,0x0000000792880000,0x0000000792880000)
  from space 142848K, 80% used [0x000000079e100000,0x00000007a50fcf38,0x00000007a6c80000)
  to   space 188928K, 0% used [0x0000000792880000,0x0000000792880000,0x000000079e100000)
 ParOldGen       total 461824K, used 285054K [0x00000006c0000000, 0x00000006dc300000, 0x000000076ab00000)
  object space 461824K, 61% used [0x00000006c0000000,0x00000006d165fbd8,0x00000006dc300000)
 Metaspace       used 6420K, capacity 7280K, committed 7552K, reserved 1056768K
  class space    used 583K, capacity 616K, committed 640K, reserved 1048576K
Event: 17.143 GC heap after
Heap after GC invocations=16 (full 3):
 PSYoungGen      total 841728K, used 91514K [0x000000076ab00000, 0x00000007b1500000, 0x00000007c0000000)
  eden space 652800K, 0% used [0x000000076ab00000,0x000000076ab00000,0x0000000792880000)
  from space 188928K, 48% used [0x0000000792880000,0x00000007981de9b0,0x000000079e100000)
  to   space 186368K, 0% used [0x00000007a5f00000,0x00000007a5f00000,0x00000007b1500000)
 ParOldGen       total 461824K, used 400842K [0x00000006c0000000, 0x00000006dc300000, 0x000000076ab00000)
  object space 461824K, 86% used [0x00000006c0000000,0x00000006d8772b28,0x00000006dc300000)
 Metaspace       used 6420K, capacity 7280K, committed 7552K, reserved 1056768K
  class space    used 583K, capacity 616K, committed 640K, reserved 1048576K
}
Event: 17.143 GC heap before
{Heap before GC invocations=17 (full 4):
 PSYoungGen      total 841728K, used 91514K [0x000000076ab00000, 0x00000007b1500000, 0x00000007c0000000)
  eden space 652800K, 0% used [0x000000076ab00000,0x000000076ab00000,0x0000000792880000)
  from space 188928K, 48% used [0x0000000792880000,0x00000007981de9b0,0x000000079e100000)
  to   space 186368K, 0% used [0x00000007a5f00000,0x00000007a5f00000,0x00000007b1500000)
 ParOldGen       total 461824K, used 400842K [0x00000006c0000000, 0x00000006dc300000, 0x000000076ab00000)
  object space 461824K, 86% used [0x00000006c0000000,0x00000006d8772b28,0x00000006dc300000)
 Metaspace       used 6420K, capacity 7280K, committed 7552K, reserved 1056768K
  class space    used 583K, capacity 616K, committed 640K, reserved 1048576K

