# JRE version: OpenJDK Runtime Environment (8.0_112-b06) (build 1.8.0_112-release-b06)
# Java VM: OpenJDK 64-Bit Server VM (25.112-b06 mixed mode linux-amd64 compressed oops)
Heap:
 PSYoungGen      total 823296K, used 0K [0x000000076ab00000, 0x00000007ad980000, 0x00000007c0000000)
  eden space 632832K, 0% used [0x000000076ab00000,0x000000076ab00000,0x0000000791500000)
  from space 190464K, 0% used [0x0000000791500000,0x0000000791500000,0x000000079cf00000)
  to   space 189440K, 0% used [0x00000007a2080000,0x00000007a2080000,0x00000007ad980000)
 ParOldGen       total 747520K, used 746127K [0x00000006c0000000, 0x00000006eda00000, 0x000000076ab00000)
  object space 747520K, 99% used [0x00000006c0000000,0x00000006ed8a3e00,0x00000006eda00000)
 Metaspace       used 6436K, capacity 7280K, committed 7552K, reserved 1056768K
  class space    used 588K, capacity 616K, committed 640K, reserved 1048576K
GC Heap History (10 events):
Event: 15.101 GC heap after
Heap after GC invocations=19 (full 3):
 PSYoungGen      total 710144K, used 134138K [0x000000076ab00000, 0x00000007a3e80000, 0x00000007c0000000)
  eden space 576000K, 0% used [0x000000076ab00000,0x000000076ab00000,0x000000078dd80000)
  from space 134144K, 99% used [0x0000000797b80000,0x000000079fe7e950,0x000000079fe80000)
  to   space 161792K, 0% used [0x000000078dd80000,0x000000078dd80000,0x0000000797b80000)
 ParOldGen       total 435712K, used 353430K [0x00000006c0000000, 0x00000006da980000, 0x000000076ab00000)
  object space 435712K, 81% used [0x00000006c0000000,0x00000006d5925a80,0x00000006da980000)
 Metaspace       used 6378K, capacity 7280K, committed 7552K, reserved 1056768K
  class space    used 583K, capacity 616K, committed 640K, reserved 1048576K
}
Event: 16.343 GC heap before
{Heap before GC invocations=20 (full 3):
 PSYoungGen      total 710144K, used 710138K [0x000000076ab00000, 0x00000007a3e80000, 0x00000007c0000000)
  eden space 576000K, 100% used [0x000000076ab00000,0x000000078dd80000,0x000000078dd80000)
  from space 134144K, 99% used [0x0000000797b80000,0x000000079fe7e950,0x000000079fe80000)
  to   space 161792K, 0% used [0x000000078dd80000,0x000000078dd80000,0x0000000797b80000)
 ParOldGen       total 435712K, used 353430K [0x00000006c0000000, 0x00000006da980000, 0x000000076ab00000)
  object space 435712K, 81% used [0x00000006c0000000,0x00000006d5925a80,0x00000006da980000)
 Metaspace       used 6378K, capacity 7280K, committed 7552K, reserved 1056768K
  class space    used 583K, capacity 616K, committed 640K, reserved 1048576K
Event: 16.580 GC heap after
Heap after GC invocations=20 (full 3):
 PSYoungGen      total 737792K, used 88271K [0x000000076ab00000, 0x00000007a6d80000, 0x00000007c0000000)
  eden space 576000K, 0% used [0x000000076ab00000,0x000000076ab00000,0x000000078dd80000)
  from space 161792K, 54% used [0x000000078dd80000,0x00000007933b3c80,0x0000000797b80000)
  to   space 162304K, 0% used [0x000000079cf00000,0x000000079cf00000,0x00000007a6d80000)
 ParOldGen       total 487936K, used 487410K [0x00000006c0000000, 0x00000006ddc80000, 0x000000076ab00000)
  object space 487936K, 99% used [0x00000006c0000000,0x00000006ddbfc8f0,0x00000006ddc80000)
 Metaspace       used 6378K, capacity 7280K, committed 7552K, reserved 1056768K
  class space    used 583K, capacity 616K, committed 640K, reserved 1048576K
}
Event: 16.580 GC heap before
{Heap before GC invocations=21 (full 4):
 PSYoungGen      total 737792K, used 88271K [0x000000076ab00000, 0x00000007a6d80000, 0x00000007c0000000)
  eden space 576000K, 0% used [0x000000076ab00000,0x000000076ab00000,0x000000078dd80000)
  from space 161792K, 54% used [0x000000078dd80000,0x00000007933b3c80,0x0000000797b80000)
  to   space 162304K, 0% used [0x000000079cf00000,0x000000079cf00000,0x00000007a6d80000)
 ParOldGen       total 487936K, used 487410K [0x00000006c0000000, 0x00000006ddc80000, 0x000000076ab00000)
  object space 487936K, 99% used [0x00000006c0000000,0x00000006ddbfc8f0,0x00000006ddc80000)
 Metaspace       used 6378K, capacity 7280K, committed 7552K, reserved 1056768K
  class space    used 583K, capacity 616K, committed 640K, reserved 1048576K
Event: 18.931 GC heap after
Heap after GC invocations=21 (full 4):
 PSYoungGen      total 737792K, used 79393K [0x000000076ab00000, 0x00000007a6d80000, 0x00000007c0000000)
  eden space 576000K, 0% used [0x000000076ab00000,0x000000076ab00000,0x000000078dd80000)
  from space 161792K, 49% used [0x000000078dd80000,0x0000000792b08538,0x0000000797b80000)
  to   space 162304K, 0% used [0x000000079cf00000,0x000000079cf00000,0x00000007a6d80000)
 ParOldGen       total 747520K, used 487481K [0x00000006c0000000, 0x00000006eda00000, 0x000000076ab00000)
  object space 747520K, 65% used [0x00000006c0000000,0x00000006ddc0e670,0x00000006eda00000)
 Metaspace       used 6378K, capacity 7280K, committed 7552K, reserved 1056768K
  class space    used 583K, capacity 616K, committed 640K, reserved 1048576K
}
Event: 20.203 GC heap before
{Heap before GC invocations=22 (full 4):
 PSYoungGen      total 737792K, used 655393K [0x000000076ab00000, 0x00000007a6d80000, 0x00000007c0000000)
  eden space 576000K, 100% used [0x000000076ab00000,0x000000078dd80000,0x000000078dd80000)
  from space 161792K, 49% used [0x000000078dd80000,0x0000000792b08538,0x0000000797b80000)
  to   space 162304K, 0% used [0x000000079cf00000,0x000000079cf00000,0x00000007a6d80000)
 ParOldGen       total 747520K, used 487481K [0x00000006c0000000, 0x00000006eda00000, 0x000000076ab00000)
  object space 747520K, 65% used [0x00000006c0000000,0x00000006ddc0e670,0x00000006eda00000)
 Metaspace       used 6391K, capacity 7280K, committed 7552K, reserved 1056768K
  class space    used 584K, capacity 616K, committed 640K, reserved 1048576K
Event: 20.484 GC heap after
Heap after GC invocations=22 (full 4):
 PSYoungGen      total 795136K, used 162289K [0x000000076ab00000, 0x00000007a9780000, 0x00000007c0000000)
  eden space 632832K, 0% used [0x000000076ab00000,0x000000076ab00000,0x0000000791500000)
  from space 162304K, 99% used [0x000000079cf00000,0x00000007a6d7c5b0,0x00000007a6d80000)
  to   space 190464K, 0% used [0x0000000791500000,0x0000000791500000,0x000000079cf00000)
 ParOldGen       total 747520K, used 489961K [0x00000006c0000000, 0x00000006eda00000, 0x000000076ab00000)
  object space 747520K, 65% used [0x00000006c0000000,0x00000006dde7a400,0x00000006eda00000)
 Metaspace       used 6391K, capacity 7280K, committed 7552K, reserved 1056768K
  class space    used 584K, capacity 616K, committed 640K, reserved 1048576K
}
Event: 22.283 GC heap before
{Heap before GC invocations=23 (full 4):
 PSYoungGen      total 795136K, used 795121K [0x000000076ab00000, 0x00000007a9780000, 0x00000007c0000000)
  eden space 632832K, 100% used [0x000000076ab00000,0x0000000791500000,0x0000000791500000)
  from space 162304K, 99% used [0x000000079cf00000,0x00000007a6d7c5b0,0x00000007a6d80000)
  to   space 190464K, 0% used [0x0000000791500000,0x0000000791500000,0x000000079cf00000)
 ParOldGen       total 747520K, used 489961K [0x00000006c0000000, 0x00000006eda00000, 0x000000076ab00000)
  object space 747520K, 65% used [0x00000006c0000000,0x00000006dde7a400,0x00000006eda00000)
 Metaspace       used 6436K, capacity 7280K, committed 7552K, reserved 1056768K
  class space    used 588K, capacity 616K, committed 640K, reserved 1048576K
Event: 22.636 GC heap after
Heap after GC invocations=23 (full 4):
 PSYoungGen      total 823296K, used 101518K [0x000000076ab00000, 0x00000007ad980000, 0x00000007c0000000)
  eden space 632832K, 0% used [0x000000076ab00000,0x000000076ab00000,0x0000000791500000)
  from space 190464K, 53% used [0x0000000791500000,0x00000007978238a0,0x000000079cf00000)
  to   space 189440K, 0% used [0x00000007a2080000,0x00000007a2080000,0x00000007ad980000)
 ParOldGen       total 747520K, used 652173K [0x00000006c0000000, 0x00000006eda00000, 0x000000076ab00000)
  object space 747520K, 87% used [0x00000006c0000000,0x00000006e7ce36d0,0x00000006eda00000)
 Metaspace       used 6436K, capacity 7280K, committed 7552K, reserved 1056768K
  class space    used 588K, capacity 616K, committed 640K, reserved 1048576K
}
Event: 22.850 GC heap before
{Heap before GC invocations=24 (full 5):
 PSYoungGen      total 823296K, used 101518K [0x000000076ab00000, 0x00000007ad980000, 0x00000007c0000000)
  eden space 632832K, 0% used [0x000000076ab00000,0x000000076ab00000,0x0000000791500000)
  from space 190464K, 53% used [0x0000000791500000,0x00000007978238a0,0x000000079cf00000)
  to   space 189440K, 0% used [0x00000007a2080000,0x00000007a2080000,0x00000007ad980000)
 ParOldGen       total 747520K, used 652173K [0x00000006c0000000, 0x00000006eda00000, 0x000000076ab00000)
  object space 747520K, 87% used [0x00000006c0000000,0x00000006e7ce36d0,0x00000006eda00000)
 Metaspace       used 6436K, capacity 7280K, committed 7552K, reserved 1056768K
  class space    used 588K, capacity 616K, committed 640K, reserved 1048576K

